The system is: Darwin - 17.2.0 - x86_64
Compiling the C compiler identification source file "CMakeCCompilerId.c" succeeded.
Compiler: /Library/Developer/CommandLineTools/usr/bin/cc 
Build flags: 
Id flags:  

The output was:
0


Compilation of the C compiler identification source "CMakeCCompilerId.c" produced "a.out"

The C compiler identification is AppleClang, found in "/Users/mihikadave/Documents/CS510_MP/meta/cmake-build-debug/CMakeFiles/3.9.4/CompilerIdC/a.out"

Compiling the CXX compiler identification source file "CMakeCXXCompilerId.cpp" succeeded.
Compiler: /Library/Developer/CommandLineTools/usr/bin/c++ 
Build flags: 
Id flags:  

The output was:
0


Compilation of the CXX compiler identification source "CMakeCXXCompilerId.cpp" produced "a.out"

The CXX compiler identification is AppleClang, found in "/Users/mihikadave/Documents/CS510_MP/meta/cmake-build-debug/CMakeFiles/3.9.4/CompilerIdCXX/a.out"

Determining if the C compiler works passed with the following output:
Change Dir: /Users/mihikadave/Documents/CS510_MP/meta/cmake-build-debug/CMakeFiles/CMakeTmp

Run Build Command:"/usr/bin/make" "cmTC_cee6c/fast"
/Library/Developer/CommandLineTools/usr/bin/make -f CMakeFiles/cmTC_cee6c.dir/build.make CMakeFiles/cmTC_cee6c.dir/build
Building C object CMakeFiles/cmTC_cee6c.dir/testCCompiler.c.o
/Library/Developer/CommandLineTools/usr/bin/cc    -o CMakeFiles/cmTC_cee6c.dir/testCCompiler.c.o   -c /Users/mihikadave/Documents/CS510_MP/meta/cmake-build-debug/CMakeFiles/CMakeTmp/testCCompiler.c
Linking C executable cmTC_cee6c
/Applications/CLion.app/Contents/bin/cmake/bin/cmake -E cmake_link_script CMakeFiles/cmTC_cee6c.dir/link.txt --verbose=1
/Library/Developer/CommandLineTools/usr/bin/cc   -Wl,-search_paths_first -Wl,-headerpad_max_install_names   CMakeFiles/cmTC_cee6c.dir/testCCompiler.c.o  -o cmTC_cee6c 


Detecting C compiler ABI info compiled with the following output:
Change Dir: /Users/mihikadave/Documents/CS510_MP/meta/cmake-build-debug/CMakeFiles/CMakeTmp

Run Build Command:"/usr/bin/make" "cmTC_ecef8/fast"
/Library/Developer/CommandLineTools/usr/bin/make -f CMakeFiles/cmTC_ecef8.dir/build.make CMakeFiles/cmTC_ecef8.dir/build
Building C object CMakeFiles/cmTC_ecef8.dir/CMakeCCompilerABI.c.o
/Library/Developer/CommandLineTools/usr/bin/cc    -o CMakeFiles/cmTC_ecef8.dir/CMakeCCompilerABI.c.o   -c /Applications/CLion.app/Contents/bin/cmake/share/cmake-3.9/Modules/CMakeCCompilerABI.c
Linking C executable cmTC_ecef8
/Applications/CLion.app/Contents/bin/cmake/bin/cmake -E cmake_link_script CMakeFiles/cmTC_ecef8.dir/link.txt --verbose=1
/Library/Developer/CommandLineTools/usr/bin/cc   -Wl,-search_paths_first -Wl,-headerpad_max_install_names  -v -Wl,-v CMakeFiles/cmTC_ecef8.dir/CMakeCCompilerABI.c.o  -o cmTC_ecef8 
Apple LLVM version 9.0.0 (clang-900.0.38)
Target: x86_64-apple-darwin17.2.0
Thread model: posix
InstalledDir: /Library/Developer/CommandLineTools/usr/bin
 "/Library/Developer/CommandLineTools/usr/bin/ld" -demangle -lto_library /Library/Developer/CommandLineTools/usr/lib/libLTO.dylib -dynamic -arch x86_64 -macosx_version_min 10.13.0 -o cmTC_ecef8 -search_paths_first -headerpad_max_install_names -v CMakeFiles/cmTC_ecef8.dir/CMakeCCompilerABI.c.o -lSystem /Library/Developer/CommandLineTools/usr/lib/clang/9.0.0/lib/darwin/libclang_rt.osx.a
@(#)PROGRAM:ld  PROJECT:ld64-302.3.1
configured to support archs: armv6 armv7 armv7s arm64 i386 x86_64 x86_64h armv6m armv7k armv7m armv7em (tvOS)
Library search paths:
	/usr/lib
	/usr/local/lib
Framework search paths:
	/Library/Frameworks/
	/System/Library/Frameworks/


Parsed C implicit link information from above output:
  link line regex: [^( *|.*[/\])(ld|CMAKE_LINK_STARTFILE-NOTFOUND|([^/\]+-)?ld|collect2)[^/\]*( |$)]
  ignore line: [Change Dir: /Users/mihikadave/Documents/CS510_MP/meta/cmake-build-debug/CMakeFiles/CMakeTmp]
  ignore line: []
  ignore line: [Run Build Command:"/usr/bin/make" "cmTC_ecef8/fast"]
  ignore line: [/Library/Developer/CommandLineTools/usr/bin/make -f CMakeFiles/cmTC_ecef8.dir/build.make CMakeFiles/cmTC_ecef8.dir/build]
  ignore line: [Building C object CMakeFiles/cmTC_ecef8.dir/CMakeCCompilerABI.c.o]
  ignore line: [/Library/Developer/CommandLineTools/usr/bin/cc    -o CMakeFiles/cmTC_ecef8.dir/CMakeCCompilerABI.c.o   -c /Applications/CLion.app/Contents/bin/cmake/share/cmake-3.9/Modules/CMakeCCompilerABI.c]
  ignore line: [Linking C executable cmTC_ecef8]
  ignore line: [/Applications/CLion.app/Contents/bin/cmake/bin/cmake -E cmake_link_script CMakeFiles/cmTC_ecef8.dir/link.txt --verbose=1]
  ignore line: [/Library/Developer/CommandLineTools/usr/bin/cc   -Wl,-search_paths_first -Wl,-headerpad_max_install_names  -v -Wl,-v CMakeFiles/cmTC_ecef8.dir/CMakeCCompilerABI.c.o  -o cmTC_ecef8 ]
  ignore line: [Apple LLVM version 9.0.0 (clang-900.0.38)]
  ignore line: [Target: x86_64-apple-darwin17.2.0]
  ignore line: [Thread model: posix]
  ignore line: [InstalledDir: /Library/Developer/CommandLineTools/usr/bin]
  link line: [ "/Library/Developer/CommandLineTools/usr/bin/ld" -demangle -lto_library /Library/Developer/CommandLineTools/usr/lib/libLTO.dylib -dynamic -arch x86_64 -macosx_version_min 10.13.0 -o cmTC_ecef8 -search_paths_first -headerpad_max_install_names -v CMakeFiles/cmTC_ecef8.dir/CMakeCCompilerABI.c.o -lSystem /Library/Developer/CommandLineTools/usr/lib/clang/9.0.0/lib/darwin/libclang_rt.osx.a]
    arg [/Library/Developer/CommandLineTools/usr/bin/ld] ==> ignore
    arg [-demangle] ==> ignore
    arg [-lto_library] ==> ignore, skip following value
    arg [/Library/Developer/CommandLineTools/usr/lib/libLTO.dylib] ==> skip value of -lto_library
    arg [-dynamic] ==> ignore
    arg [-arch] ==> ignore
    arg [x86_64] ==> ignore
    arg [-macosx_version_min] ==> ignore
    arg [10.13.0] ==> ignore
    arg [-o] ==> ignore
    arg [cmTC_ecef8] ==> ignore
    arg [-search_paths_first] ==> ignore
    arg [-headerpad_max_install_names] ==> ignore
    arg [-v] ==> ignore
    arg [CMakeFiles/cmTC_ecef8.dir/CMakeCCompilerABI.c.o] ==> ignore
    arg [-lSystem] ==> lib [System]
    arg [/Library/Developer/CommandLineTools/usr/lib/clang/9.0.0/lib/darwin/libclang_rt.osx.a] ==> lib [/Library/Developer/CommandLineTools/usr/lib/clang/9.0.0/lib/darwin/libclang_rt.osx.a]
  Library search paths: [;/usr/lib;/usr/local/lib]
  Framework search paths: [;/Library/Frameworks/;/System/Library/Frameworks/]
  remove lib [System]
  remove lib [/Library/Developer/CommandLineTools/usr/lib/clang/9.0.0/lib/darwin/libclang_rt.osx.a]
  collapse library dir [/usr/lib] ==> [/usr/lib]
  collapse library dir [/usr/local/lib] ==> [/usr/local/lib]
  collapse framework dir [/Library/Frameworks/] ==> [/Library/Frameworks]
  collapse framework dir [/System/Library/Frameworks/] ==> [/System/Library/Frameworks]
  implicit libs: []
  implicit dirs: [/usr/lib;/usr/local/lib]
  implicit fwks: [/Library/Frameworks;/System/Library/Frameworks]




Detecting C [-std=c11] compiler features compiled with the following output:
Change Dir: /Users/mihikadave/Documents/CS510_MP/meta/cmake-build-debug/CMakeFiles/CMakeTmp

Run Build Command:"/usr/bin/make" "cmTC_7dad4/fast"
/Library/Developer/CommandLineTools/usr/bin/make -f CMakeFiles/cmTC_7dad4.dir/build.make CMakeFiles/cmTC_7dad4.dir/build
Building C object CMakeFiles/cmTC_7dad4.dir/feature_tests.c.o
/Library/Developer/CommandLineTools/usr/bin/cc   -std=c11 -o CMakeFiles/cmTC_7dad4.dir/feature_tests.c.o   -c /Users/mihikadave/Documents/CS510_MP/meta/cmake-build-debug/CMakeFiles/feature_tests.c
Linking C executable cmTC_7dad4
/Applications/CLion.app/Contents/bin/cmake/bin/cmake -E cmake_link_script CMakeFiles/cmTC_7dad4.dir/link.txt --verbose=1
/Library/Developer/CommandLineTools/usr/bin/cc   -Wl,-search_paths_first -Wl,-headerpad_max_install_names   CMakeFiles/cmTC_7dad4.dir/feature_tests.c.o  -o cmTC_7dad4 


    Feature record: C_FEATURE:1c_function_prototypes
    Feature record: C_FEATURE:1c_restrict
    Feature record: C_FEATURE:1c_static_assert
    Feature record: C_FEATURE:1c_variadic_macros


Detecting C [-std=c99] compiler features compiled with the following output:
Change Dir: /Users/mihikadave/Documents/CS510_MP/meta/cmake-build-debug/CMakeFiles/CMakeTmp

Run Build Command:"/usr/bin/make" "cmTC_b93a0/fast"
/Library/Developer/CommandLineTools/usr/bin/make -f CMakeFiles/cmTC_b93a0.dir/build.make CMakeFiles/cmTC_b93a0.dir/build
Building C object CMakeFiles/cmTC_b93a0.dir/feature_tests.c.o
/Library/Developer/CommandLineTools/usr/bin/cc   -std=c99 -o CMakeFiles/cmTC_b93a0.dir/feature_tests.c.o   -c /Users/mihikadave/Documents/CS510_MP/meta/cmake-build-debug/CMakeFiles/feature_tests.c
Linking C executable cmTC_b93a0
/Applications/CLion.app/Contents/bin/cmake/bin/cmake -E cmake_link_script CMakeFiles/cmTC_b93a0.dir/link.txt --verbose=1
/Library/Developer/CommandLineTools/usr/bin/cc   -Wl,-search_paths_first -Wl,-headerpad_max_install_names   CMakeFiles/cmTC_b93a0.dir/feature_tests.c.o  -o cmTC_b93a0 


    Feature record: C_FEATURE:1c_function_prototypes
    Feature record: C_FEATURE:1c_restrict
    Feature record: C_FEATURE:0c_static_assert
    Feature record: C_FEATURE:1c_variadic_macros


Detecting C [-std=c90] compiler features compiled with the following output:
Change Dir: /Users/mihikadave/Documents/CS510_MP/meta/cmake-build-debug/CMakeFiles/CMakeTmp

Run Build Command:"/usr/bin/make" "cmTC_fd91f/fast"
/Library/Developer/CommandLineTools/usr/bin/make -f CMakeFiles/cmTC_fd91f.dir/build.make CMakeFiles/cmTC_fd91f.dir/build
Building C object CMakeFiles/cmTC_fd91f.dir/feature_tests.c.o
/Library/Developer/CommandLineTools/usr/bin/cc   -std=c90 -o CMakeFiles/cmTC_fd91f.dir/feature_tests.c.o   -c /Users/mihikadave/Documents/CS510_MP/meta/cmake-build-debug/CMakeFiles/feature_tests.c
Linking C executable cmTC_fd91f
/Applications/CLion.app/Contents/bin/cmake/bin/cmake -E cmake_link_script CMakeFiles/cmTC_fd91f.dir/link.txt --verbose=1
/Library/Developer/CommandLineTools/usr/bin/cc   -Wl,-search_paths_first -Wl,-headerpad_max_install_names   CMakeFiles/cmTC_fd91f.dir/feature_tests.c.o  -o cmTC_fd91f 


    Feature record: C_FEATURE:1c_function_prototypes
    Feature record: C_FEATURE:0c_restrict
    Feature record: C_FEATURE:0c_static_assert
    Feature record: C_FEATURE:0c_variadic_macros
Determining if the CXX compiler works passed with the following output:
Change Dir: /Users/mihikadave/Documents/CS510_MP/meta/cmake-build-debug/CMakeFiles/CMakeTmp

Run Build Command:"/usr/bin/make" "cmTC_31708/fast"
/Library/Developer/CommandLineTools/usr/bin/make -f CMakeFiles/cmTC_31708.dir/build.make CMakeFiles/cmTC_31708.dir/build
Building CXX object CMakeFiles/cmTC_31708.dir/testCXXCompiler.cxx.o
/Library/Developer/CommandLineTools/usr/bin/c++     -o CMakeFiles/cmTC_31708.dir/testCXXCompiler.cxx.o -c /Users/mihikadave/Documents/CS510_MP/meta/cmake-build-debug/CMakeFiles/CMakeTmp/testCXXCompiler.cxx
Linking CXX executable cmTC_31708
/Applications/CLion.app/Contents/bin/cmake/bin/cmake -E cmake_link_script CMakeFiles/cmTC_31708.dir/link.txt --verbose=1
/Library/Developer/CommandLineTools/usr/bin/c++    -Wl,-search_paths_first -Wl,-headerpad_max_install_names   CMakeFiles/cmTC_31708.dir/testCXXCompiler.cxx.o  -o cmTC_31708 


Detecting CXX compiler ABI info compiled with the following output:
Change Dir: /Users/mihikadave/Documents/CS510_MP/meta/cmake-build-debug/CMakeFiles/CMakeTmp

Run Build Command:"/usr/bin/make" "cmTC_17e19/fast"
/Library/Developer/CommandLineTools/usr/bin/make -f CMakeFiles/cmTC_17e19.dir/build.make CMakeFiles/cmTC_17e19.dir/build
Building CXX object CMakeFiles/cmTC_17e19.dir/CMakeCXXCompilerABI.cpp.o
/Library/Developer/CommandLineTools/usr/bin/c++     -o CMakeFiles/cmTC_17e19.dir/CMakeCXXCompilerABI.cpp.o -c /Applications/CLion.app/Contents/bin/cmake/share/cmake-3.9/Modules/CMakeCXXCompilerABI.cpp
Linking CXX executable cmTC_17e19
/Applications/CLion.app/Contents/bin/cmake/bin/cmake -E cmake_link_script CMakeFiles/cmTC_17e19.dir/link.txt --verbose=1
/Library/Developer/CommandLineTools/usr/bin/c++    -Wl,-search_paths_first -Wl,-headerpad_max_install_names  -v -Wl,-v CMakeFiles/cmTC_17e19.dir/CMakeCXXCompilerABI.cpp.o  -o cmTC_17e19 
Apple LLVM version 9.0.0 (clang-900.0.38)
Target: x86_64-apple-darwin17.2.0
Thread model: posix
InstalledDir: /Library/Developer/CommandLineTools/usr/bin
 "/Library/Developer/CommandLineTools/usr/bin/ld" -demangle -lto_library /Library/Developer/CommandLineTools/usr/lib/libLTO.dylib -dynamic -arch x86_64 -macosx_version_min 10.13.0 -o cmTC_17e19 -search_paths_first -headerpad_max_install_names -v CMakeFiles/cmTC_17e19.dir/CMakeCXXCompilerABI.cpp.o -lc++ -lSystem /Library/Developer/CommandLineTools/usr/lib/clang/9.0.0/lib/darwin/libclang_rt.osx.a
@(#)PROGRAM:ld  PROJECT:ld64-302.3.1
configured to support archs: armv6 armv7 armv7s arm64 i386 x86_64 x86_64h armv6m armv7k armv7m armv7em (tvOS)
Library search paths:
	/usr/lib
	/usr/local/lib
Framework search paths:
	/Library/Frameworks/
	/System/Library/Frameworks/


Parsed CXX implicit link information from above output:
  link line regex: [^( *|.*[/\])(ld|CMAKE_LINK_STARTFILE-NOTFOUND|([^/\]+-)?ld|collect2)[^/\]*( |$)]
  ignore line: [Change Dir: /Users/mihikadave/Documents/CS510_MP/meta/cmake-build-debug/CMakeFiles/CMakeTmp]
  ignore line: []
  ignore line: [Run Build Command:"/usr/bin/make" "cmTC_17e19/fast"]
  ignore line: [/Library/Developer/CommandLineTools/usr/bin/make -f CMakeFiles/cmTC_17e19.dir/build.make CMakeFiles/cmTC_17e19.dir/build]
  ignore line: [Building CXX object CMakeFiles/cmTC_17e19.dir/CMakeCXXCompilerABI.cpp.o]
  ignore line: [/Library/Developer/CommandLineTools/usr/bin/c++     -o CMakeFiles/cmTC_17e19.dir/CMakeCXXCompilerABI.cpp.o -c /Applications/CLion.app/Contents/bin/cmake/share/cmake-3.9/Modules/CMakeCXXCompilerABI.cpp]
  ignore line: [Linking CXX executable cmTC_17e19]
  ignore line: [/Applications/CLion.app/Contents/bin/cmake/bin/cmake -E cmake_link_script CMakeFiles/cmTC_17e19.dir/link.txt --verbose=1]
  ignore line: [/Library/Developer/CommandLineTools/usr/bin/c++    -Wl,-search_paths_first -Wl,-headerpad_max_install_names  -v -Wl,-v CMakeFiles/cmTC_17e19.dir/CMakeCXXCompilerABI.cpp.o  -o cmTC_17e19 ]
  ignore line: [Apple LLVM version 9.0.0 (clang-900.0.38)]
  ignore line: [Target: x86_64-apple-darwin17.2.0]
  ignore line: [Thread model: posix]
  ignore line: [InstalledDir: /Library/Developer/CommandLineTools/usr/bin]
  link line: [ "/Library/Developer/CommandLineTools/usr/bin/ld" -demangle -lto_library /Library/Developer/CommandLineTools/usr/lib/libLTO.dylib -dynamic -arch x86_64 -macosx_version_min 10.13.0 -o cmTC_17e19 -search_paths_first -headerpad_max_install_names -v CMakeFiles/cmTC_17e19.dir/CMakeCXXCompilerABI.cpp.o -lc++ -lSystem /Library/Developer/CommandLineTools/usr/lib/clang/9.0.0/lib/darwin/libclang_rt.osx.a]
    arg [/Library/Developer/CommandLineTools/usr/bin/ld] ==> ignore
    arg [-demangle] ==> ignore
    arg [-lto_library] ==> ignore, skip following value
    arg [/Library/Developer/CommandLineTools/usr/lib/libLTO.dylib] ==> skip value of -lto_library
    arg [-dynamic] ==> ignore
    arg [-arch] ==> ignore
    arg [x86_64] ==> ignore
    arg [-macosx_version_min] ==> ignore
    arg [10.13.0] ==> ignore
    arg [-o] ==> ignore
    arg [cmTC_17e19] ==> ignore
    arg [-search_paths_first] ==> ignore
    arg [-headerpad_max_install_names] ==> ignore
    arg [-v] ==> ignore
    arg [CMakeFiles/cmTC_17e19.dir/CMakeCXXCompilerABI.cpp.o] ==> ignore
    arg [-lc++] ==> lib [c++]
    arg [-lSystem] ==> lib [System]
    arg [/Library/Developer/CommandLineTools/usr/lib/clang/9.0.0/lib/darwin/libclang_rt.osx.a] ==> lib [/Library/Developer/CommandLineTools/usr/lib/clang/9.0.0/lib/darwin/libclang_rt.osx.a]
  Library search paths: [;/usr/lib;/usr/local/lib]
  Framework search paths: [;/Library/Frameworks/;/System/Library/Frameworks/]
  remove lib [System]
  remove lib [/Library/Developer/CommandLineTools/usr/lib/clang/9.0.0/lib/darwin/libclang_rt.osx.a]
  collapse library dir [/usr/lib] ==> [/usr/lib]
  collapse library dir [/usr/local/lib] ==> [/usr/local/lib]
  collapse framework dir [/Library/Frameworks/] ==> [/Library/Frameworks]
  collapse framework dir [/System/Library/Frameworks/] ==> [/System/Library/Frameworks]
  implicit libs: [c++]
  implicit dirs: [/usr/lib;/usr/local/lib]
  implicit fwks: [/Library/Frameworks;/System/Library/Frameworks]




Detecting CXX [-std=c++1z] compiler features compiled with the following output:
Change Dir: /Users/mihikadave/Documents/CS510_MP/meta/cmake-build-debug/CMakeFiles/CMakeTmp

Run Build Command:"/usr/bin/make" "cmTC_4cae2/fast"
/Library/Developer/CommandLineTools/usr/bin/make -f CMakeFiles/cmTC_4cae2.dir/build.make CMakeFiles/cmTC_4cae2.dir/build
Building CXX object CMakeFiles/cmTC_4cae2.dir/feature_tests.cxx.o
/Library/Developer/CommandLineTools/usr/bin/c++    -std=c++1z -o CMakeFiles/cmTC_4cae2.dir/feature_tests.cxx.o -c /Users/mihikadave/Documents/CS510_MP/meta/cmake-build-debug/CMakeFiles/feature_tests.cxx
Linking CXX executable cmTC_4cae2
/Applications/CLion.app/Contents/bin/cmake/bin/cmake -E cmake_link_script CMakeFiles/cmTC_4cae2.dir/link.txt --verbose=1
/Library/Developer/CommandLineTools/usr/bin/c++    -Wl,-search_paths_first -Wl,-headerpad_max_install_names   CMakeFiles/cmTC_4cae2.dir/feature_tests.cxx.o  -o cmTC_4cae2 


    Feature record: CXX_FEATURE:1cxx_aggregate_default_initializers
    Feature record: CXX_FEATURE:1cxx_alias_templates
    Feature record: CXX_FEATURE:1cxx_alignas
    Feature record: CXX_FEATURE:1cxx_alignof
    Feature record: CXX_FEATURE:1cxx_attributes
    Feature record: CXX_FEATURE:1cxx_attribute_deprecated
    Feature record: CXX_FEATURE:1cxx_auto_type
    Feature record: CXX_FEATURE:1cxx_binary_literals
    Feature record: CXX_FEATURE:1cxx_constexpr
    Feature record: CXX_FEATURE:1cxx_contextual_conversions
    Feature record: CXX_FEATURE:1cxx_decltype
    Feature record: CXX_FEATURE:1cxx_decltype_auto
    Feature record: CXX_FEATURE:1cxx_decltype_incomplete_return_types
    Feature record: CXX_FEATURE:1cxx_default_function_template_args
    Feature record: CXX_FEATURE:1cxx_defaulted_functions
    Feature record: CXX_FEATURE:1cxx_defaulted_move_initializers
    Feature record: CXX_FEATURE:1cxx_delegating_constructors
    Feature record: CXX_FEATURE:1cxx_deleted_functions
    Feature record: CXX_FEATURE:1cxx_digit_separators
    Feature record: CXX_FEATURE:1cxx_enum_forward_declarations
    Feature record: CXX_FEATURE:1cxx_explicit_conversions
    Feature record: CXX_FEATURE:1cxx_extended_friend_declarations
    Feature record: CXX_FEATURE:1cxx_extern_templates
    Feature record: CXX_FEATURE:1cxx_final
    Feature record: CXX_FEATURE:1cxx_func_identifier
    Feature record: CXX_FEATURE:1cxx_generalized_initializers
    Feature record: CXX_FEATURE:1cxx_generic_lambdas
    Feature record: CXX_FEATURE:1cxx_inheriting_constructors
    Feature record: CXX_FEATURE:1cxx_inline_namespaces
    Feature record: CXX_FEATURE:1cxx_lambdas
    Feature record: CXX_FEATURE:1cxx_lambda_init_captures
    Feature record: CXX_FEATURE:1cxx_local_type_template_args
    Feature record: CXX_FEATURE:1cxx_long_long_type
    Feature record: CXX_FEATURE:1cxx_noexcept
    Feature record: CXX_FEATURE:1cxx_nonstatic_member_init
    Feature record: CXX_FEATURE:1cxx_nullptr
    Feature record: CXX_FEATURE:1cxx_override
    Feature record: CXX_FEATURE:1cxx_range_for
    Feature record: CXX_FEATURE:1cxx_raw_string_literals
    Feature record: CXX_FEATURE:1cxx_reference_qualified_functions
    Feature record: CXX_FEATURE:1cxx_relaxed_constexpr
    Feature record: CXX_FEATURE:1cxx_return_type_deduction
    Feature record: CXX_FEATURE:1cxx_right_angle_brackets
    Feature record: CXX_FEATURE:1cxx_rvalue_references
    Feature record: CXX_FEATURE:1cxx_sizeof_member
    Feature record: CXX_FEATURE:1cxx_static_assert
    Feature record: CXX_FEATURE:1cxx_strong_enums
    Feature record: CXX_FEATURE:1cxx_template_template_parameters
    Feature record: CXX_FEATURE:1cxx_thread_local
    Feature record: CXX_FEATURE:1cxx_trailing_return_types
    Feature record: CXX_FEATURE:1cxx_unicode_literals
    Feature record: CXX_FEATURE:1cxx_uniform_initialization
    Feature record: CXX_FEATURE:1cxx_unrestricted_unions
    Feature record: CXX_FEATURE:1cxx_user_literals
    Feature record: CXX_FEATURE:1cxx_variable_templates
    Feature record: CXX_FEATURE:1cxx_variadic_macros
    Feature record: CXX_FEATURE:1cxx_variadic_templates


Detecting CXX [-std=c++14] compiler features compiled with the following output:
Change Dir: /Users/mihikadave/Documents/CS510_MP/meta/cmake-build-debug/CMakeFiles/CMakeTmp

Run Build Command:"/usr/bin/make" "cmTC_57dfd/fast"
/Library/Developer/CommandLineTools/usr/bin/make -f CMakeFiles/cmTC_57dfd.dir/build.make CMakeFiles/cmTC_57dfd.dir/build
Building CXX object CMakeFiles/cmTC_57dfd.dir/feature_tests.cxx.o
/Library/Developer/CommandLineTools/usr/bin/c++    -std=c++14 -o CMakeFiles/cmTC_57dfd.dir/feature_tests.cxx.o -c /Users/mihikadave/Documents/CS510_MP/meta/cmake-build-debug/CMakeFiles/feature_tests.cxx
Linking CXX executable cmTC_57dfd
/Applications/CLion.app/Contents/bin/cmake/bin/cmake -E cmake_link_script CMakeFiles/cmTC_57dfd.dir/link.txt --verbose=1
/Library/Developer/CommandLineTools/usr/bin/c++    -Wl,-search_paths_first -Wl,-headerpad_max_install_names   CMakeFiles/cmTC_57dfd.dir/feature_tests.cxx.o  -o cmTC_57dfd 


    Feature record: CXX_FEATURE:1cxx_aggregate_default_initializers
    Feature record: CXX_FEATURE:1cxx_alias_templates
    Feature record: CXX_FEATURE:1cxx_alignas
    Feature record: CXX_FEATURE:1cxx_alignof
    Feature record: CXX_FEATURE:1cxx_attributes
    Feature record: CXX_FEATURE:1cxx_attribute_deprecated
    Feature record: CXX_FEATURE:1cxx_auto_type
    Feature record: CXX_FEATURE:1cxx_binary_literals
    Feature record: CXX_FEATURE:1cxx_constexpr
    Feature record: CXX_FEATURE:1cxx_contextual_conversions
    Feature record: CXX_FEATURE:1cxx_decltype
    Feature record: CXX_FEATURE:1cxx_decltype_auto
    Feature record: CXX_FEATURE:1cxx_decltype_incomplete_return_types
    Feature record: CXX_FEATURE:1cxx_default_function_template_args
    Feature record: CXX_FEATURE:1cxx_defaulted_functions
    Feature record: CXX_FEATURE:1cxx_defaulted_move_initializers
    Feature record: CXX_FEATURE:1cxx_delegating_constructors
    Feature record: CXX_FEATURE:1cxx_deleted_functions
    Feature record: CXX_FEATURE:1cxx_digit_separators
    Feature record: CXX_FEATURE:1cxx_enum_forward_declarations
    Feature record: CXX_FEATURE:1cxx_explicit_conversions
    Feature record: CXX_FEATURE:1cxx_extended_friend_declarations
    Feature record: CXX_FEATURE:1cxx_extern_templates
    Feature record: CXX_FEATURE:1cxx_final
    Feature record: CXX_FEATURE:1cxx_func_identifier
    Feature record: CXX_FEATURE:1cxx_generalized_initializers
    Feature record: CXX_FEATURE:1cxx_generic_lambdas
    Feature record: CXX_FEATURE:1cxx_inheriting_constructors
    Feature record: CXX_FEATURE:1cxx_inline_namespaces
    Feature record: CXX_FEATURE:1cxx_lambdas
    Feature record: CXX_FEATURE:1cxx_lambda_init_captures
    Feature record: CXX_FEATURE:1cxx_local_type_template_args
    Feature record: CXX_FEATURE:1cxx_long_long_type
    Feature record: CXX_FEATURE:1cxx_noexcept
    Feature record: CXX_FEATURE:1cxx_nonstatic_member_init
    Feature record: CXX_FEATURE:1cxx_nullptr
    Feature record: CXX_FEATURE:1cxx_override
    Feature record: CXX_FEATURE:1cxx_range_for
    Feature record: CXX_FEATURE:1cxx_raw_string_literals
    Feature record: CXX_FEATURE:1cxx_reference_qualified_functions
    Feature record: CXX_FEATURE:1cxx_relaxed_constexpr
    Feature record: CXX_FEATURE:1cxx_return_type_deduction
    Feature record: CXX_FEATURE:1cxx_right_angle_brackets
    Feature record: CXX_FEATURE:1cxx_rvalue_references
    Feature record: CXX_FEATURE:1cxx_sizeof_member
    Feature record: CXX_FEATURE:1cxx_static_assert
    Feature record: CXX_FEATURE:1cxx_strong_enums
    Feature record: CXX_FEATURE:1cxx_template_template_parameters
    Feature record: CXX_FEATURE:1cxx_thread_local
    Feature record: CXX_FEATURE:1cxx_trailing_return_types
    Feature record: CXX_FEATURE:1cxx_unicode_literals
    Feature record: CXX_FEATURE:1cxx_uniform_initialization
    Feature record: CXX_FEATURE:1cxx_unrestricted_unions
    Feature record: CXX_FEATURE:1cxx_user_literals
    Feature record: CXX_FEATURE:1cxx_variable_templates
    Feature record: CXX_FEATURE:1cxx_variadic_macros
    Feature record: CXX_FEATURE:1cxx_variadic_templates


Detecting CXX [-std=c++11] compiler features compiled with the following output:
Change Dir: /Users/mihikadave/Documents/CS510_MP/meta/cmake-build-debug/CMakeFiles/CMakeTmp

Run Build Command:"/usr/bin/make" "cmTC_1db5c/fast"
/Library/Developer/CommandLineTools/usr/bin/make -f CMakeFiles/cmTC_1db5c.dir/build.make CMakeFiles/cmTC_1db5c.dir/build
Building CXX object CMakeFiles/cmTC_1db5c.dir/feature_tests.cxx.o
/Library/Developer/CommandLineTools/usr/bin/c++    -std=c++11 -o CMakeFiles/cmTC_1db5c.dir/feature_tests.cxx.o -c /Users/mihikadave/Documents/CS510_MP/meta/cmake-build-debug/CMakeFiles/feature_tests.cxx
Linking CXX executable cmTC_1db5c
/Applications/CLion.app/Contents/bin/cmake/bin/cmake -E cmake_link_script CMakeFiles/cmTC_1db5c.dir/link.txt --verbose=1
/Library/Developer/CommandLineTools/usr/bin/c++    -Wl,-search_paths_first -Wl,-headerpad_max_install_names   CMakeFiles/cmTC_1db5c.dir/feature_tests.cxx.o  -o cmTC_1db5c 


    Feature record: CXX_FEATURE:0cxx_aggregate_default_initializers
    Feature record: CXX_FEATURE:1cxx_alias_templates
    Feature record: CXX_FEATURE:1cxx_alignas
    Feature record: CXX_FEATURE:1cxx_alignof
    Feature record: CXX_FEATURE:1cxx_attributes
    Feature record: CXX_FEATURE:0cxx_attribute_deprecated
    Feature record: CXX_FEATURE:1cxx_auto_type
    Feature record: CXX_FEATURE:0cxx_binary_literals
    Feature record: CXX_FEATURE:1cxx_constexpr
    Feature record: CXX_FEATURE:0cxx_contextual_conversions
    Feature record: CXX_FEATURE:1cxx_decltype
    Feature record: CXX_FEATURE:0cxx_decltype_auto
    Feature record: CXX_FEATURE:1cxx_decltype_incomplete_return_types
    Feature record: CXX_FEATURE:1cxx_default_function_template_args
    Feature record: CXX_FEATURE:1cxx_defaulted_functions
    Feature record: CXX_FEATURE:1cxx_defaulted_move_initializers
    Feature record: CXX_FEATURE:1cxx_delegating_constructors
    Feature record: CXX_FEATURE:1cxx_deleted_functions
    Feature record: CXX_FEATURE:0cxx_digit_separators
    Feature record: CXX_FEATURE:1cxx_enum_forward_declarations
    Feature record: CXX_FEATURE:1cxx_explicit_conversions
    Feature record: CXX_FEATURE:1cxx_extended_friend_declarations
    Feature record: CXX_FEATURE:1cxx_extern_templates
    Feature record: CXX_FEATURE:1cxx_final
    Feature record: CXX_FEATURE:1cxx_func_identifier
    Feature record: CXX_FEATURE:1cxx_generalized_initializers
    Feature record: CXX_FEATURE:0cxx_generic_lambdas
    Feature record: CXX_FEATURE:1cxx_inheriting_constructors
    Feature record: CXX_FEATURE:1cxx_inline_namespaces
    Feature record: CXX_FEATURE:1cxx_lambdas
    Feature record: CXX_FEATURE:0cxx_lambda_init_captures
    Feature record: CXX_FEATURE:1cxx_local_type_template_args
    Feature record: CXX_FEATURE:1cxx_long_long_type
    Feature record: CXX_FEATURE:1cxx_noexcept
    Feature record: CXX_FEATURE:1cxx_nonstatic_member_init
    Feature record: CXX_FEATURE:1cxx_nullptr
    Feature record: CXX_FEATURE:1cxx_override
    Feature record: CXX_FEATURE:1cxx_range_for
    Feature record: CXX_FEATURE:1cxx_raw_string_literals
    Feature record: CXX_FEATURE:1cxx_reference_qualified_functions
    Feature record: CXX_FEATURE:0cxx_relaxed_constexpr
    Feature record: CXX_FEATURE:0cxx_return_type_deduction
    Feature record: CXX_FEATURE:1cxx_right_angle_brackets
    Feature record: CXX_FEATURE:1cxx_rvalue_references
    Feature record: CXX_FEATURE:1cxx_sizeof_member
    Feature record: CXX_FEATURE:1cxx_static_assert
    Feature record: CXX_FEATURE:1cxx_strong_enums
    Feature record: CXX_FEATURE:1cxx_template_template_parameters
    Feature record: CXX_FEATURE:1cxx_thread_local
    Feature record: CXX_FEATURE:1cxx_trailing_return_types
    Feature record: CXX_FEATURE:1cxx_unicode_literals
    Feature record: CXX_FEATURE:1cxx_uniform_initialization
    Feature record: CXX_FEATURE:1cxx_unrestricted_unions
    Feature record: CXX_FEATURE:1cxx_user_literals
    Feature record: CXX_FEATURE:0cxx_variable_templates
    Feature record: CXX_FEATURE:1cxx_variadic_macros
    Feature record: CXX_FEATURE:1cxx_variadic_templates


Detecting CXX [-std=c++98] compiler features compiled with the following output:
Change Dir: /Users/mihikadave/Documents/CS510_MP/meta/cmake-build-debug/CMakeFiles/CMakeTmp

Run Build Command:"/usr/bin/make" "cmTC_59056/fast"
/Library/Developer/CommandLineTools/usr/bin/make -f CMakeFiles/cmTC_59056.dir/build.make CMakeFiles/cmTC_59056.dir/build
Building CXX object CMakeFiles/cmTC_59056.dir/feature_tests.cxx.o
/Library/Developer/CommandLineTools/usr/bin/c++    -std=c++98 -o CMakeFiles/cmTC_59056.dir/feature_tests.cxx.o -c /Users/mihikadave/Documents/CS510_MP/meta/cmake-build-debug/CMakeFiles/feature_tests.cxx
Linking CXX executable cmTC_59056
/Applications/CLion.app/Contents/bin/cmake/bin/cmake -E cmake_link_script CMakeFiles/cmTC_59056.dir/link.txt --verbose=1
/Library/Developer/CommandLineTools/usr/bin/c++    -Wl,-search_paths_first -Wl,-headerpad_max_install_names   CMakeFiles/cmTC_59056.dir/feature_tests.cxx.o  -o cmTC_59056 


    Feature record: CXX_FEATURE:0cxx_aggregate_default_initializers
    Feature record: CXX_FEATURE:0cxx_alias_templates
    Feature record: CXX_FEATURE:0cxx_alignas
    Feature record: CXX_FEATURE:0cxx_alignof
    Feature record: CXX_FEATURE:0cxx_attributes
    Feature record: CXX_FEATURE:0cxx_attribute_deprecated
    Feature record: CXX_FEATURE:0cxx_auto_type
    Feature record: CXX_FEATURE:0cxx_binary_literals
    Feature record: CXX_FEATURE:0cxx_constexpr
    Feature record: CXX_FEATURE:0cxx_contextual_conversions
    Feature record: CXX_FEATURE:0cxx_decltype
    Feature record: CXX_FEATURE:0cxx_decltype_auto
    Feature record: CXX_FEATURE:0cxx_decltype_incomplete_return_types
    Feature record: CXX_FEATURE:0cxx_default_function_template_args
    Feature record: CXX_FEATURE:0cxx_defaulted_functions
    Feature record: CXX_FEATURE:0cxx_defaulted_move_initializers
    Feature record: CXX_FEATURE:0cxx_delegating_constructors
    Feature record: CXX_FEATURE:0cxx_deleted_functions
    Feature record: CXX_FEATURE:0cxx_digit_separators
    Feature record: CXX_FEATURE:0cxx_enum_forward_declarations
    Feature record: CXX_FEATURE:0cxx_explicit_conversions
    Feature record: CXX_FEATURE:0cxx_extended_friend_declarations
    Feature record: CXX_FEATURE:0cxx_extern_templates
    Feature record: CXX_FEATURE:0cxx_final
    Feature record: CXX_FEATURE:0cxx_func_identifier
    Feature record: CXX_FEATURE:0cxx_generalized_initializers
    Feature record: CXX_FEATURE:0cxx_generic_lambdas
    Feature record: CXX_FEATURE:0cxx_inheriting_constructors
    Feature record: CXX_FEATURE:0cxx_inline_namespaces
    Feature record: CXX_FEATURE:0cxx_lambdas
    Feature record: CXX_FEATURE:0cxx_lambda_init_captures
    Feature record: CXX_FEATURE:0cxx_local_type_template_args
    Feature record: CXX_FEATURE:0cxx_long_long_type
    Feature record: CXX_FEATURE:0cxx_noexcept
    Feature record: CXX_FEATURE:0cxx_nonstatic_member_init
    Feature record: CXX_FEATURE:0cxx_nullptr
    Feature record: CXX_FEATURE:0cxx_override
    Feature record: CXX_FEATURE:0cxx_range_for
    Feature record: CXX_FEATURE:0cxx_raw_string_literals
    Feature record: CXX_FEATURE:0cxx_reference_qualified_functions
    Feature record: CXX_FEATURE:0cxx_relaxed_constexpr
    Feature record: CXX_FEATURE:0cxx_return_type_deduction
    Feature record: CXX_FEATURE:0cxx_right_angle_brackets
    Feature record: CXX_FEATURE:0cxx_rvalue_references
    Feature record: CXX_FEATURE:0cxx_sizeof_member
    Feature record: CXX_FEATURE:0cxx_static_assert
    Feature record: CXX_FEATURE:0cxx_strong_enums
    Feature record: CXX_FEATURE:1cxx_template_template_parameters
    Feature record: CXX_FEATURE:0cxx_thread_local
    Feature record: CXX_FEATURE:0cxx_trailing_return_types
    Feature record: CXX_FEATURE:0cxx_unicode_literals
    Feature record: CXX_FEATURE:0cxx_uniform_initialization
    Feature record: CXX_FEATURE:0cxx_unrestricted_unions
    Feature record: CXX_FEATURE:0cxx_user_literals
    Feature record: CXX_FEATURE:0cxx_variable_templates
    Feature record: CXX_FEATURE:0cxx_variadic_macros
    Feature record: CXX_FEATURE:0cxx_variadic_templates
Determining if the include file pthread.h exists passed with the following output:
Change Dir: /Users/mihikadave/Documents/CS510_MP/meta/cmake-build-debug/CMakeFiles/CMakeTmp

Run Build Command:"/usr/bin/make" "cmTC_9e62f/fast"
/Library/Developer/CommandLineTools/usr/bin/make -f CMakeFiles/cmTC_9e62f.dir/build.make CMakeFiles/cmTC_9e62f.dir/build
Building C object CMakeFiles/cmTC_9e62f.dir/CheckIncludeFile.c.o
/Library/Developer/CommandLineTools/usr/bin/cc    -o CMakeFiles/cmTC_9e62f.dir/CheckIncludeFile.c.o   -c /Users/mihikadave/Documents/CS510_MP/meta/cmake-build-debug/CMakeFiles/CMakeTmp/CheckIncludeFile.c
Linking C executable cmTC_9e62f
/Applications/CLion.app/Contents/bin/cmake/bin/cmake -E cmake_link_script CMakeFiles/cmTC_9e62f.dir/link.txt --verbose=1
/Library/Developer/CommandLineTools/usr/bin/cc   -Wl,-search_paths_first -Wl,-headerpad_max_install_names   CMakeFiles/cmTC_9e62f.dir/CheckIncludeFile.c.o  -o cmTC_9e62f 


Determining if the pthread_create exist passed with the following output:
Change Dir: /Users/mihikadave/Documents/CS510_MP/meta/cmake-build-debug/CMakeFiles/CMakeTmp

Run Build Command:"/usr/bin/make" "cmTC_ad7bc/fast"
/Library/Developer/CommandLineTools/usr/bin/make -f CMakeFiles/cmTC_ad7bc.dir/build.make CMakeFiles/cmTC_ad7bc.dir/build
Building C object CMakeFiles/cmTC_ad7bc.dir/CheckSymbolExists.c.o
/Library/Developer/CommandLineTools/usr/bin/cc    -o CMakeFiles/cmTC_ad7bc.dir/CheckSymbolExists.c.o   -c /Users/mihikadave/Documents/CS510_MP/meta/cmake-build-debug/CMakeFiles/CMakeTmp/CheckSymbolExists.c
Linking C executable cmTC_ad7bc
/Applications/CLion.app/Contents/bin/cmake/bin/cmake -E cmake_link_script CMakeFiles/cmTC_ad7bc.dir/link.txt --verbose=1
/Library/Developer/CommandLineTools/usr/bin/cc   -Wl,-search_paths_first -Wl,-headerpad_max_install_names   CMakeFiles/cmTC_ad7bc.dir/CheckSymbolExists.c.o  -o cmTC_ad7bc 

File /Users/mihikadave/Documents/CS510_MP/meta/cmake-build-debug/CMakeFiles/CMakeTmp/CheckSymbolExists.c:
/* */
#include <pthread.h>

int main(int argc, char** argv)
{
  (void)argv;
#ifndef pthread_create
  return ((int*)(&pthread_create))[argc];
#else
  (void)argc;
  return 0;
#endif
}

Determining if the function lzma_auto_decoder exists in the /usr/local/lib/liblzma.dylib passed with the following output:
Change Dir: /Users/mihikadave/Documents/CS510_MP/meta/cmake-build-debug/CMakeFiles/CMakeTmp

Run Build Command:"/usr/bin/make" "cmTC_34e60/fast"
/Library/Developer/CommandLineTools/usr/bin/make -f CMakeFiles/cmTC_34e60.dir/build.make CMakeFiles/cmTC_34e60.dir/build
Building C object CMakeFiles/cmTC_34e60.dir/CheckFunctionExists.c.o
/Library/Developer/CommandLineTools/usr/bin/cc   -DCHECK_FUNCTION_EXISTS=lzma_auto_decoder   -o CMakeFiles/cmTC_34e60.dir/CheckFunctionExists.c.o   -c /Applications/CLion.app/Contents/bin/cmake/share/cmake-3.9/Modules/CheckFunctionExists.c
Linking C executable cmTC_34e60
/Applications/CLion.app/Contents/bin/cmake/bin/cmake -E cmake_link_script CMakeFiles/cmTC_34e60.dir/link.txt --verbose=1
/Library/Developer/CommandLineTools/usr/bin/cc  -DCHECK_FUNCTION_EXISTS=lzma_auto_decoder -Wl,-search_paths_first -Wl,-headerpad_max_install_names   CMakeFiles/cmTC_34e60.dir/CheckFunctionExists.c.o  -o cmTC_34e60 /usr/local/lib/liblzma.dylib 


Determining if the function lzma_easy_encoder exists in the /usr/local/lib/liblzma.dylib passed with the following output:
Change Dir: /Users/mihikadave/Documents/CS510_MP/meta/cmake-build-debug/CMakeFiles/CMakeTmp

Run Build Command:"/usr/bin/make" "cmTC_b16a3/fast"
/Library/Developer/CommandLineTools/usr/bin/make -f CMakeFiles/cmTC_b16a3.dir/build.make CMakeFiles/cmTC_b16a3.dir/build
Building C object CMakeFiles/cmTC_b16a3.dir/CheckFunctionExists.c.o
/Library/Developer/CommandLineTools/usr/bin/cc   -DCHECK_FUNCTION_EXISTS=lzma_easy_encoder   -o CMakeFiles/cmTC_b16a3.dir/CheckFunctionExists.c.o   -c /Applications/CLion.app/Contents/bin/cmake/share/cmake-3.9/Modules/CheckFunctionExists.c
Linking C executable cmTC_b16a3
/Applications/CLion.app/Contents/bin/cmake/bin/cmake -E cmake_link_script CMakeFiles/cmTC_b16a3.dir/link.txt --verbose=1
/Library/Developer/CommandLineTools/usr/bin/cc  -DCHECK_FUNCTION_EXISTS=lzma_easy_encoder -Wl,-search_paths_first -Wl,-headerpad_max_install_names   CMakeFiles/cmTC_b16a3.dir/CheckFunctionExists.c.o  -o cmTC_b16a3 /usr/local/lib/liblzma.dylib 


Determining if the function lzma_lzma_preset exists in the /usr/local/lib/liblzma.dylib passed with the following output:
Change Dir: /Users/mihikadave/Documents/CS510_MP/meta/cmake-build-debug/CMakeFiles/CMakeTmp

Run Build Command:"/usr/bin/make" "cmTC_168e3/fast"
/Library/Developer/CommandLineTools/usr/bin/make -f CMakeFiles/cmTC_168e3.dir/build.make CMakeFiles/cmTC_168e3.dir/build
Building C object CMakeFiles/cmTC_168e3.dir/CheckFunctionExists.c.o
/Library/Developer/CommandLineTools/usr/bin/cc   -DCHECK_FUNCTION_EXISTS=lzma_lzma_preset   -o CMakeFiles/cmTC_168e3.dir/CheckFunctionExists.c.o   -c /Applications/CLion.app/Contents/bin/cmake/share/cmake-3.9/Modules/CheckFunctionExists.c
Linking C executable cmTC_168e3
/Applications/CLion.app/Contents/bin/cmake/bin/cmake -E cmake_link_script CMakeFiles/cmTC_168e3.dir/link.txt --verbose=1
/Library/Developer/CommandLineTools/usr/bin/cc  -DCHECK_FUNCTION_EXISTS=lzma_lzma_preset -Wl,-search_paths_first -Wl,-headerpad_max_install_names   CMakeFiles/cmTC_168e3.dir/CheckFunctionExists.c.o  -o cmTC_168e3 /usr/local/lib/liblzma.dylib 


Performing C++ SOURCE FILE Test META_HAS_POSIX_MEMALIGN succeeded with the following output:
Change Dir: /Users/mihikadave/Documents/CS510_MP/meta/cmake-build-debug/CMakeFiles/CMakeTmp

Run Build Command:"/usr/bin/make" "cmTC_b7b5d/fast"
/Library/Developer/CommandLineTools/usr/bin/make -f CMakeFiles/cmTC_b7b5d.dir/build.make CMakeFiles/cmTC_b7b5d.dir/build
Building CXX object CMakeFiles/cmTC_b7b5d.dir/src.cxx.o
/Library/Developer/CommandLineTools/usr/bin/c++   -I/Library/Developer/CommandLineTools/usr/include/c++/v1  -DMETA_HAS_POSIX_MEMALIGN  -std=c++14 -stdlib=libc++ -stdlib=libc++ /usr/lib/libc++abi.dylib -L/usr/lib /usr/lib/libdl.dylib   -o CMakeFiles/cmTC_b7b5d.dir/src.cxx.o -c /Users/mihikadave/Documents/CS510_MP/meta/cmake-build-debug/CMakeFiles/CMakeTmp/src.cxx
clang: warning: /usr/lib/libc++abi.dylib: 'linker' input unused [-Wunused-command-line-argument]
clang: warning: /usr/lib/libdl.dylib: 'linker' input unused [-Wunused-command-line-argument]
clang: warning: argument unused during compilation: '-L/usr/lib' [-Wunused-command-line-argument]
Linking CXX executable cmTC_b7b5d
/Applications/CLion.app/Contents/bin/cmake/bin/cmake -E cmake_link_script CMakeFiles/cmTC_b7b5d.dir/link.txt --verbose=1
/Library/Developer/CommandLineTools/usr/bin/c++   -DMETA_HAS_POSIX_MEMALIGN  -std=c++14 -stdlib=libc++ -stdlib=libc++ /usr/lib/libc++abi.dylib -L/usr/lib /usr/lib/libdl.dylib -Wl,-search_paths_first -Wl,-headerpad_max_install_names   CMakeFiles/cmTC_b7b5d.dir/src.cxx.o  -o cmTC_b7b5d 

Source file was:

  #include <cstdlib>

  int main()
  {
      void* ptr;
      ::posix_memalign(&ptr, 64, 128);
      return 0;
  }
Performing C++ SOURCE FILE Test META_HAS_BUILTIN_EXPECT succeeded with the following output:
Change Dir: /Users/mihikadave/Documents/CS510_MP/meta/cmake-build-debug/CMakeFiles/CMakeTmp

Run Build Command:"/usr/bin/make" "cmTC_7ee44/fast"
/Library/Developer/CommandLineTools/usr/bin/make -f CMakeFiles/cmTC_7ee44.dir/build.make CMakeFiles/cmTC_7ee44.dir/build
Building CXX object CMakeFiles/cmTC_7ee44.dir/src.cxx.o
/Library/Developer/CommandLineTools/usr/bin/c++   -I/Library/Developer/CommandLineTools/usr/include/c++/v1  -DMETA_HAS_BUILTIN_EXPECT  -std=c++14 -stdlib=libc++ -stdlib=libc++ /usr/lib/libc++abi.dylib -L/usr/lib /usr/lib/libdl.dylib   -o CMakeFiles/cmTC_7ee44.dir/src.cxx.o -c /Users/mihikadave/Documents/CS510_MP/meta/cmake-build-debug/CMakeFiles/CMakeTmp/src.cxx
clang: warning: /usr/lib/libc++abi.dylib: 'linker' input unused [-Wunused-command-line-argument]
clang: warning: /usr/lib/libdl.dylib: 'linker' input unused [-Wunused-command-line-argument]
clang: warning: argument unused during compilation: '-L/usr/lib' [-Wunused-command-line-argument]
Linking CXX executable cmTC_7ee44
/Applications/CLion.app/Contents/bin/cmake/bin/cmake -E cmake_link_script CMakeFiles/cmTC_7ee44.dir/link.txt --verbose=1
/Library/Developer/CommandLineTools/usr/bin/c++   -DMETA_HAS_BUILTIN_EXPECT  -std=c++14 -stdlib=libc++ -stdlib=libc++ /usr/lib/libc++abi.dylib -L/usr/lib /usr/lib/libdl.dylib -Wl,-search_paths_first -Wl,-headerpad_max_install_names   CMakeFiles/cmTC_7ee44.dir/src.cxx.o  -o cmTC_7ee44 

Source file was:

int main()
{
    long x = 1;
    if (__builtin_expect(x == 1, 0))
        return 1;
    return 0;
}
Performing C++ SOURCE FILE Test META_HAS_EXPERIMENTAL_OPTIONAL succeeded with the following output:
Change Dir: /Users/mihikadave/Documents/CS510_MP/meta/cmake-build-debug/CMakeFiles/CMakeTmp

Run Build Command:"/usr/bin/make" "cmTC_735d7/fast"
/Library/Developer/CommandLineTools/usr/bin/make -f CMakeFiles/cmTC_735d7.dir/build.make CMakeFiles/cmTC_735d7.dir/build
Building CXX object CMakeFiles/cmTC_735d7.dir/src.cxx.o
/Library/Developer/CommandLineTools/usr/bin/c++   -I/Library/Developer/CommandLineTools/usr/include/c++/v1  -DMETA_HAS_EXPERIMENTAL_OPTIONAL  -std=c++14 -stdlib=libc++ -stdlib=libc++ /usr/lib/libc++abi.dylib -L/usr/lib /usr/lib/libdl.dylib   -o CMakeFiles/cmTC_735d7.dir/src.cxx.o -c /Users/mihikadave/Documents/CS510_MP/meta/cmake-build-debug/CMakeFiles/CMakeTmp/src.cxx
clang: warning: /usr/lib/libc++abi.dylib: 'linker' input unused [-Wunused-command-line-argument]
clang: warning: /usr/lib/libdl.dylib: 'linker' input unused [-Wunused-command-line-argument]
clang: warning: argument unused during compilation: '-L/usr/lib' [-Wunused-command-line-argument]
Linking CXX executable cmTC_735d7
/Applications/CLion.app/Contents/bin/cmake/bin/cmake -E cmake_link_script CMakeFiles/cmTC_735d7.dir/link.txt --verbose=1
/Library/Developer/CommandLineTools/usr/bin/c++   -DMETA_HAS_EXPERIMENTAL_OPTIONAL  -std=c++14 -stdlib=libc++ -stdlib=libc++ /usr/lib/libc++abi.dylib -L/usr/lib /usr/lib/libdl.dylib -Wl,-search_paths_first -Wl,-headerpad_max_install_names   CMakeFiles/cmTC_735d7.dir/src.cxx.o  -o cmTC_735d7 

Source file was:

#include <experimental/optional>
int main() {
    std::experimental::optional<int> x;
    return 0;
}
Performing C++ SOURCE FILE Test META_HAS_EXPERIMENTAL_STRING_VIEW succeeded with the following output:
Change Dir: /Users/mihikadave/Documents/CS510_MP/meta/cmake-build-debug/CMakeFiles/CMakeTmp

Run Build Command:"/usr/bin/make" "cmTC_c9a68/fast"
/Library/Developer/CommandLineTools/usr/bin/make -f CMakeFiles/cmTC_c9a68.dir/build.make CMakeFiles/cmTC_c9a68.dir/build
Building CXX object CMakeFiles/cmTC_c9a68.dir/src.cxx.o
/Library/Developer/CommandLineTools/usr/bin/c++   -I/Library/Developer/CommandLineTools/usr/include/c++/v1  -DMETA_HAS_EXPERIMENTAL_STRING_VIEW  -std=c++14 -stdlib=libc++ -stdlib=libc++ /usr/lib/libc++abi.dylib -L/usr/lib /usr/lib/libdl.dylib   -o CMakeFiles/cmTC_c9a68.dir/src.cxx.o -c /Users/mihikadave/Documents/CS510_MP/meta/cmake-build-debug/CMakeFiles/CMakeTmp/src.cxx
clang: warning: /usr/lib/libc++abi.dylib: 'linker' input unused [-Wunused-command-line-argument]
clang: warning: /usr/lib/libdl.dylib: 'linker' input unused [-Wunused-command-line-argument]
clang: warning: argument unused during compilation: '-L/usr/lib' [-Wunused-command-line-argument]
Linking CXX executable cmTC_c9a68
/Applications/CLion.app/Contents/bin/cmake/bin/cmake -E cmake_link_script CMakeFiles/cmTC_c9a68.dir/link.txt --verbose=1
/Library/Developer/CommandLineTools/usr/bin/c++   -DMETA_HAS_EXPERIMENTAL_STRING_VIEW  -std=c++14 -stdlib=libc++ -stdlib=libc++ /usr/lib/libc++abi.dylib -L/usr/lib /usr/lib/libdl.dylib -Wl,-search_paths_first -Wl,-headerpad_max_install_names   CMakeFiles/cmTC_c9a68.dir/src.cxx.o  -o cmTC_c9a68 

Source file was:

#include <experimental/string_view>
int main() {
    const std::experimental::string_view sv = "hello world";
    // test that string_view has to_string() const method
    // Xcode 6.4 appears to have shipped a string_view without it
    auto str = sv.to_string();
    return 0;
}
Performing C++ SOURCE FILE Test META_HAS_STD_MAKE_UNIQUE succeeded with the following output:
Change Dir: /Users/mihikadave/Documents/CS510_MP/meta/cmake-build-debug/CMakeFiles/CMakeTmp

Run Build Command:"/usr/bin/make" "cmTC_6677c/fast"
/Library/Developer/CommandLineTools/usr/bin/make -f CMakeFiles/cmTC_6677c.dir/build.make CMakeFiles/cmTC_6677c.dir/build
Building CXX object CMakeFiles/cmTC_6677c.dir/src.cxx.o
/Library/Developer/CommandLineTools/usr/bin/c++   -I/Library/Developer/CommandLineTools/usr/include/c++/v1  -DMETA_HAS_STD_MAKE_UNIQUE  -std=c++14 -stdlib=libc++ -stdlib=libc++ /usr/lib/libc++abi.dylib -L/usr/lib /usr/lib/libdl.dylib   -o CMakeFiles/cmTC_6677c.dir/src.cxx.o -c /Users/mihikadave/Documents/CS510_MP/meta/cmake-build-debug/CMakeFiles/CMakeTmp/src.cxx
clang: warning: /usr/lib/libc++abi.dylib: 'linker' input unused [-Wunused-command-line-argument]
clang: warning: /usr/lib/libdl.dylib: 'linker' input unused [-Wunused-command-line-argument]
clang: warning: argument unused during compilation: '-L/usr/lib' [-Wunused-command-line-argument]
Linking CXX executable cmTC_6677c
/Applications/CLion.app/Contents/bin/cmake/bin/cmake -E cmake_link_script CMakeFiles/cmTC_6677c.dir/link.txt --verbose=1
/Library/Developer/CommandLineTools/usr/bin/c++   -DMETA_HAS_STD_MAKE_UNIQUE  -std=c++14 -stdlib=libc++ -stdlib=libc++ /usr/lib/libc++abi.dylib -L/usr/lib /usr/lib/libdl.dylib -Wl,-search_paths_first -Wl,-headerpad_max_install_names   CMakeFiles/cmTC_6677c.dir/src.cxx.o  -o cmTC_6677c 

Source file was:

#include <memory>
int main() {
    auto i = std::make_unique<int>(1);
    return 0;
}
Performing C++ SOURCE FILE Test META_HAS_STD_SHARED_PTR_ATOMICS succeeded with the following output:
Change Dir: /Users/mihikadave/Documents/CS510_MP/meta/cmake-build-debug/CMakeFiles/CMakeTmp

Run Build Command:"/usr/bin/make" "cmTC_71ca7/fast"
/Library/Developer/CommandLineTools/usr/bin/make -f CMakeFiles/cmTC_71ca7.dir/build.make CMakeFiles/cmTC_71ca7.dir/build
Building CXX object CMakeFiles/cmTC_71ca7.dir/src.cxx.o
/Library/Developer/CommandLineTools/usr/bin/c++   -I/Library/Developer/CommandLineTools/usr/include/c++/v1  -DMETA_HAS_STD_SHARED_PTR_ATOMICS  -std=c++14 -stdlib=libc++ -stdlib=libc++ /usr/lib/libc++abi.dylib -L/usr/lib /usr/lib/libdl.dylib   -o CMakeFiles/cmTC_71ca7.dir/src.cxx.o -c /Users/mihikadave/Documents/CS510_MP/meta/cmake-build-debug/CMakeFiles/CMakeTmp/src.cxx
clang: warning: /usr/lib/libc++abi.dylib: 'linker' input unused [-Wunused-command-line-argument]
clang: warning: /usr/lib/libdl.dylib: 'linker' input unused [-Wunused-command-line-argument]
clang: warning: argument unused during compilation: '-L/usr/lib' [-Wunused-command-line-argument]
Linking CXX executable cmTC_71ca7
/Applications/CLion.app/Contents/bin/cmake/bin/cmake -E cmake_link_script CMakeFiles/cmTC_71ca7.dir/link.txt --verbose=1
/Library/Developer/CommandLineTools/usr/bin/c++   -DMETA_HAS_STD_SHARED_PTR_ATOMICS  -std=c++14 -stdlib=libc++ -stdlib=libc++ /usr/lib/libc++abi.dylib -L/usr/lib /usr/lib/libdl.dylib -Wl,-search_paths_first -Wl,-headerpad_max_install_names   CMakeFiles/cmTC_71ca7.dir/src.cxx.o  -o cmTC_71ca7 

Source file was:

#include <atomic>
#include <memory>
int main () {
    auto sp = std::make_shared<int>(1);
    auto sp2 = std::atomic_load(&sp);
    return 0;
}
