#### p(f|chinese)/p(f|english)
0.147516 |-LRB-
0.163826 |-RRB-
0.28078 (NNS)(CC)(NNS)|NP
0.286087 (NP)(PRN)|NP
0.32721 (VBG)(S)|VP
0.352269 (DT)(NNS)(CC)(NNS)|NP
0.352269 (NP)(,)(NP)(,)|NP
0.354652 (VBG)(NP)(S)|VP
0.361377 (VBN)(S)|VP
0.368498 (TO)(S)|PP
0.369358 (NN)(CC)(NN)(NNS)|NP
0.379307 |:
0.381837 (JJ)(JJ)(NNS)|NP
0.381837 (JJ)(NN)(NN)|NP
0.387541 (NP)(VP)|NP
0.403511 (DT)(NN)(NN)(NN)|NP
0.407891 (NNP)(NNS)|NP
0.409044 (NP)(,)(NP)(,)(CC)(NP)|NP
0.410708 (VBG)(PP)|VP
0.414003 (VBD)(VP)|VP
0.432267 (CD)(NN)(NN)|NP
0.432267 (PP)(,)(CC)(PP)|PP
0.432267 (VBG)(PRT)|VP
0.43974 (VBN)(PP)(PP)|VP
0.446955 (JJ)(NN)(NNS)|NP
0.457606 (VBN)(NP)(PP)|VP
0.457879 (NP)(.)|FRAG
0.457879 (WHADVP)(SQ)(.)|SBARQ
0.458285 (ADVP)(VBN)|VP
0.458285 (CD)(POS)|NP
0.458285 (DT)(ADJP)(NNS)|NP
0.458285 (DT)(NNP)|NP
0.458285 (VB)(NP)(,)(S)|VP
0.473537 (DT)(JJ)(NN)(NN)|NP
0.474908 (CD)|NP
0.481963 (IN)(S)|PP
0.48696 (PRP$)(JJ)(NNS)|NP
0.487636 (DT)(VBN)(NN)|NP
0.498077 (VBD)(ADJP)|VP
0.506255 (DT)(NN)(NN)|NP
0.506982 (VBG)(SBAR)|VP
0.508696 |VBG
0.513211 (VB)(ADVP)(PP)|VP
0.516978 (S)(VP)(.)|S
0.521004 (DT)(JJ)(CD)(NNS)|NP
0.521004 (-LRB-)(NP)(-RRB-)|PRN
0.521004 (PRP$)(JJ)(JJ)(NN)|NP
0.521004 (VBP)(RB)(ADVP)(VP)|VP
0.521121 (VBG)(PRT)(NP)|VP
0.521217 (NN)(NN)(NNS)|NP
0.523083 (VBG)(NP)|VP
0.531742 (VBG)(ADJP)|VP
0.546401 (DT)(NN)(CC)(NN)|NP
0.546401 (VBG)(NP)|PP
0.546401 (VP)(,)(VP)(CC)(VP)|VP
0.550658 (VBG)(NP)(PP)|VP
0.55426 (PP)(CC)(PP)|PP
0.558039 (S)(VP)|S
0.559274 (IN)(S)(CC)(RB)|SBAR
0.559274 (JJ)(CC)(JJ)(NNS)|NP
0.559274 (-LRB-)(SBAR)(-RRB-)|PRN
0.559274 (NP)(:)(NP)|NP
0.559274 (NP)(,)(VP)(.)|S
0.559274 (PRP)(CC)(PRP)|NP
0.559274 (TO)|VP
0.559274 (VBG)(CC)(VBG)(NP)|VP
0.559274 (VBP)(PP)(PP)|VP
0.560347 (ADVP)(VB)(NP)|VP
0.56812 (ADVP)(,)(NP)(ADVP)(VP)(.)|S
0.56812 (ADVP)(VBG)(NP)|VP
0.56812 (NNP)(NN)|NP
0.574259 (JJ)(JJ)(NN)|NP
0.574259 (VBD)(NP)(PP)|VP
0.575237 (SBAR)(NP)(VP)(.)|S
0.59184 (S)(:)(S)(.)|S
0.603612 (ADVP)(CC)(ADVP)|ADVP
0.603612 (JJ)(JJ)(NN)(NNS)|NP
0.603612 (-LRB-)(FRAG)(-RRB-)|PRN
0.603612 (-LRB-)(PP)(-RRB-)|PRN
0.603612 (NNP)(CD)|NP
0.603612 (NP)(WHPP)|WHNP
0.603612 (PRP$)(VBG)(NNS)|NP
0.603612 (VB)(NP)(PP)(,)(PP)|VP
0.603612 (VBN)(,)(SBAR)|VP
0.603612 (WDT)(NN)|WHNP
0.604505 (RB)(DT)(JJ)(NN)|NP
0.60511 (DT)(VBG)(NN)|NP
0.60511 (IN)(WHNP)|WHPP
0.605548 (RB)(RB)(IN)|CONJP
0.606137 (PP)(NP)(VP)|S
0.607974 (VP)(CC)(VP)|VP
0.622494 (NP)(ADJP)|NP
0.623693 (NP)(PP)(SBAR)|NP
0.631536 (PRP$)(NN)(NNS)|NP
0.634923 (NP)(ADVP)|NP
0.638915 (VBP)(RB)(VP)|VP
0.639464 (NP)(,)(PP)(,)|NP
0.639464 (VB)(NP)(PP)(PP)|VP
0.64587 (ADJP)(,)(CC)(ADJP)|ADJP
0.64587 (ADVP)(PP)|ADVP
0.64587 (DT)(JJS)(NNS)|NP
0.64587 (JJ)(NN)(CC)(NN)|NP
0.64587 (NP)(NNS)|NP
0.64587 (SBAR)(NP)(VP)|S
0.646503 (NP)(CC)(NP)|NP
0.652259 (PRP$)(JJ)(NN)|NP
0.653466 (IN)(NN)(S)|SBAR
0.655585 (ADVP)(JJ)(PP)|ADJP
0.655585 (CD)(JJ)(NNS)|NP
0.655585 (DT)(JJ)(,)(JJ)(NN)|NP
0.655585 (DT)(NN)(JJ)(NN)|NP
0.655585 (DT)(VBN)(NN)(NN)|NP
0.655585 (DT)(VBN)(NNS)|NP
0.655585 (IN)(IN)(NP)|PP
0.655585 (JJ)|ADVP
0.655585 (-LRB-)(ADJP)(-RRB-)|PRN
0.655585 (-LRB-)(S)(-RRB-)|PRN
0.655585 (MD)(PP)(VP)|VP
0.655585 (NN)(,)(NN)(,)(CC)(NN)|NP
0.655585 (NN)(,)(NN)(CC)(NN)|NP
0.655585 (NN)(NNS)(CC)(NNS)|NP
0.655585 (NNPS)|NP
0.655585 (NP)(PP)(PP)|NP
0.655585 (NP)(,)(VP)|NP
0.655585 (RB)(RB)(JJ)|ADJP
0.655585 (RB)(VBN)(NNS)|NP
0.655585 (S)(,)(S)(CC)(S)(.)|S
0.655585 (VB)(CC)(VB)|VP
0.655585 (VBD)(PP)(SBAR)|VP
0.655585 (VBD)(RB)(VP)|VP
0.655585 (VBG)(JJ)(NNS)|NP
0.655585 (VBG)(PP)(ADVP)|VP
0.655585 (VBN)(CC)(VBN)|VP
0.655585 (VBN)(NNS)|NP
0.655585 (VB)(NP)(ADVP)(VP)|VP
0.655585 (VBP)(NP)(,)(ADVP)(PP)|VP
0.655585 (VP)(PRN)|VP
0.656497 (JJ)(CC)(JJ)|ADJP
0.665951 (JJS)(NNS)|NP
0.668555 |CD
0.672272 (MD)(ADVP)(VP)|VP
0.674272 (PRP$)(NNS)|NP
0.675325 (S)(CC)(S)(.)|S
0.677954 (DT)(VBG)(NNS)|NP
0.677954 (VBG)(NP)(SBAR)|VP
0.677954 (VBG)(PRT)(PP)|VP
0.677954 (VBZ)(NP)(NP)|VP
0.681064 (RB)(VP)|S
0.689974 (ADJP)|S
0.693312 (JJ)(PP)|ADVP
0.693312 (RB)(PP)|ADJP
0.693312 (SBAR)(,)(ADVP)(NP)(VP)(.)|S
0.693312 (VB)(ADVP)(SBAR)|VP
0.693312 (VBG)(PP)(PP)|VP
0.693312 (VBG)(PP)(SBAR)|VP
0.693312 (VBN)(NP)(S)|VP
0.693312 (WHPP)(S)|SBAR
0.696358 (JJ)(S)|ADJP
0.702607 (DT)(NN)(NNS)|NP
0.706336 (VBP)(ADVP)(VP)|VP
0.708812 (NP)(,)(NP)(CC)(NP)|NP
0.708812 (RB)(PP)|ADVP
0.708812 (VBD)(S)|VP
0.710904 (DT)(ADJP)(NN)|NP
0.714324 (NN)(NN)|NP
0.715089 (NN)(CC)(NN)|NP
0.717352 (ADJP)(CC)(VP)|UCP
0.717352 (ADVP)(IN)(S)|SBAR
0.717352 (ADVP)(,)(SBAR)(NP)(VP)(.)|S
0.717352 (ADVP)(,)(S)(CC)(RB)(S)(.)|S
0.717352 (ADVP)(VBG)(NP)(PP)|VP
0.717352 (ADVP)(VBN)(SBAR)|VP
0.717352 (ADVP)(VBN)(S)|VP
0.717352 (ADVP)(VB)(S)|VP
0.717352 (CC)(S)(VP)(.)|S
0.717352 (CD)(CD)|QP
0.717352 (CD)(JJ)(NN)|NP
0.717352 (DT)(NN)(NN)(NNS)|NP
0.717352 (DT)(NNS)(NNS)|NP
0.717352 (DT)(NX)|NP
0.717352 (IN)(NN)|ADVP
0.717352 (IN)(RB)|ADVP
0.717352 (JJ)(,)(JJ)(NNS)|NP
0.717352 (JJ)|LST
0.717352 (JJ)(NN)(CC)(JJ)(NN)(NNS)|NP
0.717352 (JJ)(RB)|ADJP
0.717352 (JJ)(RB)(SBAR)|ADJP
0.717352 (LS)(-RRB-)|LST
0.717352 (LST)(NP)(VP)|S
0.717352 (LST)(PP)(,)(NP)(VP)(.)|S
0.717352 (NN)(.)|NP
0.717352 (NN)|NX
0.717352 (NN)(PP)|ADJP
0.717352 (NN)(PP)|VP
0.717352 (NP)(ADJP)(SBAR)|S
0.717352 (NP)(,)(NP)(.)|NP
0.717352 (NP)(,)(NP)(,)(NP)(,)(NP)(CC)(NP)|NP
0.717352 (PP)(,)(S)(CC)(S)(.)|S
0.717352 (PRP$)(JJ)(JJ)(NNS)|NP
0.717352 (PRP$)(JJ)(NN)(CC)(NN)|NP
0.717352 (PRP$)|NP
0.717352 (RBR)(JJ)(CC)(JJ)|ADJP
0.717352 (RBS)(RB)|ADVP
0.717352 (RB)|WHADVP
0.717352 (,)(SBAR)(,)|PRN
0.717352 (S)(:)(S)|S
0.717352 (VBD)(RB)(ADJP)|VP
0.717352 (VBG)(NP)(NP)|VP
0.717352 (VBG)(NP)(PP)(SBAR)|VP
0.717352 (VBN)(PP)(S)|VP
0.717352 (VBP)(ADVP)(PP)(SBAR)|VP
0.717352 (VBP)(NP)(PP)(SBAR)|VP
0.717352 (VBP)(NP)(VP)|SQ
0.717352 (VBZ)(NP)(,)(PP)|VP
0.717352 (VBZ)(S)(,)(SBAR)|VP
0.717352 (WHNP)(PP)|WHNP
0.720437 (VB)(ADJP)|VP
0.721374 |UH
0.721374 (UH)|INTJ
0.721374 (VP)(CC)(RB)(VP)|VP
0.723445 |LS
0.726169 (VBZ)(NP)(SBAR)|VP
0.72957 (NP)(PP)|NP
0.732414 (DT)(JJ)(NNS)|NP
0.738483 (VBN)|VP
0.743063 (DT)(JJS)|NP
0.743063 (RB)(VBN)|ADJP
0.743063 (VBN)(ADVP)|VP
0.743063 (VP)(CC)(ADVP)(VP)|VP
0.748276 (DT)(JJ)(NNS)(NN)|NP
0.748276 |FW
0.748276 (IN)(JJS)|ADVP
0.748276 (JJ)(JJ)|ADJP
0.748276 (JJ)(NNS)(S)|NP
0.748276 (NN)(CC)(NN)(NN)|NP
0.748276 (NNP)(NP)(VP)(.)|SQ
0.748276 (NNS)(CC)(NN)(NNS)|NP
0.748276 (NP)(ADJP)(S)|S
0.748276 (PP)(S)(VP)(.)|S
0.748276 (PP)|VP
0.748276 (RB)(JJ)|NP
0.750058 (VBG)(VP)|VP
0.75054 (ADVP)(VP)|S
0.750719 (VB)(PP)|VP
0.754151 (NNP)(NNP)|NP
0.754151 (VB)(PRT)|VP
0.758784 |VBN
0.760327 (CD)(NNS)|NP
0.760328 (JJ)(IN)(NP)|PP
0.763831 (NP)(VP)(.)|S
0.766042 (RB)(JJR)|ADJP
0.76882 (VBG)|VP
0.770736 (JJ)(NNS)(CC)(NNS)|NP
0.770736 (NN)(CC)(NNS)|NP
0.770736 (VBD)(PP)(PP)|VP
0.770736 (VB)(NP)(PP)(SBAR)|VP
0.77156 (IN)|PP
0.774293 (JJ)(NNS)|NP
0.7744 (NN)(NN)(NN)|NP
0.7744 (VB)(ADJP)(SBAR)|VP
0.775349 (NNS)|NP
0.787789 (DT)(NN)(POS)|NP
0.787789 (RB)(IN)|CONJP
0.787789 (RB)(JJ)(NNS)|NP
0.787789 (VBZ)(ADVP)(PP)|VP
0.78917 |NNS
0.791968 (ADJP)(JJ)(JJ)(NNS)|NP
0.791968 (ADVP)(ADVP)|FRAG
0.791968 (ADVP)(.)|FRAG
0.791968 (ADVP)(NP)|RRC
0.791968 (ADVP)(,)(S)(,)(NP)(VP)(.)|S
0.791968 (ADVP)(TO)(NP)|PP
0.791968 (ADVP)(VBN)(PP)|ADJP
0.791968 (ADVP)(VB)(NP)(SBAR)|VP
0.791968 (ADVP)(VBP)(PP)|VP
0.791968 (ADVP)(VBP)(S)|VP
0.791968 (,)(CC)(ADVP)|PRN
0.791968 (CC)(ADVP)|PRN
0.791968 (CD)(JJ)(JJ)(NN)|NP
0.791968 (CD)(NN)(NN)(NNS)|NP
0.791968 (DT)(ADVP)(CC)(PP)|UCP
0.791968 (DT)(IN)(NP)|PP
0.791968 (DT)(JJ)(NN)(CC)(NN)(NN)|NP
0.791968 (DT)(JJ)(NN)(POS)|NP
0.791968 (DT)(JJR)(JJ)(NNS)|NP
0.791968 (DT)(JJ)(VBG)(NN)|NP
0.791968 (DT)(NN)(JJ)(NN)(NN)|NP
0.791968 (DT)(NN)(NN)(CC)(NN)|NP
0.791968 (DT)(NNP)(NN)|NP
0.791968 (DT)(NNS)|NP-TMP
0.791968 (DT)(VBG)(JJ)(NN)|NP
0.791968 (IN)(CC)(RB)(S)|SBAR
0.791968 (IN)(NN)|NP
0.791968 (IN)|NP
0.791968 (IN)(NP)|ADVP
0.791968 (IN)(SBARQ)|PP
0.791968 (IN)(,)(S)|SBAR
0.791968 (JJ)(CC)(JJ)(NN)(NN)|NP
0.791968 (JJ)(,)(JJ)|ADJP
0.791968 (JJ)(JJ)(JJ)(NNS)|NP
0.791968 (JJ)(JJ)(NN)(NN)|NP
0.791968 (JJ)(NN)(NN)(NN)|NP
0.791968 (JJ)(NN)(NN)(NNS)|NP
0.791968 (JJ)(NNS)|NP-TMP
0.791968 (JJ)(NP-TMP)|ADJP
0.791968 (JJR)(NN)(NNS)|NP
0.791968 (JJS)|ADJP
0.791968 (JJ)(TO)(NP)|PP
0.791968 (-LRB-)(CC)(VP)(-RRB-)|PRN
0.791968 (-LRB-)(S)(.)(-RRB-)|PRN
0.791968 (MD)(ADVP)(ADVP)(VP)|VP
0.791968 (MD)(ADVP)(RB)(VP)|VP
0.791968 (MD)(,)(PP)(,)(VP)|VP
0.791968 (NN)|ADJP
0.791968 (NN)(JJ)(NN)(NNS)|NP
0.791968 (NN)(JJ)(NNS)|NP
0.791968 (NN)(JJR)|ADJP
0.791968 (NN)(NN)(JJ)(NNS)|NP
0.791968 (NNP)(NN)(NN)|NP
0.791968 (NNP)(NNP)(NNS)|NP
0.791968 (NNP)(POS)|NP
0.791968 (NP)(,)(ADJP)(,)|NP
0.791968 (NP)(CC)(SBAR)|NP
0.791968 (NP)(CC)(S)|NP
0.791968 (NP)(JJ)(NN)|NP
0.791968 (NP)(JJR)|ADJP
0.791968 (NP)(NP)(VP)(.)|S
0.791968 (NP)(,)(PP)(NP)(VP)(.)|S
0.791968 (NP)(PP)(,)(SBAR)|NP
0.791968 (NP)(,)(PP)(,)(VP)(.)|S
0.791968 (NP)(PRN)|VP
0.791968 (NP)(RBR)(JJ)|ADJP
0.791968 (NP)(,)(RRC)|NP
0.791968 (NP)|S
0.791968 (NP)(:)(S)|NP
0.791968 (NP-TMP)(,)(NP)(VP)|S
0.791968 (NP-TMP)(NP)(VP)(.)|S
0.791968 (NP-TMP)(VP)|S
0.791968 (NP)(,)(VP)(,)|NP
0.791968 (``)(NP)(VP)|S
0.791968 (NX)(CC)(NX)|NX
0.791968 (PP)(,)(ADVP)(,)(NP)(VP)(.)|S
0.791968 (PP)(CC)(ADVP)|UCP
0.791968 (PP)(CC)(PRN)(PP)|PP
0.791968 (PP)(,)(CC)(RB)(PP)|PP
0.791968 (PP)(,)(PP)(CC)(PP)|PP
0.791968 (,)(PP)(,)|PRN
0.791968 (PRP$)(CC)(PRP$)|ADJP
0.791968 (PRP$)(CD)(NNS)|NP
0.791968 (PRP$)(JJS)(JJ)(NN)|NP
0.791968 (PRP$)(NNS)(S)|NP
0.791968 (PRP$)(VBN)(NN)|NP
0.791968 (RB)(DT)(NN)(NN)|NP
0.791968 (RB)(JJ)(PP)|ADVP
0.791968 (RB)(JJR)|NP
0.791968 (RB)(NN)|ADVP
0.791968 (RB)(NN)(NN)|NP
0.791968 (RB)(RB)(IN)(S)|SBAR
0.791968 (RB)(RB)(RB)|ADVP
0.791968 (RBR)(IN)|ADVP
0.791968 (RBR)(JJ)(JJ)(NNS)|NP
0.791968 (RBR)(PP)|ADVP
0.791968 (SBAR)(,)(ADVP)(NP)(VP)|S
0.791968 (S)(CC)(ADVP)(S)|S
0.791968 (S)(SBARQ)|S
0.791968 (S)(,)(VP)(.)|S
0.791968 (TO)(CC)(IN)(NP)|PP
0.791968 (VB)|ADJP
0.791968 (VB)(CC)(VB)(PP)|VP
0.791968 (VBD)(ADJP)(PP)|VP
0.791968 (VBD)(NP)(NP)|VP
0.791968 (VBD)(NP)(PP)(SBAR)|VP
0.791968 (VBD)(PRT)(NP)|VP
0.791968 (VBD)(S)(SBAR)|VP
0.791968 (VBG)(NP)(PP)(,)(PP)|VP
0.791968 (VBG)(NP)(PP)(S)|VP
0.791968 (VBG)(PP)(,)(SBAR)(,)(SBAR)|VP
0.791968 (VBG)(PRT)(ADVP)|VP
0.791968 (VBN)(ADJP)(SBAR)|VP
0.791968 (VBN)(NP)(ADVP)|VP
0.791968 (VB)(NP)(ADVP)(S)|VP
0.791968 (VBN)(PP)(PP)(PP)|VP
0.791968 (VBN)(PP)(,)(PP)|VP
0.791968 (VBN)(PP)(,)(S)|VP
0.791968 (VBN)(PRN)|VP
0.791968 (VBN)(PRT)(PP)(S)|VP
0.791968 (VBN)(,)(S)|VP
0.791968 (VBP)(ADVP)(PP)(PP)|VP
0.791968 (VBP)(CC)(VBP)|VP
0.791968 (VBZ)(ADVP)(ADVP)|VP
0.791968 (VBZ)(,)(ADVP)(,)(S)|VP
0.791968 (VBZ)(ADVP)(,)(S)|VP
0.791968 (VBZ)(ADVP)(S)|VP
0.791968 (VBZ)(NP)(S)|VP
0.791968 (VBZ)(NP)(VP)|SQ
0.791968 (VBZ)(,)(S)|VP
0.791968 (VP)(,)(CC)(ADVP)(,)(VP)|VP
0.791968 (VP)(,)(CC)(RB)(VP)|VP
0.791968 (VP)(CC)(VP)(SBAR)|VP
0.791968 (VP)(NP)|SINV
0.791968 (VP)(PRN)(CC)(VP)|VP
0.791968 (VP)(,)(VP)(,)(VP)(PP)|VP
0.791968 (WDT)(NN)(NNS)|WHNP
0.791968 (WHADJP)(NNS)|WHNP
0.791968 (WP$)(NNS)|WHNP
0.792146 (DT)|NP
0.792966 (DT)(JJ)(JJ)(NN)|NP
0.801177 (RB)(DT)(NN)|NP
0.801177 (VBN)(ADVP)(PP)|VP
0.804383 (VB)(PP)(PP)|VP
0.810549 |CC
0.811967 (NP)(,)(CC)(NP)|NP
0.811967 (SBAR)(CC)(SBAR)|SBAR
0.811967 (VBZ)(ADVP)(ADJP)|VP
0.812706 (NP)(,)(NP)(,)(NP)(CC)(NP)|NP
0.812706 (NP)(UCP)|NP
0.812706 (PDT)(DT)|NP
0.812706 (RB)(JJ)(SBAR)|ADJP
0.812706 (S)(,)(ADVP)(S)(.)|S
0.812706 (TO)(SBAR)|PP
0.812706 (VB)(ADJP)(S)|VP
0.812706 (VB)(ADVP)(NP)|VP
0.812706 (VB)(CC)(VB)(NP)(PP)|VP
0.812706 (VBD)(ADVP)(PP)|VP
0.812706 (VBG)(NNS)|NP
0.812706 (VBG)(PP)(S)|VP
0.812706 (VBN)(ADJP)(PP)|VP
0.812706 (VBN)(ADJP)|VP
0.812706 (VB)(NP)(ADVP)(SBAR)|VP
0.812706 (VBN)(PP)(ADVP)|VP
0.812706 (VBN)(PRT)(PP)|VP
0.812706 (VBP)(RB)|VP
0.812706 (VB)(PRT)(SBAR)|VP
0.812706 (VP)(,)(VP)(,)(CC)(VP)|VP
0.812706 (WDT)(NNS)|WHNP
0.812706 (WDT)|NP
0.814303 (RB)(RB)|ADVP
0.815039 (DT)(NN)(S)|NP
0.81649 (VBZ)(ADVP)(NP)|VP
0.817865 (VP)|S
0.82735 (JJ)(NN)(S)|NP
0.82735 (VBZ)(PP)(SBAR)|VP
0.82735 (VP)(,)(CC)(ADVP)(VP)|VP
0.828287 (VB)(PRT)(PP)|VP
0.837101 |POS
0.837101 (VP)(,)(CC)(VP)|VP
0.838243 (PRP)|ADVP
0.838243 (RB)(IN)(S)|PP
0.838243 (VBN)(PP)|PP
0.844006 (IN)(SBAR)|PP
0.844793 (MD)(RB)(VP)|VP
0.846662 (SBAR)(,)(CC)(SBAR)|SBAR
0.853365 (DT)(JJ)(JJ)(NNS)|NP
0.853365 (VBP)(RB)(ADJP)|VP
0.853365 (VBZ)(RB)(VP)|VP
0.85838 |NNP
0.858735 (RP)|PRT
0.869607 |JJ
0.870465 (ADVP)(NP)(VP)|S
0.870465 (PDT)(DT)(NN)|NP
0.876779 |RP
0.881629 |EX
0.881629 (EX)|NP
0.883909 (ADJP)(ADJP)|ADJP
0.883909 (ADJP)(,)(ADJP)(CC)(ADJP)|ADJP
0.883909 (ADJP)(ADJP)(NN)|NP
0.883909 (ADJP)(ADVP)|RRC
0.883909 (ADJP)(ADVP)|S
0.883909 (ADJP)(,)(CC)(ADJP)(,)|ADJP
0.883909 (ADJP)(CC)(ADJP)(,)(CC)(ADVP)|ADJP
0.883909 (ADJP)(CC)(ADJP)(PP)|UCP
0.883909 (ADJP)(DT)(NN)|NP
0.883909 (ADJP)(.)|FRAG
0.883909 (ADJP)(JJ)(NN)(NNS)|NP
0.883909 (ADJP)(NNP)(NNS)|NP
0.883909 (ADJP)(NNS)(CC)(NN)|NP
0.883909 (ADJP)(NP)|ADJP
0.883909 (ADJP)(NP)|NP
0.883909 (ADJP)(NP)|S
0.883909 (ADJP)(PP)(PP)(SBAR)|ADJP
0.883909 (ADJP)(.)|S
0.883909 (ADJP)(SBAR)(.)|FRAG
0.883909 (ADJP)(SBAR)|S
0.883909 (ADVP)(,)(ADVP)(,)(NP)(VP)(.)|S
0.883909 (ADVP)(ADVP)(,)(NP)(VP)(.)|S
0.883909 (ADVP)(ADVP)|PRN
0.883909 (ADVP)(CC)(PP)|UCP
0.883909 (ADVP)(JJ)(S)|ADJP
0.883909 (ADVP)(MD)(RB)(VP)|VP
0.883909 (ADVP)(NN)|NP-TMP
0.883909 (ADVP)(,)(NP)(ADVP)(VP)|S
0.883909 (ADVP)(,)(NP)(.)|FRAG
0.883909 (ADVP)(NP)(NP-TMP)|S
0.883909 (ADVP)(,)(NP)(NP-TMP)(VP)(.)|S
0.883909 (ADVP)(NP)(PP)|NP
0.883909 (ADVP)(NP)(,)(S)(VP)(.)|S
0.883909 (,)(ADVP)(NP)(VP)|S
0.883909 (ADVP)(,)(PP)(,)(NP)(ADVP)(VP)(.)|S
0.883909 (ADVP)(,)(PP)|UCP
0.883909 (ADVP)(PP)|VP
0.883909 (ADVP)(PRN)(NP)(,)(VP)(.)|S
0.883909 (ADVP)(PRN)(VP)(.)|S
0.883909 (ADVP)(,)(S)(,)(S)(,)(CC)(S)(.)|S
0.883909 (ADVP)(VB)(ADVP)|VP
0.883909 (ADVP)(VB)(CC)(VB)(SBAR)|VP
0.883909 (ADVP)(VBD)(PP)|VP
0.883909 (ADVP)(VBG)(CC)(VBG)(NP)(PP)|VP
0.883909 (ADVP)(VBG)(CC)(VBG)(NP)|VP
0.883909 (ADVP)(VBN)|ADJP
0.883909 (ADVP)(VBN)(CC)(VBN)(NP)|VP
0.883909 (ADVP)(VB)(NP)(ADVP)|VP
0.883909 (ADVP)(VBN)(PP)(ADVP)|VP
0.883909 (ADVP)(VB)(NP)(PP)|VP
0.883909 (ADVP)(VBN)(PRT)(PP)(PP)|VP
0.883909 (ADVP)(VB)(``)(NP)(S)|VP
0.883909 (ADVP)(VB)(NP)(S)|VP
0.883909 (ADVP)(VB)(NP-TMP)|VP
0.883909 (ADVP)(VBP)(PRT)(PP)|VP
0.883909 (ADVP)(VB)(PRT)(NP)|VP
0.883909 (ADVP)(VB)(PRT)(PP)|VP
0.883909 (ADVP)(VB)(SBAR)|VP
0.883909 (ADVP)(VBZ)(NP)(SBAR)|VP
0.883909 (ADVP)(VBZ)(PP)(SBAR)|VP
0.883909 (ADVP)(VBZ)(SBAR)(PP)|VP
0.883909 (ADVP)(VBZ)(VP)|VP
0.883909 (ADVP)(VP)(CC)(VP)|VP
0.883909 (ADVP)(VP)(PP)|S
0.883909 (,)(ADVP)(,)(VP)|S
0.883909 (ADVP)(,)(VP)|S
0.883909 (ADVP)(VP)(.)|S
0.883909 (ADVP)(VP)(,)(VP)|VP
0.883909 (ADVP)(WRB)|WHADVP
0.883909 (CC)(ADVP)(.)|FRAG
0.883909 (CC)(ADVP)(NP)(VP)|S
0.883909 (,)(CC)(ADVP)(PP)|PRN
0.883909 (CC)(ADVP)(,)(SBAR)(NP)(VP)(.)|S
0.883909 (CC)(,)(NP)(ADVP)(VP)(.)|S
0.883909 (CC)(NP)(ADVP)(VP)|S
0.883909 (CC)(NP)(CC)(NP)|NP
0.883909 (CC)(NP)|FRAG
0.883909 (CC)(NP)|PRN
0.883909 (:)(CC)(,)(NP)(-RRB-)|PRN
0.883909 (CC)(PP)|FRAG
0.883909 (CC)(,)(PP)(NP)(VP)(.)|S
0.883909 (CC)(PP)(,)(S)(VP)(.)|S
0.883909 (CC)(RB)|ADVP
0.883909 (CC)(SBAR)(,)(NP)(ADVP)(VP)(.)|S
0.883909 (CC)(,)(SBAR)(,)(NP)(VP)(.)|S
0.883909 (CC)(,)(SBAR)(NP)(VP)(.)|S
0.883909 (CC)(SBAR)(,)(S)(CC)(S)(.)|S
0.883909 (,)(CC)(S)(,)|PRN
0.883909 (CC)(S)(,)(S)(CC)(S)(.)|S
0.883909 (CC)(VBP)(NP)(VP)(.)|SINV
0.883909 (CC)(VP)(,)(VP)|VP
0.883909 (CD)(CC)(CD)|QP
0.883909 (CD)(JJR)|NP
0.883909 (CD)(NNS)|NP-TMP
0.883909 (CD)|NP-TMP
0.883909 (CD)(TO)(CD)|QP
0.883909 (,)(CONJP)(ADJP)(,)|PRN
0.883909 (CONJP)(MD)(NP)(VP)|SINV
0.883909 (CONJP)(PP)(,)(CC)(PP)|PP
0.883909 (CONJP)(SINV)(,)(CC)(S)(.)|S
0.883909 (CONJP)(SINV)(,)(S)(.)|S
0.883909 (CONJP)(VP)(CONJP)(VP)|VP
0.883909 (DT)(ADJP)(JJ)(NNS)|NP
0.883909 (DT)(ADJP)(NNP)(NN)|NP
0.883909 (DT)(ADJP)(NNS)(NN)(NN)|NP
0.883909 (DT)(CC)(DT)|ADJP
0.883909 (DT)(CD)(NN)(NN)(NN)|NP
0.883909 (DT)(DT)(NN)(NN)|NP
0.883909 (DT)(IN)|ADVP
0.883909 (DT)(JJ)|ADJP
0.883909 (DT)(JJ)(CC)(NN)(NN)(NN)|NP
0.883909 (DT)(JJ)(JJ)(JJ)(NN)(NN)|NP
0.883909 (DT)(JJ)(,)(JJ)(,)(JJ)(NN)|NP
0.883909 (DT)(JJ)(JJ)(JJ)(NN)|NP
0.883909 (DT)(JJ)(JJ)(NN)(NN)(NNS)|NP
0.883909 (DT)(JJ)(,)(JJ)(NN)(NN)|NP
0.883909 (DT)(JJ)(JJ)(NN)(NNS)|NP
0.883909 (DT)(JJ)(,)(JJ)(NNS)|NP
0.883909 (DT)(JJ)(JJ)(NN)(S)|NP
0.883909 (DT)(JJ)(JJ)|NP
0.883909 (DT)(JJ)(NN)(CC)(NN)(NN)(NN)|NP
0.883909 (DT)(JJ)(NN)(NN)(NNS)(NN)|NP
0.883909 (DT)(JJ)(NN)(NN)(NNS)|NP
0.883909 (DT)(JJ)(``)(NN)('')|NP
0.883909 (DT)(JJ)(NNP)(NN)(NNS)|NP
0.883909 (DT)(JJ)(NNP)(NNP)(NN)(NN)|NP
0.883909 (DT)(JJ)(NNP)(NNP)|NP
0.883909 (DT)(JJ)(NNS)(CC)(NN)|NP
0.883909 (DT)(JJ)(NN)(:)(S)|NP
0.883909 (DT)(JJ)(NNS)(S)|NP
0.883909 (DT)(JJ)|QP
0.883909 (DT)(JJR)(ADJP)(NN)|NP
0.883909 (DT)(JJR)(JJ)(NN)|NP
0.883909 (DT)(JJR)|NP
0.883909 (DT)(JJR)|X
0.883909 (DT)(JJS)(NNS)(CC)(NNS)|NP
0.883909 (DT)(JJ)(S)|NP
0.883909 (DT)(NN)(CC)(NNS)|NP
0.883909 (DT)(NN)(JJ)|ADJP
0.883909 (DT)(NN)(,)(JJ)(NN)|NP
0.883909 (DT)(NN)(NN)(,)(CC)(NN)(NN)|NP
0.883909 (DT)(NN)(,)(NN)(CC)(NN)|NP
0.883909 (DT)(NN)(NN)(CC)(NNS)|NP
0.883909 (DT)(NN)(NN)(NN)(VBG)(NN)|NP
0.883909 (DT)(NN)(NNS)(CC)(NN)(NN)|NP
0.883909 (DT)(NN)(NNS)(NN)|NP
0.883909 (DT)(NN)(NN)(VBG)(NN)|NP
0.883909 (DT)(NN)(NN)(VBN)(NN)|NP
0.883909 (DT)(NN)(.)|NP
0.883909 (DT)(NNP)(NNP)(NN)|NP
0.883909 (DT)(NNP)(NNPS)(JJ)(NN)(CC)(NN)(NN)|NP
0.883909 (DT)(NNS)(CC)(NN)(NN)|NP
0.883909 (DT)(NNS)(,)(NNS)(CC)(NNS)|NP
0.883909 (DT)(NN)(VBG)|NP
0.883909 (DT)(NP)|NP
0.883909 (DT)(PP)(,)(CC)(PP)|PP
0.883909 (DT)(PRN)(NN)|NP
0.883909 (DT)(PRP$)(JJ)(NNS)|NP
0.883909 (DT)(QP)(NNS)|NP
0.883909 (DT)(RB)|ADVP
0.883909 (DT)(RB)(JJ)|ADJP
0.883909 (DT)(RB)(JJ)(NN)|NP
0.883909 (DT)(RB)(JJ)(NNS)|NP
0.883909 (DT)(RB)(JJS)|NP
0.883909 (DT)(RB)(NN)(NN)|NP
0.883909 (DT)(TO)(VP)|VP
0.883909 (DT)(VBG)(NNP)(NN)|NP
0.883909 (DT)(VBN)(NNP)(NN)|NP
0.883909 (DT)|WHNP
0.883909 (FRAG)(NP)(VP)|S
0.883909 (FRAG)|SBAR
0.883909 (IN)|ADJP
0.883909 (IN)(CC)(NP)|PP
0.883909 (IN)(JJS)(CD)|QP
0.883909 (IN)(NN)|ADJP
0.883909 (IN)(NP)|NP
0.883909 (IN)(``)(NP)|PP
0.883909 (IN)(NP)(:)|PP
0.883909 (IN)(RB)(S)|SBAR
0.883909 (IN)(,)(SBAR)(,)(NP)(ADVP)(VP)(.)|S
0.883909 (IN)(SINV)|SBAR
0.883909 (INTJ)(,)(ADVP)|FRAG
0.883909 (INTJ)(,)(MD)(NP)(VP)(.)|SQ
0.883909 (INTJ)(,)(S)(CC)(S)|S
0.883909 (JJ)(ADJP)(NN)(NNS)|NP
0.883909 (JJ)(ADJP)(NNS)|NP
0.883909 (JJ)(ADVP)(PP)|ADJP
0.883909 (JJ)(,)(CC)(JJ)|ADJP
0.883909 (JJ)(,)(CC)(JJ)(,)|ADJP
0.883909 (JJ)(DT)(NNS)|NP
0.883909 (JJ)(IN)(:)(NP)|PP
0.883909 (JJ)(,)(JJ)(CC)(JJ)(NNS)|NP
0.883909 (JJ)(JJ)(VBN)(NNS)|NP
0.883909 (JJ)(-LRB-)(NN)(,)(NN)|NP
0.883909 (JJ)(NN)|ADVP
0.883909 (JJ)(NN)(CC)(NN)(NNS)|NP
0.883909 (JJ)(NN)(NN)(CC)(NN)(NNS)|NP
0.883909 (JJ)(NN)(NNS)(CC)(NNS)|NP
0.883909 (JJ)(NN)(NN)(S)|NP
0.883909 (JJ)(NNP)(NNS)|NP
0.883909 (JJ)(NNS)(CC)(NN)|NP
0.883909 (JJ)(NNS)(NN)(NNS)|NP
0.883909 (JJ)(NNS)(NNS)|NP
0.883909 (JJ)(NNS)(RB)|NP
0.883909 (JJ)(NP-TMP)(,)(PP)|ADJP
0.883909 (JJ)(PP)|VP
0.883909 (JJ)(,)(RB)(DT)(JJ)(NN)|NP
0.883909 (JJ)(RB)(PP)|ADJP
0.883909 (JJR)(CC)(JJR)|ADVP
0.883909 (JJR)(IN)(DT)|QP
0.883909 (JJR)(NN)(CC)(NNS)|NP
0.883909 (JJR)(NN)(NNS)(CC)(NNS)|NP
0.883909 (JJR)(NN)(:)|NP
0.883909 (JJS)(CC)(JJS)|ADJP
0.883909 (JJS)(JJ)(NNS)|NP
0.883909 (JJS)(NNP)(NNS)|NP
0.883909 (JJ)(TO)(JJ)|ADJP
0.883909 (JJ)(VBD)|ADJP
0.883909 (JJ)(VBG)|ADJP
0.883909 (JJ)(VBG)(JJ)(NNS)|NP
0.883909 (-LRB-)(CC)(S)(-RRB-)|PRN
0.883909 (-LRB-)(CC)(VB)(-RRB-)|PRN
0.883909 (-LRB-)(FW)(,)(ADJP)(-RRB-)|PRN
0.883909 (-LRB-)(NP)(NP)(PP)(.)|NP
0.883909 (-LRB-)(PRP)(-RRB-)|PRN
0.883909 (-LRB-)(VP)(-RRB-)|PRN
0.883909 (LS)|LST
0.883909 (LST)(:)(NP)(VP)(.)|S
0.883909 (MD)(,)(ADVP)(,)(VP)|VP
0.883909 (MD)(CC)(MD)(RB)(VP)|VP
0.883909 (MD)(NP)(ADVP)(VP)(.)|SQ
0.883909 (MD)(NP)(S)|VP
0.883909 (MD)(RB)(,)(ADVP)(,)(VP)|VP
0.883909 (MD)(RB)(NP)(VP)|SQ
0.883909 (MD)(RB)(S)|VP
0.883909 (MD)(VP)(:)(NP)|VP
0.883909 (MD)(VP)(,)(VP)|VP
0.883909 (NN)(CC)(JJ)(NNS)|NP
0.883909 (NN)(CC)(NNS)(NNS)|NP
0.883909 (NN)(CC)(NN)|UCP
0.883909 (NN)(CC)(VBG)(NN)|NP
0.883909 (NN)(CD)(NN)(NN)|NP
0.883909 (NN)(,)(JJ)(NN)(CC)(NN)|NP
0.883909 (NN)(JJ)(NN)(NN)|NP
0.883909 (NN)(,)(NN)(CC)(JJ)(NN)(NNS)|NP
0.883909 (NN)(,)(NN)(,)(CC)(NN)(NNS)|NP
0.883909 (NN)(,)(NN)(NN)(CC)(NN)(NNS)|NP
0.883909 (NN)(NN)(NN)(NN)|NP
0.883909 (NN)(NN)(NN)(NNS)|NP
0.883909 (NN)(NN)|NX
0.883909 (NN)(NNS)(,)(NN)(CC)(JJ)(NN)(NNS)|NP
0.883909 (NN)(NNS)|NX
0.883909 (NN)(NNS)(S)|NP
0.883909 (NNP)(NN)(CC)(JJ)(NNS)|NP
0.883909 (NNP)(NNP)(NN)(NNS)|NP
0.883909 (NNP)(NNP)(NNP)(NNP)(.)|NP
0.883909 (NNP)(NNP)(NNP)|NP
0.883909 (NNP)(NNP)(NNPS)(NNP)|NP
0.883909 (NNP)(NNS)(,)(NN)(NNS)(CC)(NNS)|NP
0.883909 (NN)(PRN)(S)|NP
0.883909 (NNPS)(CC)(JJ)(JJ)(JJ)(NNS)|NP
0.883909 (NNS)(CC)(JJ)(JJ)(NN)(NNS)|NP
0.883909 (NNS)(CC)(JJ)(NNS)|NP
0.883909 (NNS)(CC)(JJR)(NNS)|NP
0.883909 (NNS)(CONJP)(NNS)|NP
0.883909 (NNS)(,)(NNS)(CC)(NN)(NNS)|NP
0.883909 (NNS)(,)(NNS)(CC)(NNS)|NP
0.883909 (NNS)(NP)(NP)|SQ
0.883909 (NNS)|NX
0.883909 (NNS)(PP)|ADVP
0.883909 (NNS)(RB)|NP
0.883909 (NN)(S)|VP
0.883909 (NN)(VBG)(NN)|NP
0.883909 (NN)(VBG)|NP
0.883909 (NN)(VBN)(NNS)|NP
0.883909 (NP)(,)(ADJP)(,)(NP)|NP
0.883909 (NP)(ADVP)(,)(CC)(NP)|NP
0.883909 (NP)(:)(ADVP)|NP
0.883909 (NP)(,)(ADVP)(NP)|NP
0.883909 (NP)(,)(ADVP)(NP)(VP)(.)|S
0.883909 (NP)(ADVP)(NP)(VP)|S
0.883909 (NP)(ADVP)|S
0.883909 (NP)(ADVP)(S)|NP
0.883909 (NP)(,)(ADVP)(,)(VP)(.)|S
0.883909 (NP)(CC)(ADVP)|UCP
0.883909 (NP)(CC)(NP)(CC)(NP)|NP
0.883909 (NP)(,)(CC)(RB)(ADJP)|UCP
0.883909 (NP)(CC)(RB)|NP-TMP
0.883909 (NP)(,)(CC)(RB)(RB)(RB)(NP)|NP
0.883909 (NP)(,)(CC)(SBAR)|UCP
0.883909 (NP)(DT)(VP)|S
0.883909 (NP)(FRAG)|NP
0.883909 (NP)(IN)|ADVP
0.883909 (NP)(IN)(S)|SBAR
0.883909 (NP)(JJ)(PP)|ADVP
0.883909 (NP)(-LRB-)(CC)(NP)(-RRB-)|NP
0.883909 (NP)(-LRB-)(SBAR)(,)|NP
0.883909 (NP)(NN)(NN)(NN)|NP
0.883909 (NP)(NN)(NNS)|NP
0.883909 (NP)(NN)(S)|NP
0.883909 (NP)(NP)(,)(CC)(NP)|NP
0.883909 (NP)(,)(NP)(CC)(PP)(,)(NP)|NP
0.883909 (NP)(,)(NP)(,)(FW)|NP
0.883909 (NP)(,)(NP)(,)(NP)(,)(CC)(NP)|NP
0.883909 (NP)(,)(NP)(,)(NP)(,)(FW)|NP
0.883909 (NP)(,)(NP)(,)(NP)(,)(NP)(,)(CC)(NP)|NP
0.883909 (NP)(,)(NP)(,)(NP)(,)(NP)(,)(NP)(CC)(ADVP)(NP)|NP
0.883909 (NP)(,)(NP)(,)(NP)(,)(NP)(,)(NP)(CC)(NP)|NP
0.883909 (NP)(,)(NP)(,)(NP)(,)(NP)(,)(NP)|NP
0.883909 (NP)(,)(NP)|NP-TMP
0.883909 (NP)(NP)(PP)|NP
0.883909 (NP)(NP)(SBAR)|S
0.883909 (NP)(NP-TMP)(SBAR)|NP
0.883909 (NP)(NP-TMP)(S)|NP
0.883909 (NP)(,)(NP)(VP)(.)|S
0.883909 (NP)(,)(PP)(,)(CC)(NP)|NP
0.883909 (NP)(PP)|FRAG
0.883909 (:)(NP)(PP)|NP
0.883909 (NP)(PP)(,)|NP
0.883909 (NP)(PP)|NP-TMP
0.883909 (NP)(:)(PP)(,)(PP)|NP
0.883909 (NP)(PP)(PP)(``)|NP
0.883909 (NP)(PP)(PP)(PP)|NP
0.883909 (NP)(PP)(-RRB-)|NP
0.883909 (NP)(PP)(UCP)|NP
0.883909 (NP)(PP)(VP)|NP
0.883909 (NP)(PP)(:)(VP)(-RRB-)|NP
0.883909 (:)(NP)(:)|PRN
0.883909 (NP)(PRN)(,)|NP
0.883909 (NP)(PRN)(NP)(ADVP)(VP)(.)|S
0.883909 (NP)(PRN)(PP)|NP
0.883909 (NP)(RB)(ADVP)(VP)|S
0.883909 (NP)(RB)|NP
0.883909 (NP)(,)(RB)(NP)(ADVP)|NP
0.883909 (NP)(,)(RB)(NP)(,)|NP
0.883909 (NP)(,)(RB)(RB)(NP)|NP
0.883909 (NP)(RB)(RB)(NP)|NP
0.883909 (NP)(RRC)|NP
0.883909 (NP)(SBAR)(.)|NP
0.883909 (NP)(SBAR)(,)(PP)|NP
0.883909 (NP)(,)(SBAR)(,)(VP)(.)|S
0.883909 (NP)(SBAR)(VP)(.)|S
0.883909 (NP)(SBAR)|X
0.883909 (NP)(``)(S)('')|NP
0.883909 (NP)(:)(S)(.)|NP
0.883909 (NP)(,)(S)(,)(VP)(.)|S
0.883909 (NP)(,)(UCP)|NP
0.883909 (NP)(VBN)(NN)|NP
0.883909 (NP)(VP)(.)|NP
0.883909 (NP)(VP)(.)(-RRB-)|S
0.883909 (NP)(VP)(SBAR)|NP
0.883909 (NX)(,)(CC)(NX)(,)|NX
0.883909 (PDT)(DT)(JJ)(NN)(NN)|NP
0.883909 (PDT)(DT)(NN)(CC)(NN)|NP
0.883909 (PDT)(DT)(NNS)(NN)|NP
0.883909 (PDT)(PRP$)(JJ)(NN)(NNS)|NP
0.883909 (PDT)(PRP$)(JJ)(NNS)|NP
0.883909 (PDT)(PRP$)(NN)(NNS)|NP
0.883909 (PDT)(PRP$)(NNS)(CC)(NNS)|NP
0.883909 (POS)|NP
0.883909 (PP)(ADVP)(,)(NP)(VP)(.)|S
0.883909 (PP)(,)(ADVP)(VP)(.)|S
0.883909 (PP)(CC)(ADVP)(PP)|PP
0.883909 (PP)(CC)(ADVP)(SBAR)|UCP
0.883909 (PP)(,)(CC)(ADVP)|UCP
0.883909 (PP)(,)(CC)(PP)(,)|PP
0.883909 (PP)(CC)(RB)(PP)|PP
0.883909 (PP)(CC)(VP)|UCP
0.883909 (PP)(,)(CONJP)(PP)|PP
0.883909 (PP)(,)(NP)(ADVP)(ADVP)(VP)|S
0.883909 (PP)(,)(NP)(NP-TMP)(VP)(.)|S
0.883909 (PP)(NP)|VP
0.883909 (PP)(PP)(,)(PP)(,)(NP)(VP)|S
0.883909 (,)(PP)|PRN
0.883909 (PP)(PRN)|PP
0.883909 (PP)(,)(RB)(RB)(IN)(S)|PP
0.883909 (PP)|S
0.883909 (PP)(,)(S)(ADVP)(VP)(.)|S
0.883909 (PP)(,)(SBAR)(NP)(VP)(.)|S
0.883909 (PP)(SBAR)(,)(NP)(VP)(.)|S
0.883909 (PP)(,)(S)(:)(CC)(,)(S)(.)|S
0.883909 (PP)(,)(S)(.)|S
0.883909 (PP)(,)(S)(:)(S)(,)(CC)(S)(.)|S
0.883909 (PP)(VBP)(ADVP)(VP)|VP
0.883909 (PP)(VBP)(NP)|VP
0.883909 (PP)(,)(VP)|S
0.883909 (PRN)(NNS)|NP
0.883909 (PRP$)(ADJP)(JJ)(NN)(NN)|NP
0.883909 (PRP$)(JJ)(CC)(JJ)(NNS)|NP
0.883909 (PRP$)(JJ)(NN)(CC)(NN)(NNS)|NP
0.883909 (PRP$)(JJ)(NN)(,)(NN)(CC)(NN)|NP
0.883909 (PRP$)(JJ)(NNS)(CC)(NNS)|NP
0.883909 (PRP$)(JJ)(NNS)(NN)|NP
0.883909 (PRP$)(JJ)(NN)(S)|NP
0.883909 (PRP$)(JJ)(NNS)(S)|NP
0.883909 (PRP$)(JJ)(PRN)(NN)|NP
0.883909 (PRP$)(JJR)(NN)|NP
0.883909 (PRP$)(JJ)(VBN)(NN)|NP
0.883909 (PRP$)(NN)(CC)(JJ)(VBG)(NNS)|NP
0.883909 (PRP$)(NN)(,)(NN)(CC)(NN)(NNS)|NP
0.883909 (PRP$)(NN)(,)(NN)(CC)(NN)|NP
0.883909 (PRP$)(NN)(NNS)(NN)|NP
0.883909 (PRP$)(NNP)(NNS)|NP
0.883909 (PRP$)(NN)(RB)|NP
0.883909 (PRP$)(NP)|NP
0.883909 (PRP)(POS)|NP
0.883909 (PRP)(PRN)|NP
0.883909 (PRP$)(VBN)(NN)(NN)|NP
0.883909 (QP)(JJ)(NN)(NNS)|NP
0.883909 (RB)(ADJP)(NN)|NP
0.883909 (RB)(ADJP)(NN)(S)|NP
0.883909 (RB)(ADJP)|S
0.883909 (RB)(ADVP)|ADVP
0.883909 (RB)(ADVP)(VBN)(PP)|VP
0.883909 (RB)(ADVP)(VBN)|VP
0.883909 (RB)(ADVP)(VP)|S
0.883909 (RB)(CC)(RB)|NP
0.883909 (RB)(CD)|QP
0.883909 (RB)(DT)(NNS)(CC)(NNS)|NP
0.883909 (RB)(IN)|ADVP
0.883909 (RB)(IN)(FRAG)|SBAR
0.883909 (RB)(IN)(S)(.)|SBAR
0.883909 (RB)(JJ)|ADVP
0.883909 (RB)(JJ)(RB)|ADJP
0.883909 (RB)(JJS)|ADJP
0.883909 (RB)(NN)(JJ)|ADJP
0.883909 (RB)(NNP)|NP
0.883909 (RB)(NNS)(CC)(NNS)|NP
0.883909 (RB)|PP
0.883909 (RB)(PP)(,)(CC)(PP)|PP
0.883909 (RB)(PP)(.)|FRAG
0.883909 (RB)(PP)|PP
0.883909 (RB)(PRP)|NP
0.883909 (RB)(RB)(IN)|ADVP
0.883909 (RB)(RB)(JJ)|ADVP
0.883909 (RB)(RB)(JJ)(NNS)|NP
0.883909 (RB)(RB)(JJR)|ADJP
0.883909 (RB)(RBR)(JJ)(PP)|ADJP
0.883909 (RB)(RBR)(JJ)(S)|ADJP
0.883909 (RB)(RBR)|NP
0.883909 (RB)(RB)(VBN)(PP)|ADJP
0.883909 (RBR)(DT)(NN)|NP
0.883909 (RBR)(IN)(VP)|PP
0.883909 (RBR)(JJ)(NNS)|NP
0.883909 (RBR)(NP)|PP
0.883909 (RBR)(VBN)|ADJP
0.883909 (RBR)(VBN)(PP)|ADJP
0.883909 (RB)(S)|ADVP
0.883909 (RB)(S)|PP
0.883909 (RBS)(RB)(JJ)|ADJP
0.883909 (RB)(VBG)(ADJP)(PP)|VP
0.883909 (RB)(VBG)(NP)|VP
0.883909 (RB)(VBG)(SBAR)|VP
0.883909 (RB)(VBN)(NN)|NP
0.883909 (RB)(VB)(NP)(PP)|VP
0.883909 (RB)(VB)(NP)|VP
0.883909 (RB)(VBN)(S)|ADJP
0.883909 (RB)(VBN)(SBAR)|ADJP
0.883909 (RB)(VP)(.)|FRAG
0.883909 (RB)(VP)|VP
0.883909 (RB)(WHADVP)(S)|SBAR
0.883909 (RB)(,)(WHNP)(SQ)(.)|SBARQ
0.883909 (RP)(CC)(RP)|PRT
0.883909 (S)(ADJP)|S
0.883909 (S)(,)(ADVP)(,)(NP)(VP)(.)|S
0.883909 (``)(S)(,)(ADVP)(S)|S
0.883909 (S)(ADVP)(VP)|S
0.883909 (SBAR)(ADVP)(NP)(VP)|S
0.883909 (SBAR)(,)(ADVP)(VP)|S
0.883909 (SBAR)(ADVP)(VP)(.)|S
0.883909 (SBAR)(CC)(FRAG)|SBAR
0.883909 (SBAR)(CC)(NP)|NP
0.883909 (SBAR)(CC)(SBAR)|NP
0.883909 (SBAR)(,)(CC)(SBAR)(,)(SBAR)|SBAR
0.883909 (SBAR)(CC)(SBAR)(SBAR)|SBAR
0.883909 (SBAR)(:)(NP)|NP
0.883909 (,)(SBAR)(,)(NP)(VP)|S
0.883909 (:)(SBAR)(:)|PRN
0.883909 (SBAR)(PRN)(NP)(VP)|S
0.883909 (SBAR)(,)(SQ)(.)|SBARQ
0.883909 (SBAR)(,)(S)(,)(VP)(.)|S
0.883909 (SBAR)(,)(WHNP)(S)(.)|SBARQ
0.883909 (S)(CC)(NP)|NP
0.883909 (S)(CC)(S)(CC)(S)(.)|S
0.883909 (S)(,)(CC)(SQ)|S
0.883909 (S)(CC)(S)(.)(-RRB-)|S
0.883909 (S)(:)(CC)(S)(.)|S
0.883909 (S)(,)(CC)(S)|SBAR
0.883909 (S)(CC)(S)(:)(S)(.)|S
0.883909 (S)(IN)(S)|S
0.883909 (,)(SINV)(,)|PRN
0.883909 (S)(NP)(PP)(VP)(.)|S
0.883909 (S)(,)|PRN
0.883909 (S)(PRN)(IN)(S)(.)|S
0.883909 (S)(PRN)(VP)(.)|S
0.883909 (S)(,)(RB)(SBARQ)|S
0.883909 (S)(,)(SBAR)(.)|S
0.883909 (S)(,)(S)(CC)(S)|S
0.883909 (S)(S)(,)(CC)(S)(.)|S
0.883909 (S)(,)(S)|S
0.883909 (S)(,)(S)(,)(S)(CC)(S)(.)|S
0.883909 (S)(,)(VP)(NP)(.)|SINV
0.883909 (TO)(ADVP)(VP)|VP
0.883909 (TO)(DT)(VP)|VP
0.883909 (TO)|NP
0.883909 (TO)(PRN)(NP)|PP
0.883909 (TO)(RB)|PP
0.883909 (TO)(RB)(VP)|VP
0.883909 (UCP)(JJ)(NN)(NN)|NP
0.883909 (UCP)(S)|SBAR
0.883909 (VB)(ADJP)(,)(ADJP)|VP
0.883909 (VB)(ADJP)(NP)|VP
0.883909 (VB)(ADJP)(PP)(,)(PP)|VP
0.883909 (VB)(ADJP)(,)(S)|VP
0.883909 (VB)(ADVP)(,)(ADVP)|VP
0.883909 (VB)(ADVP)(PP)(PP)|VP
0.883909 (VB)(ADVP)(PP)(S)(,)(ADVP)|VP
0.883909 (VB)(ADVP)(PP)(S)|VP
0.883909 (VB)(ADVP)(PRN)|VP
0.883909 (VB)(ADVP)(VP)|VP
0.883909 (VB)(CC)(VB)(NP)(SBAR)|VP
0.883909 (VB)(CC)(VB)(S)(SBAR)|VP
0.883909 (VBD)(ADJP)(PP)(S)(SBAR)|VP
0.883909 (VBD)(ADJP)(,)(S)|VP
0.883909 (VBD)(ADVP)(ADJP)|VP
0.883909 (VBD)(ADVP)(,)(ADVP)|VP
0.883909 (VBD)(ADVP)(PP)(NP-TMP)(SBAR)|VP
0.883909 (VBD)(ADVP)(,)(SBAR)|VP
0.883909 (VBD)(,)(ADVP)(,)(VP)|VP
0.883909 (VBD)(NP)(NP-TMP)(PP)|VP
0.883909 (VBD)(NP)(PP)(PP)(PP)|VP
0.883909 (VBD)(NP)(PP)(S)|VP
0.883909 (VBD)(NP)(PRT)(PP)|VP
0.883909 (VBD)(NP)(S)(,)(SBAR)|VP
0.883909 (VBD)(NP)(,)(S)|VP
0.883909 (VBD)(PP)(S)|VP
0.883909 (VBD)(PRT)(ADVP)|VP
0.883909 (VBD)(PRT)(NP)(,)(PP)|VP
0.883909 (VBD)(PRT)(PP)(PP)(PP)|VP
0.883909 (VBD)(PRT)(PP)|VP
0.883909 (VBD)(PRT)(SBAR)|VP
0.883909 (VBD)(PRT)(S)|VP
0.883909 (VBD)(RB)(ADVP)(VP)|VP
0.883909 (VBD)(RB)|VP
0.883909 (VBD)(S)(S)|VP
0.883909 (VBD)(,)(S)|VP
0.883909 (VBD)(UCP)|VP
0.883909 (VBG)|ADJP
0.883909 (VBG)(ADJP)(PP)|VP
0.883909 (VBG)(ADVP)(NP)|VP
0.883909 (VBG)(ADVP)(PP)(,)(SBAR)|VP
0.883909 (VBG)(ADVP)(SBAR)|VP
0.883909 (VBG)(ADVP)(S)|VP
0.883909 (VBG)(CC)(VBG)(NP)(PP)|VP
0.883909 (VBG)(INTJ)(PP)|VP
0.883909 (VBG)(JJ)(NN)(NN)|NP
0.883909 (VBG)(NNS)(NNS)|NP
0.883909 (VBG)(NP)(ADVP)(S)|VP
0.883909 (VBG)(NP)(NP-TMP)|VP
0.883909 (VBG)(NP)(PP)(ADVP)|VP
0.883909 (VBG)(NP)(PP)(,)(S)|VP
0.883909 (VBG)(NP)(PRT)(S)|VP
0.883909 (VBG)(NP)(,)(S)|VP
0.883909 (VBG)(NP)(:)(S)|VP
0.883909 (VBG)(NP-TMP)|VP
0.883909 (VBG)(PP)(,)(ADVP)(PP)(,)(SBAR)|VP
0.883909 (VBG)(PP)(,)(PP)|VP
0.883909 (VBG)(PRN)(S)|VP
0.883909 (VBG)(PRT)(NP)(PP)|VP
0.883909 (VBG)(PRT)(PP)(PP)|VP
0.883909 (VBG)(PRT)(SBAR)|VP
0.883909 (VBG)(,)(VBG)(NP)|VP
0.883909 (VBN)(ADJP)(PRN)(,)(S)|VP
0.883909 (VBN)(ADVP)(ADVP)(PP)(,)(PP)|VP
0.883909 (VBN)(ADVP)(PP)(,)(PP)|VP
0.883909 (VBN)(ADVP)(,)(PP)|VP
0.883909 (VBN)(ADVP)(SBAR)|VP
0.883909 (VBN)(ADVP)(,)(S)|VP
0.883909 (VBN)(ADVP)(S)|VP
0.883909 (VBN)(CC)(VBN)(PP)|VP
0.883909 (VBN)(NN)(NN)(NNS)|NP
0.883909 (VBN)(NN)(NN)|NP
0.883909 (VBN)(NN)(NNS)|NP
0.883909 (VBN)(NNS)(CC)(NNS)|NP
0.883909 (VBN)(NP)(NP)|VP
0.883909 (VBN)(NP)(PP)(:)(SBAR)|VP
0.883909 (VBN)(NP)(PP)(S)|VP
0.883909 (VBN)(NP-TMP)(SBAR)|VP
0.883909 (VBN)(NP-TMP)(S)(,)(PP)|VP
0.883909 (VB)|NP
0.883909 (VB)(NP)(ADVP)(,)(PP)|VP
0.883909 (VB)(NP)(,)(ADVP)(SBAR)(,)(SBAR)|VP
0.883909 (VB)(NP)(,)(NP)(PP)|VP
0.883909 (VBN)(PP)(,)(ADVP)|VP
0.883909 (VB)(NP)(PP)(,)(ADJP)|VP
0.883909 (VB)(NP)(PP)(,)(ADVP)|VP
0.883909 (VB)(NP)(PP)(NP-TMP)|VP
0.883909 (VB)(NP)(PP)(PP)(PRN)(NP)(PP)|VP
0.883909 (VB)(NP)(PP)(,)(SBAR)|VP
0.883909 (VB)(NP)(PP)(S)|VP
0.883909 (VB)(``)(NP)(PP)|VP
0.883909 (VB)(NP)('')(PP)|VP
0.883909 (VB)(NP)(PRT)|VP
0.883909 (VB)(NP)(RB)(VP)|VP
0.883909 (VBN)(PRT)(NP)(S)|VP
0.883909 (VBN)(PRT)(SBAR)|VP
0.883909 (VB)(NP-TMP)|VP
0.883909 (VBN)(S)(PP)|VP
0.883909 (VBN)(S)(,)(SBAR)|VP
0.883909 (VBN)(UCP)(,)(S)|VP
0.883909 (VBN)(UCP)|VP
0.883909 (VBP)(ADVP)(ADVP)(,)(ADJP)|VP
0.883909 (VBP)(ADVP)(NP)(SBAR)|VP
0.883909 (VBP)(ADVP)(NP)(,)(S)|VP
0.883909 (VBP)(ADVP)(PP)(,)(ADJP)(PP)|VP
0.883909 (VBP)(,)(ADVP)(PP)|VP
0.883909 (VBP)(ADVP)(RB)(NP)(PP)(PP)|VP
0.883909 (VBP)(ADVP)(RB)(NP)(,)(SBAR)|VP
0.883909 (VBP)(,)(ADVP)(,)(SBAR)|VP
0.883909 (VBP)(,)(ADVP)(S)|VP
0.883909 (VBP)(ADVP)(,)(S)|VP
0.883909 (VBP)(CC)(VBP)(NP)|VP
0.883909 (VBP)(CC)(VBP)(PP)|VP
0.883909 (VBP)(NP)(ADJP)(.)|SQ
0.883909 (VBP)(NP)(PP)(,)(ADVP)(PP)|VP
0.883909 (VBP)(NP)(PP)(ADVP)|VP
0.883909 (VBP)(NP)(PP)(:)(S)|VP
0.883909 (VBP)(NP)(PP)(,)(VP)|VP
0.883909 (VBP)(NP)(PRT)(PP)|VP
0.883909 (VBP)(NP)(SBAR)(,)(S)|VP
0.883909 (VB)(PP)(,)(ADVP)(SBAR)|VP
0.883909 (VB)(PP)(,)(ADVP)(,)(S)|VP
0.883909 (VB)(PP)(,)(ADVP)|VP
0.883909 (VB)(PP)(,)(PP)(ADVP)|VP
0.883909 (VB)(PP)(PP)(PP)|VP
0.883909 (VBP)(,)(PP)(PP)|VP
0.883909 (VB)(PP)(PP)(,)(SBAR)|VP
0.883909 (VB)(PP)(,)(PP)|VP
0.883909 (VB)(PP)(PRN)|VP
0.883909 (VBP)(PP)(S)(,)(SBAR)|VP
0.883909 (VBP)(PP)(S)(,)(S)|VP
0.883909 (VBP)(PRT)(NP)|VP
0.883909 (VBP)(PRT)(PP)|VP
0.883909 (VBP)(PRT)(UCP)|VP
0.883909 (VB)(PP)(,)(S)|VP
0.883909 (VB)(,)(PP)|VP
0.883909 (VBP)(RB)(ADVP)(S)|VP
0.883909 (VBP)(RB)(PP)|VP
0.883909 (VB)(PRN)|VP
0.883909 (VB)(PRT)(NP)(ADVP)(PP)|VP
0.883909 (VB)(PRT)(NP)(ADVP)(S)|VP
0.883909 (VB)(PRT)(NP)(,)(S)|VP
0.883909 (VB)(PRT)(PP)(SBAR)|VP
0.883909 (VBP)(S)(NP-TMP)|VP
0.883909 (VBP)(S)(,)(PP)|VP
0.883909 (VBP)(S)(S)(PRN)(SBAR)|VP
0.883909 (VBP)(S)(:)(S)|VP
0.883909 (VBP)(S)(S)|VP
0.883909 (VB)(S)(ADVP)|VP
0.883909 (VB)(SBARQ)|VP
0.883909 (VB)(S)(PP)|VP
0.883909 (VB)(S)(PRN)|VP
0.883909 (VB)(S)(S)|VP
0.883909 (VB)(,)(S)|VP
0.883909 (VB)(,)(VB)(CC)(VB)(NP)|VP
0.883909 (VBZ)(ADJP)(ADVP)(PP)|VP
0.883909 (VBZ)(ADJP)(ADVP)(SBAR)|VP
0.883909 (VBZ)(ADJP)(,)(ADVP)|VP
0.883909 (VBZ)(ADJP)(PP)(PRN)(PP)|VP
0.883909 (VBZ)(ADJP)(PP)(:)|VP
0.883909 (VBZ)(ADJP)(S)(SBAR)(,)(CC)(VP)|VP
0.883909 (VBZ)(ADJP)(S)(,)(S)|VP
0.883909 (VBZ)(ADJP)(,)(S)|VP
0.883909 (VBZ)(ADVP)(ADJP)(NP-TMP)|VP
0.883909 (VBZ)(ADVP)(ADJP)(,)(SBAR)(,)(SBAR)|VP
0.883909 (VBZ)(ADVP)(ADJP)(S)(,)(PP)|VP
0.883909 (VBZ)(,)(ADVP)(,)(ADJP)(S)|VP
0.883909 (VBZ)(ADVP)(ADJP)(S)|VP
0.883909 (VBZ)(ADVP)(ADVP)(NP)|VP
0.883909 (VBZ)(ADVP)(NP)(SBAR)|VP
0.883909 (VBZ)(ADVP)(PP)(S)|VP
0.883909 (VBZ)(ADVP)(SBAR)|VP
0.883909 (VBZ)(NP)(ADJP)|VP
0.883909 (VBZ)(NP)(PP)(PP)|VP
0.883909 (VBZ)(NP)(PP)(S)|VP
0.883909 (VBZ)(NP)(PRT)(PP)|VP
0.883909 (VBZ)(NP)(:)(SBAR)|VP
0.883909 (VBZ)(PP)(PP)(,)(S)|VP
0.883909 (VBZ)(PP)(,)(SBAR)|VP
0.883909 (VBZ)(PP)(,)(S)|VP
0.883909 (VBZ)(PRT)(NP)(:)(SBAR)|VP
0.883909 (VBZ)(PRT)(NP)(S)|VP
0.883909 (VBZ)(PRT)(PP)|VP
0.883909 (VBZ)(RB)(ADJP)(,)(SBAR)(SBAR)|VP
0.883909 (VBZ)(RB)(ADVP)(ADJP)|VP
0.883909 (VBZ)(SBARQ)|VP
0.883909 (VBZ)(S)(SBAR)|VP
0.883909 (VBZ)(UCP)|VP
0.883909 (VP)(CC)(ADVP)(VP)(,)(VP)(,)(CC)(VP)|VP
0.883909 (VP)(CC)(PRN)(VP)|VP
0.883909 (VP)(CC)(VP)(ADJP)|VP
0.883909 (VP)(CC)(VP)(,)(CC)(VP)|VP
0.883909 (VP)(CC)(VP)(CC)(VP)|VP
0.883909 (VP)(CC)(VP)(NP)(PRN)|VP
0.883909 (VP)(CC)(VP)(NP)|VP
0.883909 (VP)(:)(CC)(VP)|VP
0.883909 (VP)(CC)(VP)(VP)|VP
0.883909 (VP)(NP)|S
0.883909 (VP)(:)(NP)|VP
0.883909 (VP)(,)(PP)(,)(VP)(NP)(.)|SINV
0.883909 (VP)(PRN)(S)|VP
0.883909 (VP)(PRN)(,)(VP)|VP
0.883909 (VP)(PRN)(VP)|VP
0.883909 (VP)(,)|S
0.883909 (VP)(VP)(NP)(.)|SINV
0.883909 (VP)(,)(VP)(,)(NP)|VP
0.883909 (VP)(:)(VP)|VP
0.883909 (VP)(,)(VP)(,)(VP)(NP)|VP
0.883909 (VP)(,)(VP)(,)(VP)|VP
0.883909 (VP)(,)(VP)(,)(VP)(,)(VP)|VP
0.883909 (WDT)(NN)|NP
0.883909 (WHADJP)(JJR)(NNS)|WHNP
0.883909 (WHADVP)(CC)(IN)|UCP
0.883909 (WHADVP)|FRAG
0.883909 (WHADVP)(NP)(.)|FRAG
0.883909 (WHADVP)(RB)(VP)(.)|FRAG
0.883909 (WHADVP)|SBARQ
0.883909 (WHADVP)(,)(SQ)(.)|SBARQ
0.883909 (WHNP)(FRAG)|SBAR
0.883909 (WHNP)|SBAR
0.883909 (WHNP)(.)|SBARQ
0.883909 (WHNP)(SQ)|SBARQ
0.883909 (WP)|NP
0.883909 (WP)(RB)|WHNP
0.883909 (WRB)|ADVP
0.883909 (WRB)|INTJ
0.885846 (VBN)(NP)|VP
0.889276 |''
0.889276 (ADJP)(NN)(NNS)|NP
0.889276 (ADVP)(VBP)(NP)|VP
0.889276 (ADVP)(VBZ)(NP)|VP
0.889276 (DT)(ADJP)(JJ)(NN)|NP
0.889276 (DT)(JJ)(JJ)(NN)(NN)|NP
0.889276 (DT)(NN)(NN)(NN)(NN)|NP
0.889276 (IN)(IN)(S)|SBAR
0.889276 (NP)(ADVP)(PP)|NP
0.889276 (NP)(PP)(.)|NP
0.889276 (NP)(PP)|VP
0.889276 (RB)(PP)(NP)(VP)(.)|S
0.889276 (SBAR)(NP)(ADVP)(VP)(.)|S
0.889276 (S)(CC)(RB)(S)(.)|S
0.889276 (S)(PRN)(CC)(S)(.)|S
0.889276 (VBG)(CC)(VBG)(PP)|VP
0.889276 (VBG)(NP)(ADVP)(PP)|VP
0.889276 (VB)(PRT)(S)|VP
0.889276 (VBP)(S)(,)(SBAR)|VP
0.889276 (VBZ)(NP)(PP)(SBAR)|VP
0.889276 (VBZ)(NP)|SQ
0.889276 (VBZ)(NP)(,)(S)|VP
0.889276 (VBZ)(PP)(S)|VP
0.889276 (VP)(,)(CONJP)(VP)|VP
0.889276 (VP)|SQ
0.88996 (VB)(NP)(S)|VP
0.892941 (DT)(CD)(NNS)|NP
0.892941 (JJ)(IN)(S)|PP
0.892941 (JJ)(RB)(S)|ADJP
0.892941 (NN)(S)|NP
0.892941 (PRP$)(NNS)(CC)(NNS)|NP
0.892941 (RB)(RBR)|ADVP
0.892941 (RBR)(JJ)(S)|ADJP
0.892941 (VB)(NP)(ADVP)(PP)|VP
0.892941 (VB)(PP)(NP)|VP
0.892941 (VBP)(PP)(S)|VP
0.892941 (VB)(PP)(S)|VP
0.892941 (VB)(S)(SBAR)|VP
0.892941 (VBZ)(NP)(ADVP)|VP
0.892978 |TO
0.895602 (NP)(,)(PP)|NP
0.897623 (LS)|ADVP
0.897623 (NN)|NP-TMP
0.897623 (RB)(NN)|NP
0.897623 (S)(NP)(VP)(.)|S
0.897623 (VBP)(ADJP)(PP)|VP
0.897623 (VP)(CONJP)(VP)|VP
0.901541 (VB)(PP)(SBAR)|VP
0.903172 (ADVP)(SBAR)|ADVP
0.903816 (VB)(PRT)(NP)|VP
0.906852 (TO)(VP)|VP
0.907344 (PP)(NP)(VP)(.)|S
0.907518 |VBD
0.908343 (RB)(JJ)(PP)|ADJP
0.915732 |WDT
0.91989 (VBN)(PP)|VP
0.922466 (IN)(NP)|PP
0.922974 |NN
0.925642 (TO)(NP)|PP
0.92842 (ADVP)(NP)(VP)(.)|S
0.936913 (VBZ)(S)|VP
0.938433 (VP)(.)|S
0.943253 (VBG)(ADVP)|VP
0.945331 |PRP$
0.945567 (WRB)|WHADVP
0.948056 |IN
0.948549 (VB)|VP
0.955112 |NNPS
0.955112 (VBD)(ADVP)(VP)|VP
0.955112 (VBN)|ADJP
0.958486 (VB)(S)|VP
0.958785 |DT
0.961388 (ADVP)(,)(S)(CC)(S)(.)|S
0.961388 (VBZ)(ADJP)(S)(SBAR)|VP
0.964651 (DT)(NN)|NP
0.969826 (PDT)(NP)(CC)(NP)|NP
0.969826 (VBN)(NP)(SBAR)|VP
0.969826 (VBZ)(NP)(,)(SBAR)|VP
0.975646 (RB)|ADVP
0.975652 (WDT)|WHNP
0.976559 (ADJP)(PP)|ADJP
0.976559 (DT)(JJR)(NN)|NP
0.978299 (JJ)(NN)|NP
0.978346 (RB)(JJ)|ADJP
0.981774 (ADJP)(JJ)(NN)|NP
0.981774 (ADJP)(PP)|VP
0.981774 (ADVP)(DT)(JJ)(NN)|NP
0.981774 (ADVP)(RB)|ADVP
0.981774 (ADVP)(VBG)(PP)|VP
0.981774 (CC)(ADVP)(,)(NP)(VP)(.)|S
0.981774 (CC)(MD)(NP)(VP)|SINV
0.981774 (CC)(SBAR)(.)|FRAG
0.981774 (CD)(NN)(NNS)|NP
0.981774 (DT)(ADJP)|NP
0.981774 (DT)(JJ)(CC)(JJ)|ADJP
0.981774 (DT)(JJ)(CC)(JJ)(NN)|NP
0.981774 (DT)(JJ)(NN)(NN)(NN)|NP
0.981774 (DT)(JJ)(NNS)(CC)(NNS)|NP
0.981774 (DT)(NNS)(NN)|NP
0.981774 (FW)|NP
0.981774 (IN)(NP)(.)|PP
0.981774 (INTJ)(,)(NP)(VP)(.)|S
0.981774 (JJ)(,)(JJ)(CC)(JJ)|ADJP
0.981774 (JJ)(NNS)(NN)(NN)|NP
0.981774 (JJ)(NNS)(NN)|NP
0.981774 (JJ)(NNS)(POS)|NP
0.981774 (JJR)(JJ)(NNS)|NP
0.981774 (JJR)(NNS)(S)|NP
0.981774 (JJ)(VBG)(NNS)|NP
0.981774 (MD)|VP
0.981774 (NNP)(NN)(NNS)|NP
0.981774 (NNS)(CC)(NN)|NP
0.981774 (NP)(ADJP)(ADVP)|S
0.981774 (NP)(NN)(NN)|NP
0.981774 (NP)(.)|NP
0.981774 (NP)(,)(PP)(,)(VP)|S
0.981774 (NP)(PRN)(VP)(.)|S
0.981774 (NP-TMP)(NP)(VP)|S
0.981774 (PP)(NP)(ADVP)(VP)(.)|S
0.981774 (PRP$)(NN)(NN)(NN)|NP
0.981774 (PRP$)(NNS)(NN)|NP
0.981774 (QP)(NN)|NP
0.981774 (RBS)|ADVP
0.981774 (RB)(WHADVP)(SQ)(.)|SBARQ
0.981774 (S)(ADVP)(VP)(.)|S
0.981774 (UCP)(NNS)|NP
0.981774 (VB)(ADVP)(ADVP)|VP
0.981774 (VB)(ADVP)(S)|VP
0.981774 (VBD)(ADVP)|VP
0.981774 (VBD)(NP)(PP)(PP)|VP
0.981774 (VBD)(``)(S)|VP
0.981774 (VB)(NP)(,)(ADVP)|VP
0.981774 (VBN)(PRT)|VP
0.981774 (VB)(NP)(VP)|VP
0.981774 (VBN)(S)(SBAR)|VP
0.981774 (VB)(PRT)(NP)(ADVP)|VP
0.981774 (VB)(PRT)(PP)(PP)|VP
0.981774 (VBP)(S)(SBAR)|VP
0.981774 (VBZ)(ADJP)(,)(PP)|VP
0.981774 (VBZ)(ADVP)(ADJP)(SBAR)|VP
0.981774 (VBZ)(RB)(NP)(SBAR)|VP
0.997243 (ADVP)(,)(NP)(VP)|S
0.997243 (PRP$)(NN)(S)|NP
0.998873 (WHADVP)(S)|SBAR
1.00746 (PP)(,)(NP)(ADVP)(VP)(.)|S
1.00746 (VB)(CC)(VB)(NP)|VP
1.01569 (VBP)(VP)|VP
1.01771 (VBZ)(VP)|VP
1.02047 (NP)(,)(CONJP)(NP)|NP
1.02047 (PRP$)(JJ)|NP
1.02047 (RB)(CC)(RB)|ADVP
1.02047 (VBP)(NP)(S)|VP
1.02116 (VB)(VP)|VP
1.02136 (VB)(ADVP)|VP
1.02156 (VB)(NP)(SBAR)|VP
1.02249 |RB
1.02504 |WRB
1.02741 (NP)(SBAR)|NP
1.0296 (VBZ)|VP
1.03136 (VBN)(VP)|VP
1.0376 (DT)(RB)|NP
1.0376 (NNS)(POS)|NP
1.0376 (QP)(NNS)|NP
1.0376 (RB)(RBR)(JJ)|ADJP
1.0376 (VBG)(ADVP)(PP)|VP
1.0376 (VBP)(RB)(NP)|VP
1.03943 (IN)(ADJP)|PP
1.04911 (VBZ)(SBAR)|VP
1.05066 (NP)(ADVP)(VP)(.)|S
1.05283 (VBZ)(NP)|VP
1.05386 (PP)(,)(S)(VP)(.)|S
1.05386 (VBP)(ADVP)(PP)|VP
1.06097 (VBZ)(PP)|VP
1.0612 (CC)(S)|SBAR
1.0612 (DT)(CD)(NN)|NP
1.0612 (DT)(NN)(CC)(NN)(NN)|NP
1.0612 (MD)(NP)(VP)(.)|SQ
1.0612 (PDT)(PRP$)(NNS)|NP
1.0612 (PRP$)(JJ)(NN)(NN)|NP
1.0612 (RB)(NNS)|NP
1.0612 (VBD)(ADJP)(SBAR)|VP
1.0612 (VBD)(NP)(SBAR)|VP
1.0612 (VBG)(PP)(,)(S)|VP
1.0612 (VBP)(NP)(NP)|VP
1.0612 (VBZ)(PP)(PP)|VP
1.0612 (WHNP)(SQ)(.)|SBARQ
1.06131 |VB
1.06245 (NN)(NNS)|NP
1.06293 (JJR)(NNS)|NP
1.07198 (JJ)(SBAR)|ADJP
1.07268 (NNP)|NP
1.07753 (VBD)(PP)|VP
1.08092 (VBP)(NP)(SBAR)|VP
1.09507 (VBZ)(NP)(PP)|VP
1.09543 (SBAR)(.)|FRAG
1.09543 (VBZ)(ADVP)|VP
1.09575 (ADJP)(,)(ADJP)|ADJP
1.09575 (ADJP)|FRAG
1.09575 (ADJP)(NN)(CC)(NN)|NP
1.09575 (ADJP)(NN)(NN)(NNS)|NP
1.09575 (ADJP)(PP)(S)|ADJP
1.09575 (ADVP)(DT)(NN)|NP
1.09575 (ADVP)(NP)|FRAG
1.09575 (ADVP)(,)(PP)(NP)(VP)(.)|S
1.09575 (ADVP)(,)(PP)(,)(SBAR)(,)(NP)(VP)(.)|S
1.09575 (ADVP)(,)(PP)(,)(S)(VP)(.)|S
1.09575 (ADVP)(SBAR)(.)|FRAG
1.09575 (ADVP)(,)(S)(,)(IN)(S)(.)|S
1.09575 (ADVP)(VBN)(PP)(PP)|VP
1.09575 (ADVP)(VBP)(NP)(PP)|VP
1.09575 (ADVP)(,)(VP)(.)|S
1.09575 (ADVP)(,)(X)(NP)(VP)(.)|S
1.09575 (CC)(S)(CC)(S)(.)|S
1.09575 (CONJP)(PP)(CC)(ADVP)|UCP
1.09575 (CONJP)(PP)(,)(CONJP)(PP)|PP
1.09575 (DT)(ADJP)(NN)(S)|NP
1.09575 (DT)(CD)|NP
1.09575 (DT)(JJ)(ADJP)(NN)|NP
1.09575 (DT)(JJ)(CC)(JJ)(NNS)|NP
1.09575 (DT)(JJ)(NNP)(NN)|NP
1.09575 (DT)(NNP)(NNPS)|NP
1.09575 (DT)(NN)(RB)|NP
1.09575 (DT)(NNS)(CC)(NN)(NNS)|NP
1.09575 (DT)(RBS)(JJ)(NN)|NP
1.09575 (IN)(NP)(,)(ADVP)|PP
1.09575 (IN)(PRN)(S)|SBAR
1.09575 (IN)(PRP$)(NNS)|PP
1.09575 (INTJ)(,)(NP)(VP)|S
1.09575 (INTJ)(VP)(.)|S
1.09575 (JJ)(,)(ADJP)(NNS)|NP
1.09575 (JJ)(NN)(CC)(JJ)(NNS)|NP
1.09575 (JJR)(IN)(NP)|QP
1.09575 (JJR)(NN)(NN)|NP
1.09575 (JJS)(NN)(NNS)|NP
1.09575 (MD)(S)|VP
1.09575 (NN)|ADVP
1.09575 (NN)(CC)(JJ)(NN)|NP
1.09575 (NN)(IN)|ADVP
1.09575 (NN)(JJ)(NN)|NP
1.09575 (NN)(POS)|NP
1.09575 (NN)|PP
1.09575 (NNS)(.)|NP
1.09575 (NP)(,)(CC)(ADVP)(NP)|NP
1.09575 (NP)(CC)(S)|UCP
1.09575 (NP)(PP)(,)(PP)(,)|NP
1.09575 (NP)(X)(SBAR)|NP
1.09575 (PDT)(PRP$)(NN)|NP
1.09575 (PP)(CC)(S)|UCP
1.09575 (,)(PP)(,)(NP)(VP)|S
1.09575 (PP)(PP)|PP
1.09575 (PP)(,)(S)(,)(IN)(S)(.)|S
1.09575 (PRP)(DT)|NP
1.09575 (PRP)(JJ)(NN)|NP
1.09575 (PRP$)(JJS)(NN)|NP
1.09575 (PRP$)(NN)(CC)(NNS)|NP
1.09575 (PRP)(NN)|NP
1.09575 (QP)(NN)(NN)|NP
1.09575 (RB)(CD)(NN)|NP
1.09575 (RB)(CD)(NNS)|NP
1.09575 (RB)(DT)(JJ)(NNS)|NP
1.09575 (RB)(DT)(NNS)|NP
1.09575 (RB)(JJ)|QP
1.09575 (RB)(NP)(PP)|ADVP
1.09575 (RB)(PP)(CC)(PP)|PP
1.09575 (RB)(RB)(CC)(RB)|ADVP
1.09575 (RB)(RB)(JJ)(S)|ADJP
1.09575 (RB)(SBAR)|ADJP
1.09575 (SBAR)(,)(NP)(VP)(.)(-RRB-)|S
1.09575 (SBAR)(,)(S)(VP)(.)|S
1.09575 (SBAR)(,)(WHADVP)(SQ)(.)|SBARQ
1.09575 (S)(,)(CC)(FRAG)(.)|S
1.09575 (S)(,)(S)(,)(CC)(S)|S
1.09575 (TO)(ADJP)|PP
1.09575 (VB)(ADJP)(,)(SBAR)|VP
1.09575 (VBD)(NP)(ADVP)|VP
1.09575 (VBD)(NP)(VP)|VP
1.09575 (VBG)(NN)(NN)|NP
1.09575 (VBG)(NP)(PP)(,)(SBAR)|VP
1.09575 (VBN)(NP-TMP)|VP
1.09575 (VB)(NP)(PP)(,)(S)|VP
1.09575 (VBN)(PP)(,)(SBAR)|VP
1.09575 (VB)(NP)(,)(SBAR)(,)(PP)|VP
1.09575 (VBP)(ADJP)(,)(PP)|VP
1.09575 (VBP)(ADVP)(ADVP)|VP
1.09575 (VBP)(ADVP)(,)(SBAR)|VP
1.09575 (VBP)(NP)(PP)(S)|VP
1.09575 (VBP)(NP)(,)(PP)|VP
1.09575 (VBP)(PRT)(NP)(PP)|VP
1.09575 (VBZ)(ADVP)(NP)(S)|VP
1.09575 (VBZ)(NP)(ADJP)(S)(.)|SQ
1.09575 (VBZ)(PP)(ADVP)|VP
1.09575 (VBZ)(RB)(ADVP)(ADJP)(PP)|VP
1.09575 (VBZ)(RB)(ADVP)(VP)|VP
1.09575 (VBZ)(RB)(S)|VP
1.09575 (VP)(.)|SQ
1.09575 (VP)(,)(VP)(,)(VP)(CC)(VP)|VP
1.09575 (WP)(NN)|WHNP
1.09575 (WP)|X
1.09575 (WRB)|WHNP
1.09575 (X)(NP)(VP)|S
1.10026 (DT)(JJ)(NN)|NP
1.10504 (VBZ)(ADVP)(VP)|VP
1.10986 (VBP)(S)|VP
1.11211 (NP)(NN)|NP
1.11729 (VBG)(NP)(ADVP)|VP
1.11778 (DT)(NNS)|NP
1.12695 (IN)(PP)|ADVP
1.12695 (NP)|FRAG
1.12695 (NP)(RB)(VP)|S
1.12695 (NP)(,)(SBAR)(,)|NP
1.12695 (PP)(,)(S)(,)(CC)(S)(.)|S
1.12695 (RB)(NP)|ADVP
1.12695 (RB)(S)|SBAR
1.12695 (SYM)|NP
1.12695 (VBD)(NP)(S)|VP
1.12695 (VB)(PRT)(NP)(PP)|VP
1.12695 (WRB)(JJ)|WHADJP
1.12867 (VBD)(NP)|VP
1.12936 (VBP)(PP)|VP
1.13171 |.
1.1428 (DT)(JJ)|NP
1.14498 (VBP)(NP)|VP
1.14533 (ADVP)(,)(PP)(,)(NP)(VP)(.)|S
1.14533 (NP)(RB)|ADVP
1.14533 (VB)(ADJP)(PP)|VP
1.14533 (VBN)(PP)(SBAR)|VP
1.1519 |VBZ
1.15746 (ADVP)(,)(SBAR)(,)(NP)(VP)(.)|S
1.15891 (NP)(NP)|NP
1.15891 (S)(CC)(S)|S
1.17158 (CC)(ADVP)(NP)(VP)(.)|S
1.17158 (CC)(PP)(NP)(VP)(.)|S
1.17158 (NNS)(NNS)|NP
1.17158 (NP)(IN)(NP)|PP
1.17158 (PDT)(DT)(NN)|NP-TMP
1.17158 (PP)(,)(PP)(,)(NP)(VP)(.)|S
1.17158 (PP)(VP)|S
1.17158 (RB)(JJ)(NN)|NP-TMP
1.17158 (RB)(VBN)(PP)|ADJP
1.17158 (VBG)(CC)(VBG)|VP
1.17158 (VB)(NP)(UCP)|VP
1.17158 (VBP)(NP)(VP)(.)|SQ
1.17158 (VBP)(PP)(ADVP)|VP
1.17158 (VBP)(PRT)(S)|VP
1.1773 (JJ)|ADJP
1.17824 (NN)|NP
1.17928 |MD
1.18227 (CC)(NP)|PP
1.18227 (PP)(,)(SBAR)(,)(NP)(VP)(.)|S
1.18453 (VB)(NP)(PP)|VP
1.18885 (RBR)(JJ)(PP)|ADJP
1.19653 (VBD)|VP
1.19745 (WHNP)(S)|SBAR
1.20087 (VB)(NP)(NP)|VP
1.20963 (IN)(S)|SBAR
1.21123 |JJS
1.22092 (NP)(VP)|S
1.2255 |``
1.22946 (DT)(NN)|NP-TMP
1.22946 (TO)|PP
1.233 (NP)(ADJP)|S
1.23312 (ADVP)(,)(S)(,)(CC)(S)(.)|S
1.23312 (NN)(JJ)|NP
1.23312 (NP)(JJ)|ADJP
1.23312 (VBG)|NP
1.23312 (VBG)(NP)(PP)(PP)|VP
1.23312 (VBP)(ADJP)(,)(SBAR)|VP
1.23312 (VBZ)(RB)(ADJP)(SBAR)|VP
1.23312 (VBZ)(RB)(ADVP)(NP)|VP
1.23312 (WP)(NN)|NP
1.23512 |VBP
1.23684 (RB)(IN)(S)|SBAR
1.23966 (ADJP)(ADJP)|FRAG
1.23966 (ADJP)(CC)(ADVP)(ADJP)|ADJP
1.23966 (ADJP)(,)(CC)(ADVP)(PP)|UCP
1.23966 (ADJP)(JJ)|ADJP
1.23966 (ADJP)(,)(NP)|UCP
1.23966 (ADVP)(,)(ADVP)(NP)(VP)(.)|S
1.23966 (ADVP)(ADVP)(VBG)(PP)(SBAR)|VP
1.23966 (ADVP)(,)(ADVP)(VP)(.)|S
1.23966 (ADVP)|FRAG
1.23966 (ADVP)(NP)(ADVP)(VP)|S
1.23966 (ADVP)(,)(NP)(NP)(VP)(.)|S
1.23966 (ADVP)(NP)|S
1.23966 (ADVP)(:)(NP)(VP)(.)|S
1.23966 (ADVP)(,)(PP)(,)(ADVP)(,)(NP)(VP)(.)|S
1.23966 (ADVP)(PP)(CC)(PP)|PP
1.23966 (ADVP)(PP)|RRC
1.23966 (ADVP)(,)(PRN)(VP)(.)|S
1.23966 (ADVP)(RB)(NP)|PP
1.23966 (ADVP)(,)(SBAR)|NP
1.23966 (ADVP)(,)(SBAR)(,)(NP)(ADVP)(RB)(VP)(.)|S
1.23966 (ADVP)(,)(SBAR)(,)(NP)(VP)|S
1.23966 (ADVP)(SBAR)(,)(NP)(VP)(.)|S
1.23966 (ADVP)(,)(SBAR)(,)(PRN)(,)(NP)(VP)(.)|S
1.23966 (ADVP)(,)(S)(PRN)(CC)(S)(.)|S
1.23966 (ADVP)(,)(S)(,)(VP)(NP)(.)|S
1.23966 (ADVP)(,)(S)(VP)(.)|S
1.23966 (ADVP)(TO)(VP)|VP
1.23966 (ADVP)(VB)(NP)(PP)(PP)|VP
1.23966 (ADVP)(VBN)(PP)(,)(SBAR)|VP
1.23966 (ADVP)(VBP)(,)(PP)|VP
1.23966 (ADVP)(VBP)(SBAR)|VP
1.23966 (ADVP)(WHNP)(S)|SBAR
1.23966 (CC)(ADVP)(ADVP)|PRN
1.23966 (CC)(,)(ADVP)(,)(NP)(VP)(.)|S
1.23966 (CC)(DT)(NN)(NN)|NP
1.23966 (CC)(IN)(NP)|PP
1.23966 (CC)(PP)(,)(ADVP)(,)(VP)(.)|S
1.23966 (CC)(PP)(ADVP)(VP)(.)|S
1.23966 (CC)(PP)(CC)(PP)|PP
1.23966 (CC)(,)(PP)(,)(NP)(VP)(.)|S
1.23966 (CC)(PP)(PRN)(NP)(VP)(.)|S
1.23966 (CC)(PP)(,)(RB)(NP)(VP)(.)|S
1.23966 (CC)(PP)(,)(VP)(.)|S
1.23966 (CC)(PP)(,)(X)(NP)(VP)(.)|S
1.23966 (CC)(PRN)(NP)(VP)(.)|S
1.23966 (CC)(RB)(CC)(RB)|ADVP
1.23966 (CC)(RB)(IN)|ADVP
1.23966 (CC)(RB)(SBAR)|FRAG
1.23966 (CC)(SBAR)(NP)(VP)(.)|S
1.23966 (CC)(SBAR)(VP)(.)|S
1.23966 (CD)(CC)(JJR)|QP
1.23966 (CD)(NN)(CC)(JJ)(NNS)|NP
1.23966 (CD)(NNS)|QP
1.23966 (CONJP)(NP)(,)(CC)(NP)|NP
1.23966 (CONJP)(NP)(CONJP)(NP)|NP
1.23966 (CONJP)(VP)(,)(CONJP)(VP)|VP
1.23966 (DT)(ADJP)(NN)(CC)(NN)|NP
1.23966 (DT)(ADJP)(,)(NN)|NP
1.23966 (DT)(ADJP)(NX)|NP
1.23966 (DT)(JJ)(NN)(NNP)(NNP)(NNP)(NNP)(NNP)|NP
1.23966 (DT)(JJ)(NNS)(CC)(NN)(NNS)|NP
1.23966 (DT)(JJR)(NN)(S)|NP
1.23966 (DT)(JJS)(NN)(NN)|NP
1.23966 (DT)(MD)|NP
1.23966 (DT)(NN)(NN)(CC)(NN)(NN)|NP
1.23966 (DT)(NN)(NN)(RB)|NP
1.23966 (DT)(NN)(NNS)(CC)(NNS)|NP
1.23966 (DT)(NNP)(NN)(NN)|NP
1.23966 (DT)(NN)(PRP)|NP
1.23966 (DT)(NN)(SBAR)(.)|NP
1.23966 (DT)(NNS)(S)|NP
1.23966 (DT)(NN)|WHNP
1.23966 (DT)(RBS)(JJ)(JJ)(NN)|NP
1.23966 (DT)(RBS)(JJ)|NP
1.23966 (DT)(VP)|S
1.23966 (DT)(WHPP)|WHNP
1.23966 (FRAG)(,)(NP)(VP)|S
1.23966 (IN)(JJS)($)(CD)|QP
1.23966 (IN)(NN)(IN)(S)|SBAR
1.23966 (IN)(NP)(,)(ADVP)(NP)(VP)(.)|S
1.23966 (IN)(NP)(ADVP)|PP
1.23966 (IN)(NP)|VP
1.23966 (IN)(RB)|CONJP
1.23966 (IN)(S)(,)(S)(,)(PP)(.)|S
1.23966 (IN)|X
1.23966 (JJ)(CC)(NNS)(NN)|NP
1.23966 (JJ)(CC)(RB)|ADJP
1.23966 (JJ)(NN)(CC)(NN)(NN)(NN)|NP
1.23966 (JJ)(NN)(POS)|NP
1.23966 (JJ)(NP)|ADJP
1.23966 (JJ)(NP)|PP
1.23966 (JJ)|PP
1.23966 (JJ)(,)(RB)(JJ)|ADJP
1.23966 (JJR)(JJ)(NN)|NP
1.23966 (JJR)(PP)(PP)|ADJP
1.23966 (JJS)(JJ)|ADJP
1.23966 (JJS)(NNS)(CC)(NNS)|NP
1.23966 (MD)(RB)|VP
1.23966 (MD)(S)(,)(SBAR)|VP
1.23966 (MD)(``)(VP)|VP
1.23966 (NN)(CONJP)(JJ)|ADJP
1.23966 (NN)(DT)(NN)|NP
1.23966 (NN)(DT)|NP
1.23966 (NN)(JJR)|NP
1.23966 (NN)(NN)(CC)(NN)|NP
1.23966 (NN)(,)(NN)(,)(NN)(CC)(NN)|NP
1.23966 (NN)(,)(NN)(,)(NN)(NN)|NP
1.23966 (NN)(NNS)(CC)(NN)|NP
1.23966 (NN)(NNS)(NN)(NN)|NP
1.23966 (NN)(NNS)(POS)|NP
1.23966 (NNP)(NNP)(JJ)(NN)|NP
1.23966 (NNP)(NP)|VP
1.23966 (NN)(SBAR)|VP
1.23966 (NNS)(CC)(NN)(NN)|NP
1.23966 (NN)(VBN)(NN)|NP
1.23966 (NP)(,)(ADJP)|NP
1.23966 (NP)(ADVP)|NP-TMP
1.23966 (NP)(ADVP)(SBAR)|NP
1.23966 (NP)(,)(ADVP)(,)(VP)|S
1.23966 (NP)(CC)(ADJP)|ADJP
1.23966 (NP)(CC)(ADJP)|UCP
1.23966 (NP)(CC)(ADVP)(SBAR)|NP
1.23966 (NP)(,)(CONJP)(NP)(,)(ADVP)|NP
1.23966 (NP)(NN)(SBAR)|NP
1.23966 (NP)(NNS)(NN)|NP
1.23966 (NP)(,)(NP)(CC)(ADVP)(PP)|UCP
1.23966 (NP)(,)(NP)(,)(NP)|NP
1.23966 (NP)(NP)|NP-TMP
1.23966 (NP)(:)(NP)|NX
1.23966 (NP)(NP-TMP)(VP)(.)|S
1.23966 (NP)(POS)(NN)|NP
1.23966 (NP)(PP)(SBAR)|ADJP
1.23966 (NP)(PP)(,)(SBAR)(,)|NP
1.23966 (NP)(PRN)(NP)(VP)|S
1.23966 (NP)(PRN)(SBAR)|NP
1.23966 (NP)(RBR)(CC)(RBR)|ADVP
1.23966 (NP)(,)(RRC)(,)(PP)|NP
1.23966 (NP)(SBAR)|FRAG
1.23966 (NP)(SBAR)(,)(NP)|NP
1.23966 (NP)(SBAR)(PP)|NP
1.23966 (NP)(,)(S)(CC)(NP)|NP
1.23966 (NP)(:)(S)(.)|FRAG
1.23966 (NP)(,)(S)(.)|NP
1.23966 (NP)(S)|NP
1.23966 (NP-TMP)(,)(NP)(ADVP)(VP)(.)|S
1.23966 ('')(NP-TMP)|VP
1.23966 (NP)|VP
1.23966 (NP)(``)(VP)(,)(SBAR)|NP
1.23966 (NP)(WHADJP)|FRAG
1.23966 (PDT)(DT)(JJ)(NNS)|NP
1.23966 (PDT)(DT)(NN)(NN)|NP
1.23966 (PP)(,)(ADVP)(NP)(VP)(.)|S
1.23966 (PP)(,)(CC)(ADVP)(PP)|PP
1.23966 (PP)(,)(CC)(SBAR)|UCP
1.23966 (PP)(CONJP)(PP)|PP
1.23966 (PP)(NP-TMP)(PP)(VP)(.)|S
1.23966 (PP)(NP)(VP)(.)(.)|S
1.23966 (PP)(NP)(VP)(S)(.)|S
1.23966 (PP)(,)(PP)(NP)(VP)(.)|S
1.23966 (PP)(PRN)(NP)(SBAR)(,)(NP)(VP)(.)|S
1.23966 (PP)(,)(SBAR)(,)(S)(CC)(S)(.)|S
1.23966 (PP)(,)(S)(,)(CC)(ADVP)(.)|S
1.23966 (PP)(,)(S)(FRAG)(.)|S
1.23966 (PP)(,)(S)(,)(S)(CC)(S)(.)|S
1.23966 (PP)(VP)(NP)(.)|S
1.23966 (PP)(VP)(NP)(.)|SINV
1.23966 (PP)(,)(VP)(.)|S
1.23966 (PP)(,)(WHNP)(SQ)(.)|SBARQ
1.23966 (PRP$)(ADJP)(JJ)(NN)|NP
1.23966 (PRP$)(ADJP)(NN)|NP
1.23966 (PRP$)(JJ)(NN)(NNS)|NP
1.23966 (PRP$)(JJS)|NP
1.23966 (PRP$)(JJ)(VBG)(NN)|NP
1.23966 (PRP$)(NN)(CC)(JJ)(NN)|NP
1.23966 (PRP$)(NN)(CC)(JJ)(NNS)(NN)|NP
1.23966 (PRP$)(NNP)|NP
1.23966 (PRP$)(NN)(POS)|NP
1.23966 (PRP)(NNPS)|NP
1.23966 (PRP$)(NNS)(,)(NNS)(CC)(NNS)|NP
1.23966 (PRP$)(QP)|NP
1.23966 (QP)(JJ)(NN)(SBAR)|NP
1.23966 (QP)(JJ)(NNS)|NP
1.23966 (RB)(ADJP)|PP
1.23966 (RB)(ADJP)|VP
1.23966 (RB)(ADVP)|PP
1.23966 (RB)(ADVP)(SINV)(,)(CC)(S)(.)|S
1.23966 (RB)(CD)(CD)|QP
1.23966 (RB)(CD)|NP
1.23966 (RB)(DT)(ADJP)(NN)|NP
1.23966 (RB)(DT)(JJS)|NP
1.23966 (RB)(DT)(NN)|NP-TMP
1.23966 (RB)(DT)|NP
1.23966 (RB)(IN)(SBAR)|PP
1.23966 (RB)(JJR)(S)|ADJP
1.23966 (RB)(NP)|PP
1.23966 (RB)(NP)|SQ
1.23966 (RB)(PDT)(DT)(NN)|NP
1.23966 (RB)(PP)(,)(CONJP)(PP)|PP
1.23966 (RB)(PP)|FRAG
1.23966 (RB)(RB)(NN)|NP
1.23966 (RB)(RB)(PP)(,)(CONJP)(PP)|PP
1.23966 (RB)(RB)(RBR)(CC)(RBR)|ADVP
1.23966 (RB)(RBR)(PP)|ADVP
1.23966 (RBR)(DT)(NN)|NP-TMP
1.23966 (RB)(SBAR)(,)(WHADVP)(SQ)(.)|SBARQ
1.23966 (RB)(S)(,)(CC)(S)(.)|S
1.23966 (RBS)(JJ)(CC)(JJ)|ADJP
1.23966 (RB)(VBN)(PP)(SBAR)|ADJP
1.23966 (RB)(WP)|WHADJP
1.23966 (RP)(ADVP)(PP)|ADVP
1.23966 (S)(,)(ADVP)(S)(,)(S)|S
1.23966 (SBAR)(,)(ADVP)(,)(NP)(VP)|S
1.23966 (SBAR)(,)(CC)(ADVP)|UCP
1.23966 (SBAR)(,)(NP)(``)(VP)(.)|S
1.23966 (SBARQ)|FRAG
1.23966 (SBARQ)|SBAR
1.23966 (SBAR)(,)(S)(,)(NP)(VP)(.)|S
1.23966 (SBAR)(,)(S)(,)(S)(CC)(S)(.)|S
1.23966 (SBAR)(,)(WHADVP)(RB)(VP)(.)|FRAG
1.23966 (SBAR)(,)(WHNP)(SQ)(.)|SBARQ
1.23966 (SBAR)(,)(X)(NP)(VP)(.)|S
1.23966 (S)(CC)(,)(S)(.)|S
1.23966 (S)(,)(NP)(,)(S)(VP)(.)|S
1.23966 (S)(NP)(VP)|S
1.23966 (S)(,)(S)(.)|S
1.23966 (S)(,)(S)(,)(S)(,)(CC)(S)(.)|S
1.23966 (S)(,)(S)(,)(S)(.)|S
1.23966 (S)(,)(WHNP)(SQ)(.)|SBARQ
1.23966 (TO)(NP)(PP)|PP
1.23966 (UCP)(JJ)(NNS)|NP
1.23966 (UCP)(,)(NP)(VP)|S
1.23966 (UCP)|S
1.23966 (VB)(ADJP)(ADVP)(,)(ADVP)|VP
1.23966 (VB)(ADJP)(ADVP)(PP)|VP
1.23966 (VB)(ADJP)(NP-TMP)(S)|VP
1.23966 (VB)(ADVP)(NP)(ADVP)|VP
1.23966 (VB)(ADVP)(,)(SBAR)|VP
1.23966 (VB)(CC)(VB)(NP)(S)|VP
1.23966 (VBD)(NP)(NP)(S)|VP
1.23966 (VBD)(NP)(NP-TMP)|VP
1.23966 (VBD)(NP)(PP)(NP-TMP)|VP
1.23966 (VBD)(NP)(PP)(,)(SBAR)|VP
1.23966 (VBD)(NP)(,)(PP)(,)(S)|VP
1.23966 (VBD)(NP)(,)(PP)|VP
1.23966 (VBD)(NP)(PRT)(ADVP)|VP
1.23966 (VBD)(NP)(PRT)|VP
1.23966 (VBD)(PP)(,)(ADVP)|VP
1.23966 (VBD)(PP)(PP)(,)(PP)|VP
1.23966 (VBD)(,)(SBAR)|VP
1.23966 (VBD)(S)(,)(PP)(SBAR)|VP
1.23966 (VB)(DT)|NP
1.23966 (VBG)(CC)(VBG)(ADVP)|VP
1.23966 (VBG)(NN)(CC)(NN)(NN)|NP
1.23966 (VBG)(NP)(,)(ADVP)(PP)|VP
1.23966 (VBG)(NP)(,)(ADVP)|VP
1.23966 (VBG)(NP)(PRT)(PP)(,)(NP)|VP
1.23966 (``)(VBG)(NP)|VP
1.23966 (VBG)(PP)(NP)|VP
1.23966 (VBG)(,)(PP)|VP
1.23966 (VBG)(PRT)(PP)(,)(SBAR)|VP
1.23966 (VBG)(PRT)(PP)(SBAR)|VP
1.23966 (VBG)(,)(SBAR)|VP
1.23966 (VBG)(UCP)|VP
1.23966 (VBN)(ADVP)(PP)(,)(SBAR)|VP
1.23966 (VBN)(CONJP)(VBN)|VP
1.23966 (VBN)(NP)(NP-TMP)|VP
1.23966 (VBN)(NP)(PP)(PP)(,)(PP)|VP
1.23966 (VBN)(NP-TMP)(PP)|VP
1.23966 (VB)(NP)(CC)(RB)|VP
1.23966 (VB)(NP)(NP)(SBAR)|VP
1.23966 (VB)(NP)(PP)(,)(PP)(,)(SBAR)|VP
1.23966 (VB)(NP)(PP)(S)(,)(ADVP)|VP
1.23966 (VB)(NP)(PP)(,)(S)(,)(S)|VP
1.23966 (VB)(NP)(,)(PP)(,)(S)|VP
1.23966 (VB)(NP)(,)(PP)|VP
1.23966 (VB)(NP)(PRN)(SBAR)|VP
1.23966 (VBN)(,)(PP)|VP
1.23966 (VBN)(PRT)(NP)(PP)|VP
1.23966 (VB)(,)(NP)|VP
1.23966 (VBN)(S)(,)(S)|VP
1.23966 (VBP)(ADJP)(,)(CC)(VBP)(NP)(S)|VP
1.23966 (VBP)(ADVP)(NP)(,)(SBAR)|VP
1.23966 (VBP)(ADVP)(PP)(,)(ADJP)|VP
1.23966 (VBP)(ADVP)(,)(PP)|VP
1.23966 (VBP)(NP)(ADVP)(SBAR)|VP
1.23966 (VBP)(NP)(,)(ADVP)|VP
1.23966 (VBP)(NP)(FRAG)|VP
1.23966 (VBP)(NP)(NP-TMP)(PP)|VP
1.23966 (VBP)(NP)(NP-TMP)(,)(SBAR)|VP
1.23966 (VBP)(NP)(NP-TMP)(VP)|VP
1.23966 (VBP)(NP)(PP)(,)(S)|VP
1.23966 (VBP)(PP)(,)(PP)|VP
1.23966 (VBP)(PP)(PRN)(S)|VP
1.23966 (VB)(,)(PP)(PP)|VP
1.23966 (VBP)(PP)(,)(SBAR)|VP
1.23966 (VBP)(PP)(,)(S)(,)(S)|VP
1.23966 (VBP)(PP)(,)(S)|VP
1.23966 (VBP)(PRN)(PP)(,)(ADVP)|VP
1.23966 (VBP)(PRT)(PP)(,)(SBAR)|VP
1.23966 (VBP)(RB)(ADJP)(PP)|VP
1.23966 (VBP)(RB)(ADJP)(SBAR)|VP
1.23966 (VBP)(RB)(NP)(ADVP)|VP
1.23966 (VB)(PRN)(CC)(VB)(NP)|VP
1.23966 (VB)(PRT)(NP)(,)(PRN)|VP
1.23966 (VB)(PRT)(PP)(NP-TMP)|VP
1.23966 (VB)(PRT)(PP)(S)|VP
1.23966 (VB)(PRT)(,)(SBAR)|VP
1.23966 (VBP)(S)(ADVP)|VP
1.23966 (VBP)(S)(:)(SBAR)|VP
1.23966 (VB)(SBAR)(,)(S)|VP
1.23966 (``)(VB)(VB)(NP)(PP)|VP
1.23966 (VBZ)(ADJP)(NP)|VP
1.23966 (VBZ)(ADJP)(S)(,)(PP)|VP
1.23966 (``)(VBZ)(ADJP)|VP
1.23966 (VBZ)(ADVP)(ADJP)(,)(PP)|VP
1.23966 (VBZ)(ADVP)(NP)(PP)|VP
1.23966 (VBZ)(ADVP)(PP)(ADVP)|VP
1.23966 (VBZ)(NP)(ADVP)(PP)|VP
1.23966 (VBZ)(NP)(ADVP)(S)|VP
1.23966 (VBZ)(NP)(FRAG)|VP
1.23966 (VBZ)(NP)(NP)(NP)(.)|SQ
1.23966 (VBZ)(NP)(PP)(ADVP)|VP
1.23966 (VBZ)(NP-TMP)|VP
1.23966 (VBZ)(PP)(ADJP)|VP
1.23966 (VBZ)(PP)(,)(PP)|VP
1.23966 (VBZ)(PRT)|VP
1.23966 (VBZ)(RB)(ADJP)(,)(ADVP)(RB)(ADJP)|VP
1.23966 (VBZ)(RB)(ADVP)(S)|VP
1.23966 (VBZ)(RB)(NP)(,)(PP)|VP
1.23966 (VBZ)(RB)(NP)(PP)|VP
1.23966 (VBZ)(RB)(PP)|VP
1.23966 (VBZ)(SQ)|VP
1.23966 (VBZ)(S)(,)(S)|VP
1.23966 (VP)(ADVP)|VP
1.23966 (VP)(CC)(ADVP)(VP)(NP)|VP
1.23966 (VP)(CC)(VP)(,)(NP)|VP
1.23966 (VP)(CC)(VP)(,)(VP)(CC)(VP)|VP
1.23966 (VP)|FRAG
1.23966 (VP)(,)(S)|VP
1.23966 (WHADJP)(SQ)(.)|SBARQ
1.23966 (WHADVP)(JJ)|ADJP
1.23966 (WHADVP)(S)(.)|SBARQ
1.23966 (WHNP)(NNS)|WHNP
1.23966 (WHNP)(SINV)|SBAR
1.23966 (WHNP)(S)(.)|SBARQ
1.23966 (WP$)(NP)|WHNP
1.23966 (WP)(RB)|FRAG
1.23966 (WRB)(.)|FRAG
1.24946 (ADVP)(,)(NP)(VP)(.)|S
1.2702 (RB)(JJ)(S)|ADJP
1.28096 (ADJP)(NN)|NP
1.28407 (DT)(JJ)(NN)(NNS)|NP
1.28407 (S)(,)(NP)(VP)|S
1.28407 (VBP)(ADJP)(SBAR)|VP
1.28407 (X)(S)|SBAR
1.29078 (MD)(VP)|VP
1.29134 (NP)(NP)|S
1.30401 |,
1.30759 (ADVP)(VBG)|VP
1.30759 (CC)(,)(NP)(VP)(.)|S
1.30759 (CC)(VP)(.)|S
1.30759 (CD)(CC)(CD)(NNS)|NP
1.30759 (CONJP)(PP)(CC)(PP)|PP
1.30759 (CONJP)(VP)(,)(CC)(VP)|VP
1.30759 (DT)(JJ)(NN)(CC)(NN)|NP
1.30759 (JJ)(CC)(JJ)(S)|ADJP
1.30759 (JJ)(NN)|ADJP
1.30759 (NN)(CD)|NP
1.30759 (NP)(ADJP)(.)|NP
1.30759 (NP)(CC)(RB)|FRAG
1.30759 (NP)(,)(SBAR)(,)(NP)(VP)(.)|S
1.30759 (NP)(``)(VP)|S
1.30759 (QP)|NP
1.30759 (RB)(NP)|VP
1.30759 (RB)(WRB)|WHADVP
1.30759 (RP)(PP)|PP
1.30759 (S)(CC)(ADVP)(S)(.)|S
1.30759 (S)|PRN
1.30759 (S)(,)(RB)(S)(.)|S
1.30759 (VB)(NN)|NP
1.30759 (VB)(PRT)(NP)(SBAR)|VP
1.30759 (VBZ)(,)(SBAR)|VP
1.30759 (WHADJP)(S)|SBAR
1.30759 (WP$)(S)|SBAR
1.31224 (VB)(NP)|VP
1.32693 (RB)(RB)|NP
1.32693 (RBR)(RB)|ADVP
1.32693 (SBAR)(,)(NP)(ADVP)(VP)(.)|S
1.33304 (RBR)(JJ)|ADJP
1.33696 (MD)(NP)(VP)|SQ
1.33923 (VBP)(ADJP)|VP
1.3431 (DT)(JJ)(NN)(S)|NP
1.34724 (CD)(NN)|NP
1.36139 (ADVP)(JJ)|ADJP
1.36139 (ADVP)(MD)(VP)|VP
1.36139 (DT)(ADJP)(NN)(NN)|NP
1.36139 (JJR)(NN)(S)|NP
1.36139 (NN)(RB)|NP
1.36139 (NNS)(NN)|NP
1.36139 (NP)(,)(RB)(NP)|NP
1.36139 (NP)(RBR)|ADVP
1.36139 (PP)|FRAG
1.36139 (RB)(JJ)(CC)(JJ)|ADJP
1.36139 (RB)(VP)(.)|S
1.36139 (S)(,)(CC)(S)|S
1.36139 (SINV)|SBAR
1.36139 (VBN)(NN)|NP
1.36139 (VBP)(ADVP)(SBAR)|VP
1.36139 (VBP)(NP)(,)(SBAR)|VP
1.36139 (WP$)(NN)|WHNP
1.36466 (ADVP)(IN)(NP)|PP
1.36538 (RB)(IN)(NP)|PP
1.36625 (ADJP)(NNS)|NP
1.38938 (NNS)(S)|NP
1.39507 (CC)(SBAR)(,)(NP)(VP)(.)|S
1.39507 (VBP)(ADVP)(ADJP)|VP
1.39507 (VBP)(ADVP)(S)|VP
1.39526 (NP)(,)(NP)|NP
1.40505 (NP)(PP)(,)(PP)|NP
1.40505 (PRP$)(NN)(CC)(NN)|NP
1.40505 (VB)(UCP)|VP
1.40632 (S)(,)(CC)(S)(.)|S
1.40707 (VBP)(NP)(PP)|VP
1.41297 (VBZ)(ADJP)|VP
1.414 (VBN)(SBAR)|VP
1.42259 (ADVP)(,)(VP)(VP)(.)|S
1.42259 (IN)|ADVP
1.43348 (JJ)(PP)|ADJP
1.44119 (RB)|ADJP
1.45119 (VB)(SBAR)|VP
1.46377 (VB)(NP)(ADVP)|VP
1.46639 (VBZ)(RB)(ADJP)|VP
1.4716 (ADJP)(SBAR)|ADJP
1.4716 (IN)(DT)|ADVP
1.4716 |WP$
1.47244 (NP)(ADVP)(VP)|S
1.47933 (ADJP)(NNS)(NN)|NP
1.47933 (ADJP)(S)(.)|FRAG
1.47933 (ADVP)(ADVP)(NP)(VP)|S
1.47933 (ADVP)(WHADVP)(S)|SBAR
1.47933 (CC)(S)(,)(NP)(VP)(.)|S
1.47933 (CONJP)(VP)(CC)(VP)|VP
1.47933 (DT)(JJR)(NNS)|NP
1.47933 (DT)(NNPS)|NP
1.47933 (DT)(RBS)(JJ)(NNS)|NP
1.47933 (INTJ)(VP)|S
1.47933 (JJ)(POS)|NP
1.47933 (JJR)(IN)(CD)|QP
1.47933 (NNP)(CC)(NNP)|NP
1.47933 (NP)(CC)(PP)|UCP
1.47933 (NP)(,)(NP)(CC)(ADVP)|UCP
1.47933 (NP)(,)(S)(VP)(.)|S
1.47933 (NP-TMP)(,)(NP)(VP)(.)|S
1.47933 (PDT)(DT)(NNS)(SBAR)|NP
1.47933 (PP)(,)(NP)(ADVP)(VP)|S
1.47933 (RB)($)(CD)|QP
1.47933 (RB)(DT)|ADJP
1.47933 (RB)|NP-TMP
1.47933 (RB)(PDT)(DT)(NNS)|NP
1.47933 (RB)(RB)|CONJP
1.47933 (RB)(RB)(IN)(NP)|PP
1.47933 (RB)(RB)(JJ)(PP)|ADJP
1.47933 (RB)(VBN)|VP
1.47933 (,)(SINV)|PRN
1.47933 (,)(S)|PRN
1.47933 (VBD)(ADJP)(ADVP)|VP
1.47933 (VBG)(NP)(PRT)|VP
1.47933 (VBP)(NP)(ADVP)(,)(SBAR)|VP
1.47933 (VBP)(NP)(NP-TMP)|VP
1.47933 (VBP)(PRT)(SBAR)|VP
1.47933 (VBP)(PRT)|VP
1.47933 (VB)(PRT)(NP)(S)|VP
1.47933 (VBZ)(ADJP)(S)(,)(SBAR)|VP
1.47933 (VBZ)(RB)(ADJP)(,)(ADVP)|VP
1.47933 (VBZ)(RB)(ADJP)(ADVP)|VP
1.47933 (VP)(CC)(ADVP)(ADJP)|UCP
1.47933 (WHADVP)(FRAG)|SBAR
1.47933 (WRB)(JJ)|WHNP
1.47933 |X
1.47933 (X)(VP)(.)|FRAG
1.49754 (VP)(,)(VP)|VP
1.5146 (PRP$)(NN)|NP
1.51943 (ADJP)(JJ)(NNS)|NP
1.51943 (CC)(NP)(VP)|S
1.51943 (DT)(NNP)(NNP)|NP
1.51943 (DT)(NNS)(RB)|NP
1.51943 (IN)(SBAR)(,)(NP)(VP)(.)|S
1.51943 (NP)(,)(ADVP)|NP
1.51943 (NP)(NP)(.)|NP
1.51943 (NP)(,)(PP)(,)(NP)(VP)(.)|S
1.51943 (PP)(,)(RB)(PP)|PP
1.51943 (PRP)(NNS)|NP
1.51943 (RBR)|ADJP
1.51943 (RB)(S)(VP)(.)|S
1.51943 (SBAR)(VP)|S
1.51943 (S)(,)(IN)(S)(.)|S
1.51943 (S)(,)(NP)(ADVP)(VP)(.)|S
1.51943 (VBD)(NP)(VP)|SQ
1.51943 (VB)(NP)(NP-TMP)|VP
1.51943 (VB)(NP)(PP)(ADVP)|VP
1.51943 (VB)(NP)(,)(SBAR)|VP
1.51943 (VBP)(UCP)|VP
1.51943 (VP)(,)(RB)(VP)|VP
1.51943 (WRB)(ADJP)|WHADVP
1.52058 (WP)|WHNP
1.53344 |WP
1.53946 (NP)(PP)(S)|NP
1.55119 (CONJP)(PP)(CONJP)(PP)|PP
1.55119 (IN)(ADVP)|PP
1.55119 (JJ)(PP)(S)|ADJP
1.55119 (RB)(NP)(VP)(.)|S
1.55119 (VB)(ADJP)(ADVP)|VP
1.55119 (VBZ)(ADJP)(,)(SBAR)|VP
1.55119 (WRB)(RB)|WHADVP
1.55197 (VBP)(SBAR)|VP
1.55663 (MD)(RB)(ADVP)(VP)|VP
1.56965 (PRP$)(NN)(NN)|NP
1.57697 (ADVP)(PRN)(NP)(VP)(.)|S
1.57697 (PDT)(DT)(JJ)(NN)|NP
1.57697 (VBP)(NP)(ADVP)|VP
1.58367 (RBR)|ADVP
1.58544 (ADJP)(CC)(ADJP)|ADJP
1.58675 |PRP
1.59872 (PRP)|NP
1.60866 (RB)(JJ)|CONJP
1.60866 (RBS)(JJ)|ADJP
1.61382 |RBR
1.6448 (IN)(FRAG)|SBAR
1.6448 (VBN)(PP)|ADJP
1.66345 |RBS
1.66647 (NP)(CONJP)(NP)|NP
1.67545 (DT)(JJS)(NN)|NP
1.68348 (IN)(PP)|PP
1.68348 (VBP)(ADVP)(NP)|VP
1.68694 (S)|SBAR
1.69068 (VBZ)(RB)(NP)|VP
1.69534 (VBP)|VP
1.71899 |$
1.71899 (ADVP)(VBZ)(NP)(PP)|VP
1.71899 (DT)(NN)|ADVP
1.71899 (DT)(PP)|ADVP
1.71899 (JJ)(DT)(NN)|NP
1.71899 (JJR)(SBAR)|ADJP
1.71899 (MD)(PP)|VP
1.71899 (PRP)(CC)(NNS)|NP
1.71899 (RB)(WHNP)(SQ)(.)|SBARQ
1.71899 (VB)|INTJ
1.73127 (DT)(NN)(SBAR)|ADVP
1.73127 (VB)(RB)(VP)|VP
1.73127 (X)(NP)|FRAG
1.741 (DT)(NNS)(NN)(NN)|NP
1.741 (NP)(X)|NP
1.741 (VB)(NP)(PRT)(PP)|VP
1.74889 (VBZ)(ADJP)(PP)|VP
1.74889 (VBZ)(RB)(ADJP)(S)|VP
1.76562 (VBG)(NN)|NP
1.78151 (VBP)(PP)(SBAR)|VP
1.79206 (JJR)(NN)|NP
1.85707 |JJR
1.87675 (VBZ)(ADJP)(SBAR)|VP
1.88613 (VBP)(ADVP)|VP
1.89006 (SBAR)(VP)(.)|S
1.89453 (VB)(PP)(ADVP)|VP
1.90559 (JJR)(CC)(JJR)|ADJP
1.91255 (RB)(RB)(SBAR)|ADVP
1.93081 (CC)(PP)(,)(NP)(VP)(.)|S
1.93081 (VB)(PP)(,)(SBAR)|VP
1.94312 (VB)(NP)(FRAG)|VP
1.95866 (CC)(NP)(ADVP)(VP)(.)|S
1.95866 (JJ)(NN)|NP-TMP
1.95866 (VBZ)(PRT)(NP)|VP
1.99386 (JJ)|NP
2.02389 (VBD)(SBAR)|VP
2.0369 (NP)(,)(SBAR)|NP
2.07561 (PP)(,)(NP)(VP)|S
2.12061 (VBG)(PP)|PP
2.12522 (JJR)|NP
2.15496 (MD)(NP)(VP)|SINV
2.15496 (NNS)(NN)(NN)|NP
2.15496 (PP)(PRN)(NP)(VP)(.)|S
2.15496 (RBR)(CC)(RBR)|ADVP
2.18307 (PP)(,)(NP)(VP)(.)|S
2.19148 (VBZ)(ADJP)(S)|VP
2.29918 (S)(,)(NP)(VP)(.)|S
2.3668 (PP)(.)|FRAG
2.43436 (SBAR)(,)(NP)(VP)|S
2.43496 |SYM
2.51456 (SBAR)(,)(NP)(VP)(.)|S
2.54103 (DT)|ADVP
2.57864 (DT)(RBR)|ADVP
2.64824 (ADVP)(VBN)(PP)|VP
2.66381 (RB)|NP
2.67765 (X)(NP)|X
2.70136 |PDT
2.70815 (SYM)|X
2.76481 (,)(S)(,)|PRN
2.81504 (IN)(NP)(VP)(.)|S
3.02224 (CC)(RB)|CONJP
3.20757 (JJS)|NP
3.50314 (CC)(NP)(VP)(.)|S
4.01656 (JJR)|ADJP
6.06333 (PDT)(DT)(NNS)|NP
