#### p(f|japanese)/p(f|english)
0.25053 (MD)(ADVP)(VP)|VP
0.2981 |:
0.318083 |-RRB-
0.318649 (NP)(VP)|NP
0.321933 (S)(:)(S)(.)|S
0.330642 |-LRB-
0.347231 (VBG)(NP)(PP)|VP
0.368007 (VBG)(S)|VP
0.3687 (DT)(JJ)(JJ)(NN)|NP
0.376844 (IN)(SBAR)|PP
0.378739 (PRP$)(JJ)(NNS)|NP
0.380793 (ADVP)(VB)(NP)|VP
0.389736 (NP)(.)|FRAG
0.394336 (VBZ)(ADVP)(NP)|VP
0.39709 (DT)(JJ)(NN)(NN)|NP
0.398442 (SBAR)(NP)(VP)(.)|S
0.420157 (S)(VP)(.)|S
0.425285 (PRP$)(JJ)(NN)|NP
0.428146 (NP)(PRN)|NP
0.429192 (ADVP)(VP)|S
0.441959 (NP)(ADJP)|NP
0.442908 (DT)(ADJP)(NN)|NP
0.44393 (VBG)(NP)(S)|VP
0.447346 (DT)(JJ)(NNS)|NP
0.447557 (VBN)(S)|VP
0.448607 (VBG)(VP)|VP
0.452442 (DT)(JJ)(JJ)(NNS)|NP
0.454402 (DT)(JJR)(NN)|NP
0.456116 (PP)(,)(CC)(PP)|PP
0.459165 (VBG)(PRT)(NP)|VP
0.463878 (DT)(NN)(S)|NP
0.467917 |POS
0.478601 (RB)(RB)(IN)|CONJP
0.479965 (VBG)(PRT)|VP
0.496212 (CD)(POS)|NP
0.498037 (DT)(NNS)(CC)(NNS)|NP
0.50052 (JJ)(CC)(JJ)|ADJP
0.510344 |RP
0.51073 (RP)|PRT
0.512008 (WHADVP)(SQ)(.)|SBARQ
0.514574 (NP)(PP)(SBAR)|NP
0.521497 (DT)(NN)(POS)|NP
0.526864 (TO)(S)|PP
0.532829 (NNS)(CC)(NNS)|NP
0.535377 (DT)(JJ)(CD)(NNS)|NP
0.539736 (VB)(PRT)|VP
0.54006 |WDT
0.541445 (DT)(VBN)(NN)|NP
0.541445 |NNPS
0.542255 (VB)(NP)(S)|VP
0.542575 (NN)(CC)(NN)(NNS)|NP
0.543729 (JJS)(NNS)|NP
0.546782 (RB)(IN)|CONJP
0.546782 (VBG)(PRT)(PP)|VP
0.546782 (VB)(NP)(,)(S)|VP
0.548227 (WDT)|WHNP
0.549749 (ADJP)(,)(CC)(ADJP)|ADJP
0.551514 (CD)(NN)(NN)|NP
0.554421 (RB)(JJR)|ADJP
0.558363 |VBG
0.559274 (NP)(,)(VP)(.)|S
0.559425 (ADVP)(VBG)(NP)|VP
0.567532 (TO)(NP)|PP
0.571487 (PRP$)(NN)(NNS)|NP
0.574702 (-LRB-)(SBAR)(-RRB-)|PRN
0.578305 (PRP$)(NN)(S)|NP
0.578495 (NP)(NNS)|NP
0.584266 (VBN)(PP)(PP)|VP
0.58865 (VBG)(PP)|VP
0.589277 (PP)(CC)(PP)|PP
0.59518 (RBR)|ADVP
0.595472 (VBG)(NP)|VP
0.599213 (NP)(,)(PP)(,)|NP
0.601641 (JJ)(JJ)(NNS)|NP
0.603612 (NP)(WHPP)|WHNP
0.603612 (VBN)(,)(SBAR)|VP
0.603711 (NP)(,)(CC)(NP)|NP
0.605559 (SBAR)(,)(ADVP)(NP)(VP)(.)|S
0.60724 (DT)(JJS)(NNS)|NP
0.608003 (VBG)(ADJP)|VP
0.608706 (RB)(IN)(S)|PP
0.609995 (DT)(ADJP)(NNS)|NP
0.609995 (DT)(NNP)|NP
0.617565 (VBN)(PP)|VP
0.620263 (NNP)(CD)|NP
0.620263 (VB)(NP)(PP)(,)(PP)|VP
0.620988 (JJ)(CC)(JJ)(NNS)|NP
0.621613 (JJ)(NN)(CC)(NN)|NP
0.622158 (RB)(DT)(JJ)(NN)|NP
0.622158 (UH)|INTJ
0.623062 (VP)(CC)(ADVP)(VP)|VP
0.625267 (VP)(.)|S
0.632921 (NP)(,)(SBAR)|NP
0.634987 (PP)(,)(S)(VP)(.)|S
0.63561 |UH
0.635985 (PRP$)(JJ)(JJ)(NN)|NP
0.636416 (RB)(PP)|ADJP
0.636416 (TO)|VP
0.636915 (DT)(JJ)(NNS)(NN)|NP
0.636938 |VBN
0.637388 (NP)(ADVP)(VP)|S
0.640458 (VBN)(VP)|VP
0.641234 (ADVP)(SBAR)|ADVP
0.644468 (VP)(,)(VP)(CC)(VP)|VP
0.646912 (DT)(JJS)|NP
0.647922 (MD)(NP)(VP)|SQ
0.649062 (VBN)(PP)|PP
0.651844 (VBG)(PP)(SBAR)|VP
0.651844 (VP)(,)(CC)(ADVP)(VP)|VP
0.651844 (VP)(,)(VP)|VP
0.652488 (JJR)(NNS)|NP
0.653567 (ADVP)(CC)(ADVP)|ADVP
0.653567 (-LRB-)(FRAG)(-RRB-)|PRN
0.653567 (-LRB-)(PP)(-RRB-)|PRN
0.653567 (NNP)(NP)(VP)(.)|SQ
0.653567 (PP)(S)(VP)(.)|S
0.653567 (VB)(PP)(NP)|VP
0.655585 (DT)(JJ)(,)(JJ)(NN)|NP
0.655585 (DT)(VBN)(NN)(NN)|NP
0.655585 (-LRB-)(ADJP)(-RRB-)|PRN
0.655585 (MD)(PP)(VP)|VP
0.655585 (PDT)(DT)|NP
0.655585 (RB)(VBN)(NNS)|NP
0.655585 (VBG)(PP)(S)|VP
0.660392 (NP)(CC)(NP)|NP
0.660565 (VBG)(NP)(SBAR)|VP
0.660565 (VP)(CONJP)(VP)|VP
0.661146 (VBZ)(ADVP)(VP)|VP
0.662129 (JJ)(NN)(NN)|NP
0.66324 (JJR)|NP
0.668578 (ADJP)(CC)(ADJP)|ADJP
0.670218 (JJ)(IN)(S)|PP
0.673207 (DT)(VBG)(NNS)|NP
0.673207 (S)(NP)(VP)(.)|S
0.673207 (VBZ)(ADVP)(PP)|VP
0.673444 (JJ)(NN)(NNS)|NP
0.67367 (DT)(NN)(JJ)(NN)|NP
0.67367 (DT)(VBN)(NNS)|NP
0.67367 (NN)(,)(NN)(,)(CC)(NN)|NP
0.67367 (NNPS)|NP
0.67367 (VBP)(NP)(,)(ADVP)(PP)|VP
0.67367 (VBP)(RB)|VP
0.674703 (IN)(S)|PP
0.674703 (VP)(,)(CC)(VP)|VP
0.676565 (DT)(NN)(NN)|NP
0.678356 (VBP)(ADVP)(VP)|VP
0.678549 (PRP$)(NNS)|NP
0.682686 (SBAR)(,)(CC)(SBAR)|SBAR
0.684268 (DT)(JJ)(NN)|NP
0.684501 (VB)(PRT)(NP)|VP
0.685225 (VBZ)(ADVP)(ADJP)|VP
0.68687 (PP)|VP
0.68687 (PRP$)(NNS)(CC)(NNS)|NP
0.689419 (VP)(CC)(RB)(VP)|VP
0.691506 (NN)(NN)(NNS)|NP
0.691756 (IN)(IN)(NP)|PP
0.691756 (VBN)(CC)(VBN)|VP
0.691756 (VP)(PRN)|VP
0.697403 (VBZ)(NP)(SBAR)|VP
0.698492 (ADVP)(VBN)|VP
0.703521 (PRP$)(VBG)(NNS)|NP
0.705604 (VBG)(NP)|PP
0.706535 (RB)(VBN)|ADJP
0.709146 |JJR
0.709289 (VB)(NP)(NP)|VP
0.709841 (VBN)(ADJP)|VP
0.709841 (VBN)(NNS)|NP
0.711135 (MD)(RB)(ADVP)(VP)|VP
0.713714 (VBN)(ADVP)(PP)|VP
0.717352 (ADVP)(,)(S)(CC)(RB)(S)(.)|S
0.717352 (ADVP)(VBN)(S)|VP
0.717352 (LS)(-RRB-)|LST
0.717352 (LST)(NP)(VP)|S
0.717352 (NN)(.)|NP
0.717352 (NN)(PP)|VP
0.717352 (NP)(ADVP)(PP)|NP
0.717352 (PRP$)(JJ)(JJ)(NNS)|NP
0.717352 (VBG)(NP)(PP)(SBAR)|VP
0.720173 (DT)(RB)|NP
0.720702 |RBR
0.720876 (VP)(CC)(VP)|VP
0.722222 (-LRB-)(NP)(-RRB-)|PRN
0.724249 (VBG)(SBAR)|VP
0.727926 (DT)|ADVP
0.727926 (S)(,)(ADVP)(S)(.)|S
0.727926 (S)(,)(S)(CC)(S)(.)|S
0.727926 (TO)(SBAR)|PP
0.728969 |JJS
0.728987 (JJ)(PP)|ADVP
0.728987 (VBZ)(PP)(SBAR)|VP
0.73087 (VBP)(RB)(ADJP)|VP
0.731265 (NP)(NN)|NP
0.731594 (RB)(PP)|ADVP
0.731674 |PRP$
0.73642 (VBG)(NP)(ADVP)|VP
0.736594 (VBP)(RB)(ADVP)(VP)|VP
0.736824 (NNS)(CC)(NN)(NNS)|NP
0.736824 (RB)(JJ)|NP
0.736824 (RB)(RBR)|ADVP
0.737141 (ADVP)(,)(SBAR)(NP)(VP)(.)|S
0.737141 (ADVP)(VBG)(NP)(PP)|VP
0.737141 (ADVP)(VBN)(SBAR)|VP
0.737141 (ADVP)(VB)(S)|VP
0.737141 (IN)(NN)|ADVP
0.737141 (JJ)(,)(JJ)(NNS)|NP
0.737141 (JJ)(NN)(CC)(JJ)(NN)(NNS)|NP
0.737141 (NN)(PP)|ADJP
0.737141 (PRP$)(JJ)(NN)(CC)(NN)|NP
0.737141 (RBR)(JJ)(CC)(JJ)|ADJP
0.737141 (RBS)(RB)|ADVP
0.737141 (SBAR)(NP)(ADVP)(VP)(.)|S
0.737141 (S)(:)(S)|S
0.737141 (VBG)(PP)(,)(S)|VP
0.737141 (VBP)(ADVP)(PP)(SBAR)|VP
0.737141 (VBZ)(NP)(,)(PP)|VP
0.737141 (WP)(NN)|NP
0.739136 (JJ)(IN)(NP)|PP
0.740837 (IN)|PP
0.741921 (S)(VP)|S
0.743227 (PRP)|ADVP
0.743227 (VBN)|ADJP
0.746012 (ADVP)(JJ)(PP)|ADJP
0.746012 (NP)(UCP)|NP
0.746012 (VBG)(JJ)(NNS)|NP
0.746012 (VB)(NP)(ADVP)(VP)|VP
0.746012 (VB)(PRT)(SBAR)|VP
0.747321 (PP)(NP)(VP)|S
0.748674 (VB)(ADVP)(PP)|VP
0.750967 (RB)(CC)(RB)|ADVP
0.750967 (SBAR)(NP)(VP)|S
0.752162 (CD)|NP
0.752922 (VBZ)(S)|VP
0.756274 (DT)(NNS)|NP
0.75693 (ADJP)(CC)(VP)|UCP
0.75693 (DT)(ADJP)(JJ)(NN)|NP
0.75693 (DT)(NN)(CC)(NN)(NN)|NP
0.75693 (DT)(NNS)(NNS)|NP
0.75693 (JJ)(RB)(SBAR)|ADJP
0.75693 (NP)(,)(NP)(,)(NP)(,)(NP)(CC)(NP)|NP
0.75693 (NP)(PP)(.)|NP
0.75693 (PRP$)(JJ)(NN)(NN)|NP
0.75693 (VBG)(NP)(PP)(PP)|VP
0.75693 (VBZ)(NP)(,)(S)|VP
0.75693 (VP)(,)(CONJP)(VP)|VP
0.758851 (VBP)(ADVP)(NP)|VP
0.759843 (VBN)(NP)(S)|VP
0.764097 (DT)(JJ)(NN)(NNS)|NP
0.764097 (-LRB-)(S)(-RRB-)|PRN
0.764097 (NN)(,)(NN)(CC)(NN)|NP
0.764097 (PDT)(NP)(CC)(NP)|NP
0.764097 (VBD)(PP)(SBAR)|VP
0.764097 (WDT)|NP
0.764996 (NP)(PP)|NP
0.76534 (VBN)(PP)|ADJP
0.766499 (NP)(ADVP)(VP)(.)|S
0.769027 (S)(CC)(S)(.)|S
0.770127 (VB)(S)(SBAR)|VP
0.770127 (WDT)(NN)|WHNP
0.770135 (IN)(WHNP)|WHPP
0.770137 (NP)(,)(NP)(,)|NP
0.774047 |DT
0.776719 (ADJP)(NN)(NNS)|NP
0.776719 (JJ)(RB)|ADJP
0.776719 (PDT)(PRP$)(NNS)|NP
0.776719 (RB)(PP)(NP)(VP)(.)|S
0.776719 (S)(CC)(RB)(S)(.)|S
0.776719 (VBZ)(NP)(PP)(SBAR)|VP
0.776719 (VBZ)(PP)(S)|VP
0.779712 (ADVP)(PP)|ADVP
0.779712 (IN)(FRAG)|SBAR
0.779712 (NP)(,)(CONJP)(NP)|NP
0.779712 (VBP)(ADVP)(ADJP)|VP
0.780875 (RB)(VP)|S
0.781419 (RB)(DT)(NN)|NP
0.782182 (NP)|FRAG
0.782182 (S)(,)(NP)(VP)|S
0.782182 (VBG)(PP)(ADVP)|VP
0.782182 (VBN)(ADJP)(PP)|VP
0.782182 (VBN)(PP)(ADVP)|VP
0.782182 (WDT)(NNS)|WHNP
0.78368 |TO
0.785846 (DT)|NP
0.786779 (JJ)(NNS)(S)|NP
0.786779 (NP)(ADJP)(S)|S
0.787205 (VB)(PRT)(PP)|VP
0.787596 (VB)(S)|VP
0.791968 (ADJP)(JJ)(JJ)(NNS)|NP
0.791968 (ADVP)(ADVP)|FRAG
0.791968 (ADVP)(.)|FRAG
0.791968 (ADVP)(RB)|ADVP
0.791968 (ADVP)(VBN)(PP)|ADJP
0.791968 (ADVP)(VB)(NP)(SBAR)|VP
0.791968 (,)(CC)(ADVP)|PRN
0.791968 (CC)(MD)(NP)(VP)|SINV
0.791968 (CD)(JJ)(JJ)(NN)|NP
0.791968 (CD)(NN)(NN)(NNS)|NP
0.791968 (DT)(ADVP)(CC)(PP)|UCP
0.791968 (DT)(JJ)(NN)(POS)|NP
0.791968 (DT)(JJR)(JJ)(NNS)|NP
0.791968 (DT)(JJ)(VBG)(NN)|NP
0.791968 (DT)(NN)(JJ)(NN)(NN)|NP
0.791968 (DT)(NN)(NN)(CC)(NN)|NP
0.791968 (DT)(VBG)(JJ)(NN)|NP
0.791968 (IN)(CC)(RB)(S)|SBAR
0.791968 (IN)(NN)|NP
0.791968 (IN)(NP)(.)|PP
0.791968 (IN)(SBARQ)|PP
0.791968 (JJ)(CC)(JJ)(NN)(NN)|NP
0.791968 (JJ)(NNS)(POS)|NP
0.791968 (JJ)(VBG)(NNS)|NP
0.791968 (-LRB-)(S)(.)(-RRB-)|PRN
0.791968 (MD)(ADVP)(ADVP)(VP)|VP
0.791968 (MD)(ADVP)(RB)(VP)|VP
0.791968 (MD)(,)(PP)(,)(VP)|VP
0.791968 (NN)(JJR)|ADJP
0.791968 (NNP)(NNP)(NNS)|NP
0.791968 (NP)(,)(ADJP)(,)|NP
0.791968 (NP)(PP)(,)(SBAR)|NP
0.791968 (NP)(PRN)|VP
0.791968 (NP)(RBR)(JJ)|ADJP
0.791968 (PP)(CC)(PRN)(PP)|PP
0.791968 (PP)(,)(CC)(RB)(PP)|PP
0.791968 (PRP$)(CD)(NNS)|NP
0.791968 (PRP$)(JJS)(JJ)(NN)|NP
0.791968 (PRP$)(VBN)(NN)|NP
0.791968 (RB)(NN)|ADVP
0.791968 (RB)(RB)(IN)(S)|SBAR
0.791968 (RBR)(JJ)(JJ)(NNS)|NP
0.791968 (S)(ADVP)(VP)(.)|S
0.791968 (SBAR)(,)(ADVP)(NP)(VP)|S
0.791968 (S)(CC)(ADVP)(S)|S
0.791968 (S)(SBARQ)|S
0.791968 (S)(,)(VP)(.)|S
0.791968 (TO)(CC)(IN)(NP)|PP
0.791968 (VBD)(S)(SBAR)|VP
0.791968 (VBG)(NP)(PP)(,)(PP)|VP
0.791968 (VBG)(PP)(,)(SBAR)(,)(SBAR)|VP
0.791968 (VBN)(NN)|NP
0.791968 (VB)(NP)(ADVP)(S)|VP
0.791968 (VBN)(PRN)|VP
0.791968 (VBN)(PRT)(PP)(S)|VP
0.791968 (VBN)(S)(SBAR)|VP
0.791968 (VBN)(,)(S)|VP
0.791968 (VBP)(ADVP)(PP)(PP)|VP
0.791968 (VBZ)(ADVP)(ADVP)|VP
0.791968 (VBZ)(,)(ADVP)(,)(S)|VP
0.791968 (VBZ)(ADVP)(,)(S)|VP
0.791968 (VP)(CC)(VP)(SBAR)|VP
0.791968 (VP)(NP)|SINV
0.791968 (VP)(PRN)(CC)(VP)|VP
0.792703 (ADVP)(,)(NP)(VP)|S
0.796509 (DT)(JJ)(JJ)(NN)(NN)|NP
0.796509 (NP)(PP)|VP
0.796509 (VBZ)(NP)|SQ
0.796509 (VBZ)(S)(,)(SBAR)|VP
0.796509 (WHNP)(PP)|WHNP
0.79929 (VB)(ADJP)(SBAR)|VP
0.799324 |JJ
0.800268 (NN)(NNS)(CC)(NNS)|NP
0.800268 (RB)|ADJP
0.800268 (VB)(CC)(VB)|VP
0.801287 (VP)|S
0.803335 (VBN)|VP
0.80343 |WP$
0.803987 (NP)(,)(NP)(,)(CC)(NP)|NP
0.804798 (RB)(JJ)(PP)|ADJP
0.805665 (VB)(VP)|VP
0.805673 (IN)(NN)(S)|SBAR
0.806129 (IN)(S)(CC)(RB)|SBAR
0.807359 |NNS
0.808171 (RBR)(JJ)|ADJP
0.808458 (JJ)(NNS)(CC)(NNS)|NP
0.808458 (NN)(CC)(NNS)|NP
0.812274 (RB)(NN)|NP
0.81335 (PP)(NP)(VP)(.)|S
0.813816 (ADVP)(DT)(JJ)(NN)|NP
0.813816 (ADVP)(NP)|RRC
0.813816 (DT)(JJ)(NNS)(CC)(NNS)|NP
0.813816 (JJ)(,)(JJ)(CC)(JJ)|ADJP
0.813816 (JJ)(NP-TMP)|ADJP
0.813816 (-LRB-)(CC)(VP)(-RRB-)|PRN
0.813816 (NN)(JJ)(NN)(NNS)|NP
0.813816 (NP)(JJ)(NN)|NP
0.813816 (NP)(NN)(NN)|NP
0.813816 (NP)(.)|NP
0.813816 (NP)(,)(PP)(NP)(VP)(.)|S
0.813816 (NP)(,)(PP)(,)(VP)(.)|S
0.813816 (NP)(:)(S)|NP
0.813816 (NP)(,)(VP)(,)|NP
0.813816 (RB)(VP)(.)|S
0.813816 (RB)(WHADVP)(SQ)(.)|SBARQ
0.813816 (VBG)(NP)(PP)(S)|VP
0.813816 (VBG)(PRT)(ADVP)|VP
0.813816 (VBN)(ADJP)(SBAR)|VP
0.813816 (VBN)(PP)(PP)(PP)|VP
0.813816 (VBN)(PP)(,)(PP)|VP
0.813816 (VP)(,)(CC)(ADVP)(,)(VP)|VP
0.813902 (VB)(ADJP)|VP
0.815271 (NNS)(S)|NP
0.816298 (CD)(JJ)(NN)|NP
0.816298 (MD)(NP)(VP)(.)|SQ
0.816298 (NN)|NX
0.816298 (PDT)(DT)(JJ)(NN)|NP
0.816298 (VBG)(NP)(ADVP)(PP)|VP
0.816298 (VBG)(NP)(NP)|VP
0.817686 (DT)(NN)(CC)(NN)|NP
0.818726 (ADJP)|S
0.820082 (JJ)(JJ)|ADJP
0.820082 (NNS)(POS)|NP
0.821557 (VBG)(PP)(PP)|VP
0.823384 (NNP)(NNS)|NP
0.824917 (RB)(JJ)(NNS)|NP
0.826211 (JJ)(NNS)|NP
0.835663 (ADVP)(MD)(VP)|VP
0.835663 (CC)(SBAR)(.)|FRAG
0.835663 (DT)(JJ)(CC)(JJ)|ADJP
0.835663 (DT)(JJ)(CC)(JJ)(NN)|NP
0.835663 (DT)(JJ)(NN)(CC)(NN)(NN)|NP
0.835663 (IN)|NP
0.835663 (IN)(NP)|ADVP
0.835663 (JJR)(JJ)(NNS)|NP
0.835663 (JJR)(NNS)(S)|NP
0.835663 (NNP)(POS)|NP
0.835663 (NP)(PRN)(VP)(.)|S
0.835663 (NP)(,)(RRC)|NP
0.835663 (NP-TMP)(VP)|S
0.835663 (RB)(DT)(NN)(NN)|NP
0.835663 (RBR)(PP)|ADVP
0.835663 (SINV)|SBAR
0.835663 (VB)|ADJP
0.835663 (VBD)(``)(S)|VP
0.835663 (VBN)(PP)(,)(S)|VP
0.835663 (VB)(PRT)(NP)(ADVP)|VP
0.835663 (VBZ)(ADJP)(,)(PP)|VP
0.835663 (VBZ)(NP)(VP)|SQ
0.835663 (VBZ)(,)(S)|VP
0.835663 (VP)(,)(VP)(,)(VP)(PP)|VP
0.835663 (WP$)(NN)|WHNP
0.836087 (CC)(S)|SBAR
0.836087 (CD)(CD)|QP
0.836087 (NP)(,)(NP)(.)|NP
0.836087 (RB)|WHADVP
0.836087 (S)(PRN)(CC)(S)(.)|S
0.836087 (VB)(PRT)(S)|VP
0.836087 (VBZ)(RB)(ADVP)(NP)|VP
0.836087 (VP)|SQ
0.836438 (NP)(,)(VP)|NP
0.836438 (RB)(S)|SBAR
0.836438 (VBD)(ADVP)(PP)|VP
0.836438 (VBD)(NP)(S)|VP
0.836438 (VB)(PRT)(NP)(PP)|VP
0.836734 (JJ)(RB)(S)|ADJP
0.836734 (RB)(RBR)(JJ)|ADJP
0.836985 (NP)(:)(NP)|NP
0.837203 (VBP)(ADVP)(S)|VP
0.837707 (ADVP)(IN)(NP)|PP
0.838597 (PDT)(DT)(NN)|NP
0.848254 (DT)(JJ)(NN)(S)|NP
0.848254 (NP)(ADVP)|NP
0.851576 (VBD)(PP)(PP)|VP
0.851576 (VBN)(PP)(SBAR)|VP
0.853299 (VBP)(VP)|VP
0.853385 (JJ)(JJ)(NN)(NNS)|NP
0.853385 (RBR)(JJ)(S)|ADJP
0.853385 (VB)(PP)(S)|VP
0.854523 (RB)(NP)|ADVP
0.854523 (RB)(RB)(SBAR)|ADVP
0.854523 (VB)(ADJP)(S)|VP
0.854523 (VBN)(NP)(SBAR)|VP
0.855876 (DT)(NX)|NP
0.855876 (,)(SBAR)(,)|PRN
0.855876 (VBP)(NP)(PP)(SBAR)|VP
0.857511 (ADVP)(TO)(NP)|PP
0.857511 (CC)(ADVP)|PRN
0.857511 (CD)(NN)(NNS)|NP
0.857511 (DT)(ADJP)(NN)(NN)|NP
0.857511 (INTJ)(,)(NP)(VP)(.)|S
0.857511 (JJ)(,)(JJ)|ADJP
0.857511 (NN)(NN)(JJ)(NNS)|NP
0.857511 (NP)(CC)(SBAR)|NP
0.857511 (NP)(CC)(S)|NP
0.857511 (NP)(JJR)|ADJP
0.857511 (NP)(,)(PP)(,)(VP)|S
0.857511 (PP)(,)(PP)(CC)(PP)|PP
0.857511 (RB)(JJ)(PP)|ADVP
0.857511 (RB)(NN)(NN)|NP
0.857511 (RB)(RB)(RB)|ADVP
0.857511 (VBP)(PRT)(S)|VP
0.857511 (VBZ)(ADVP)(S)|VP
0.857511 (VP)(,)(CC)(RB)(VP)|VP
0.857511 (WHADJP)(NNS)|WHNP
0.860801 (VBZ)(NP)(PP)|VP
0.864513 (VBZ)(VP)|VP
0.866115 (VB)(PP)(SBAR)|VP
0.867482 (RB)(RB)|ADVP
0.867842 (VBG)(CC)(VBG)(NP)|VP
0.872609 (IN)(PP)|ADVP
0.872609 (NP)(,)(SBAR)(,)|NP
0.875487 (ADVP)(,)(NP)(ADVP)(VP)(.)|S
0.875487 (PP)(,)(NP)(ADVP)(VP)(.)|S
0.875666 (DT)(NN)(NN)(NNS)|NP
0.875666 (IN)(RB)|ADVP
0.875666 (VBD)(RB)(ADJP)|VP
0.879358 (ADJP)(JJ)(NN)|NP
0.879358 (DT)(JJ)(NN)(NN)(NN)|NP
0.879358 (DT)(NNP)(NN)|NP
0.879358 (JJ)(JJ)(NN)(NN)|NP
0.879358 (JJ)(NNS)|NP-TMP
0.879358 (NP)(ADJP)(ADVP)|S
0.879358 (PDT)(DT)(NN)|NP-TMP
0.879358 (PP)|FRAG
0.879358 (PRP$)(NNS)(NN)|NP
0.879358 (RB)(JJ)(NN)|NP-TMP
0.879358 (RB)(JJR)|NP
0.879358 (VBD)(NP)(PP)(SBAR)|VP
0.879358 (VB)(NP)(UCP)|VP
0.879358 (VBP)(CC)(VBP)|VP
0.879358 (VB)(PRT)(PP)(PP)|VP
0.882805 (NP)(,)(NP)(CC)(NP)|NP
0.883271 (TO)|PP
0.883271 (VBZ)(ADJP)(S)(SBAR)|VP
0.883909 (ADJP)(ADJP)|ADJP
0.883909 (ADJP)(ADJP)(NN)|NP
0.883909 (ADJP)(ADVP)|RRC
0.883909 (ADJP)(ADVP)|S
0.883909 (ADJP)(,)(CC)(ADJP)(,)|ADJP
0.883909 (ADJP)(CC)(ADJP)(,)(CC)(ADVP)|ADJP
0.883909 (ADJP)(CC)(ADJP)(PP)|UCP
0.883909 (ADJP)(DT)(NN)|NP
0.883909 (ADJP)(JJ)(NN)(NNS)|NP
0.883909 (ADJP)(NN)(CC)(NN)|NP
0.883909 (ADJP)(NNP)(NNS)|NP
0.883909 (ADJP)(NNS)(CC)(NN)|NP
0.883909 (ADJP)(NP)|ADJP
0.883909 (ADJP)(PP)(PP)(SBAR)|ADJP
0.883909 (ADJP)(SBAR)(.)|FRAG
0.883909 (ADVP)(ADVP)|PRN
0.883909 (ADVP)(DT)(NN)|NP
0.883909 (ADVP)(JJ)(S)|ADJP
0.883909 (ADVP)(MD)(RB)(VP)|VP
0.883909 (ADVP)(NN)|NP-TMP
0.883909 (ADVP)(,)(NP)(.)|FRAG
0.883909 (ADVP)(NP)(NP-TMP)|S
0.883909 (ADVP)(,)(NP)(NP-TMP)(VP)(.)|S
0.883909 (ADVP)(NP)(PP)|NP
0.883909 (ADVP)(NP)(,)(S)(VP)(.)|S
0.883909 (,)(ADVP)(NP)(VP)|S
0.883909 (ADVP)(,)(PP)(,)(NP)(ADVP)(VP)(.)|S
0.883909 (ADVP)(,)(PP)(,)(SBAR)(,)(NP)(VP)(.)|S
0.883909 (ADVP)(,)(PP)(,)(S)(VP)(.)|S
0.883909 (ADVP)(,)(PP)|UCP
0.883909 (ADVP)(PRN)(NP)(,)(VP)(.)|S
0.883909 (ADVP)(PRN)(VP)(.)|S
0.883909 (ADVP)(,)(S)(,)(S)(,)(CC)(S)(.)|S
0.883909 (ADVP)(VB)(CC)(VB)(SBAR)|VP
0.883909 (ADVP)(VBG)(CC)(VBG)(NP)(PP)|VP
0.883909 (ADVP)(VBG)(CC)(VBG)(NP)|VP
0.883909 (ADVP)(VBN)|ADJP
0.883909 (ADVP)(VBN)(CC)(VBN)(NP)|VP
0.883909 (ADVP)(VB)(NP)(ADVP)|VP
0.883909 (ADVP)(VBN)(PP)(ADVP)|VP
0.883909 (ADVP)(VBN)(PRT)(PP)(PP)|VP
0.883909 (ADVP)(VB)(``)(NP)(S)|VP
0.883909 (ADVP)(VB)(NP-TMP)|VP
0.883909 (ADVP)(VBP)(NP)(PP)|VP
0.883909 (ADVP)(VBP)(PRT)(PP)|VP
0.883909 (ADVP)(VB)(PRT)(NP)|VP
0.883909 (ADVP)(VB)(PRT)(PP)|VP
0.883909 (ADVP)(VBZ)(NP)(SBAR)|VP
0.883909 (ADVP)(VBZ)(PP)(SBAR)|VP
0.883909 (ADVP)(VBZ)(SBAR)(PP)|VP
0.883909 (ADVP)(VBZ)(VP)|VP
0.883909 (ADVP)(VP)(PP)|S
0.883909 (,)(ADVP)(,)(VP)|S
0.883909 (ADVP)(,)(VP)|S
0.883909 (ADVP)(VP)(,)(VP)|VP
0.883909 (ADVP)(WRB)|WHADVP
0.883909 (CC)(ADVP)(.)|FRAG
0.883909 (,)(CC)(ADVP)(PP)|PRN
0.883909 (CC)(ADVP)(,)(SBAR)(NP)(VP)(.)|S
0.883909 (CC)(NP)(CC)(NP)|NP
0.883909 (:)(CC)(,)(NP)(-RRB-)|PRN
0.883909 (CC)(PP)(,)(S)(VP)(.)|S
0.883909 (CC)(,)(SBAR)(NP)(VP)(.)|S
0.883909 (,)(CC)(S)(,)|PRN
0.883909 (CC)(S)(,)(S)(CC)(S)(.)|S
0.883909 (CC)(VBP)(NP)(VP)(.)|SINV
0.883909 (CD)(JJR)|NP
0.883909 (CD)(TO)(CD)|QP
0.883909 (,)(CONJP)(ADJP)(,)|PRN
0.883909 (CONJP)(MD)(NP)(VP)|SINV
0.883909 (CONJP)(SINV)(,)(CC)(S)(.)|S
0.883909 (CONJP)(SINV)(,)(S)(.)|S
0.883909 (DT)(ADJP)(NNP)(NN)|NP
0.883909 (DT)(ADJP)(NNS)(NN)(NN)|NP
0.883909 (DT)(CC)(DT)|ADJP
0.883909 (DT)(CD)(NN)(NN)(NN)|NP
0.883909 (DT)(CD)|NP
0.883909 (DT)(IN)|ADVP
0.883909 (DT)(JJ)|ADJP
0.883909 (DT)(JJ)(CC)(JJ)(NNS)|NP
0.883909 (DT)(JJ)(CC)(NN)(NN)(NN)|NP
0.883909 (DT)(JJ)(JJ)(JJ)(NN)(NN)|NP
0.883909 (DT)(JJ)(,)(JJ)(,)(JJ)(NN)|NP
0.883909 (DT)(JJ)(JJ)(JJ)(NN)|NP
0.883909 (DT)(JJ)(JJ)(NN)(NN)(NNS)|NP
0.883909 (DT)(JJ)(,)(JJ)(NN)(NN)|NP
0.883909 (DT)(JJ)(JJ)(NN)(NNS)|NP
0.883909 (DT)(JJ)(,)(JJ)(NNS)|NP
0.883909 (DT)(JJ)(JJ)(NN)(S)|NP
0.883909 (DT)(JJ)(JJ)|NP
0.883909 (DT)(JJ)(NN)(CC)(NN)(NN)(NN)|NP
0.883909 (DT)(JJ)(NN)(NN)(NNS)(NN)|NP
0.883909 (DT)(JJ)(``)(NN)('')|NP
0.883909 (DT)(JJ)(NNP)(NN)(NNS)|NP
0.883909 (DT)(JJ)(NNP)(NN)|NP
0.883909 (DT)(JJ)(NNP)(NNP)(NN)(NN)|NP
0.883909 (DT)(JJ)(NNP)(NNP)|NP
0.883909 (DT)(JJ)(NNS)(CC)(NN)|NP
0.883909 (DT)(JJ)(NN)(:)(S)|NP
0.883909 (DT)(JJ)(NNS)(S)|NP
0.883909 (DT)(JJ)|QP
0.883909 (DT)(JJR)(ADJP)(NN)|NP
0.883909 (DT)(JJR)|NP
0.883909 (DT)(JJS)(NNS)(CC)(NNS)|NP
0.883909 (DT)(JJ)(S)|NP
0.883909 (DT)(NN)(JJ)|ADJP
0.883909 (DT)(NN)(NN)(,)(CC)(NN)(NN)|NP
0.883909 (DT)(NN)(NN)(CC)(NNS)|NP
0.883909 (DT)(NN)(NN)(NN)(VBG)(NN)|NP
0.883909 (DT)(NN)(NNS)(CC)(NN)(NN)|NP
0.883909 (DT)(NN)(NN)(VBG)(NN)|NP
0.883909 (DT)(NN)(NN)(VBN)(NN)|NP
0.883909 (DT)(NN)(.)|NP
0.883909 (DT)(NNP)(NNP)|NP
0.883909 (DT)(NNP)(NNPS)(JJ)(NN)(CC)(NN)(NN)|NP
0.883909 (DT)(NNS)(CC)(NN)(NN)|NP
0.883909 (DT)(NNS)(RB)|NP
0.883909 (DT)(PP)(,)(CC)(PP)|PP
0.883909 (DT)(PRN)(NN)|NP
0.883909 (DT)(PRP$)(JJ)(NNS)|NP
0.883909 (DT)(QP)(NNS)|NP
0.883909 (DT)(RB)(JJ)(NNS)|NP
0.883909 (DT)(RB)(JJS)|NP
0.883909 (DT)(TO)(VP)|VP
0.883909 (DT)(VBG)(NNP)(NN)|NP
0.883909 (DT)(VBN)(NNP)(NN)|NP
0.883909 (FRAG)(NP)(VP)|S
0.883909 (FRAG)|SBAR
0.883909 (IN)(CC)(NP)|PP
0.883909 (IN)(NN)|ADJP
0.883909 (IN)(NP)(:)|PP
0.883909 (IN)(PRP$)(NNS)|PP
0.883909 (IN)(,)(SBAR)(,)(NP)(ADVP)(VP)(.)|S
0.883909 (IN)(SINV)|SBAR
0.883909 (INTJ)(,)(ADVP)|FRAG
0.883909 (INTJ)(,)(MD)(NP)(VP)(.)|SQ
0.883909 (INTJ)(,)(S)(CC)(S)|S
0.883909 (JJ)(,)(CC)(JJ)|ADJP
0.883909 (JJ)(,)(CC)(JJ)(,)|ADJP
0.883909 (JJ)(DT)(NNS)|NP
0.883909 (JJ)(IN)(:)(NP)|PP
0.883909 (JJ)(,)(JJ)(CC)(JJ)(NNS)|NP
0.883909 (JJ)(JJ)(VBN)(NNS)|NP
0.883909 (JJ)(-LRB-)(NN)(,)(NN)|NP
0.883909 (JJ)(NN)(CC)(NN)(NNS)|NP
0.883909 (JJ)(NN)(NN)(CC)(NN)(NNS)|NP
0.883909 (JJ)(NNP)(NNS)|NP
0.883909 (JJ)(NNS)(RB)|NP
0.883909 (JJ)(NP-TMP)(,)(PP)|ADJP
0.883909 (JJ)(,)(RB)(DT)(JJ)(NN)|NP
0.883909 (JJR)(CC)(JJR)|ADVP
0.883909 (JJR)(IN)(DT)|QP
0.883909 (JJR)(IN)(NP)|QP
0.883909 (JJR)(NN)(NNS)(CC)(NNS)|NP
0.883909 (JJR)(NN)(:)|NP
0.883909 (JJS)(CC)(JJS)|ADJP
0.883909 (JJS)(JJ)(NNS)|NP
0.883909 (JJS)(NNP)(NNS)|NP
0.883909 (JJ)(VBD)|ADJP
0.883909 (JJ)(VBG)|ADJP
0.883909 (JJ)(VBG)(JJ)(NNS)|NP
0.883909 (-LRB-)(CC)(S)(-RRB-)|PRN
0.883909 (-LRB-)(CC)(VB)(-RRB-)|PRN
0.883909 (-LRB-)(FW)(,)(ADJP)(-RRB-)|PRN
0.883909 (-LRB-)(NP)(NP)(PP)(.)|NP
0.883909 (-LRB-)(PRP)(-RRB-)|PRN
0.883909 (LST)(:)(NP)(VP)(.)|S
0.883909 (MD)(,)(ADVP)(,)(VP)|VP
0.883909 (MD)(CC)(MD)(RB)(VP)|VP
0.883909 (MD)(NP)(ADVP)(VP)(.)|SQ
0.883909 (MD)(NP)(S)|VP
0.883909 (MD)(RB)(,)(ADVP)(,)(VP)|VP
0.883909 (MD)(RB)(NP)(VP)|SQ
0.883909 (MD)(RB)(S)|VP
0.883909 (MD)(VP)(:)(NP)|VP
0.883909 (NN)(CC)(NN)|UCP
0.883909 (NN)(IN)|ADVP
0.883909 (NN)(,)(JJ)(NN)(CC)(NN)|NP
0.883909 (NN)(JJ)(NN)(NN)|NP
0.883909 (NN)(,)(NN)(CC)(JJ)(NN)(NNS)|NP
0.883909 (NN)(,)(NN)(,)(CC)(NN)(NNS)|NP
0.883909 (NN)(,)(NN)(NN)(CC)(NN)(NNS)|NP
0.883909 (NN)(NN)|NX
0.883909 (NN)(NNS)(,)(NN)(CC)(JJ)(NN)(NNS)|NP
0.883909 (NN)(NNS)(S)|NP
0.883909 (NNP)(NN)(CC)(JJ)(NNS)|NP
0.883909 (NNP)(NNP)(NN)(NNS)|NP
0.883909 (NNP)(NNP)(NNP)(NNP)(.)|NP
0.883909 (NNP)(NNP)(NNPS)(NNP)|NP
0.883909 (NNP)(NNS)(,)(NN)(NNS)(CC)(NNS)|NP
0.883909 (NN)|PP
0.883909 (NN)(PRN)(S)|NP
0.883909 (NNPS)(CC)(JJ)(JJ)(JJ)(NNS)|NP
0.883909 (NNS)(CC)(JJ)(JJ)(NN)(NNS)|NP
0.883909 (NNS)(CC)(JJ)(NNS)|NP
0.883909 (NNS)(CC)(JJR)(NNS)|NP
0.883909 (NNS)(,)(NNS)(CC)(NN)(NNS)|NP
0.883909 (NNS)(.)|NP
0.883909 (NNS)(NP)(NP)|SQ
0.883909 (NP)(,)(ADJP)(,)(NP)|NP
0.883909 (NP)(ADVP)(,)(CC)(NP)|NP
0.883909 (NP)(:)(ADVP)|NP
0.883909 (NP)(,)(ADVP)(NP)|NP
0.883909 (NP)(ADVP)(NP)(VP)|S
0.883909 (NP)(CC)(NP)(CC)(NP)|NP
0.883909 (NP)(,)(CC)(RB)(ADJP)|UCP
0.883909 (NP)(,)(CC)(RB)(RB)(RB)(NP)|NP
0.883909 (NP)(,)(CC)(SBAR)|UCP
0.883909 (NP)(JJ)(PP)|ADVP
0.883909 (NP)(-LRB-)(SBAR)(,)|NP
0.883909 (NP)(NN)(NN)(NN)|NP
0.883909 (NP)(NN)(NNS)|NP
0.883909 (NP)(NN)(S)|NP
0.883909 (NP)(NP)(,)(CC)(NP)|NP
0.883909 (NP)(,)(NP)(CC)(PP)(,)(NP)|NP
0.883909 (NP)(,)(NP)(,)(FW)|NP
0.883909 (NP)(,)(NP)(,)(NP)(,)(FW)|NP
0.883909 (NP)(,)(NP)(,)(NP)(,)(NP)(,)(NP)(CC)(ADVP)(NP)|NP
0.883909 (NP)(,)(NP)|NP-TMP
0.883909 (NP)(NP)(SBAR)|S
0.883909 (NP)(NP-TMP)(SBAR)|NP
0.883909 (NP)(NP-TMP)(S)|NP
0.883909 (NP)(,)(PP)(,)(CC)(NP)|NP
0.883909 (NP)(PP)|FRAG
0.883909 (NP)(PP)(,)|NP
0.883909 (NP)(:)(PP)(,)(PP)|NP
0.883909 (NP)(PP)(PP)(``)|NP
0.883909 (NP)(PP)(PP)(PP)|NP
0.883909 (NP)(PP)(-RRB-)|NP
0.883909 (NP)(PP)(:)(VP)(-RRB-)|NP
0.883909 (NP)(PRN)(,)|NP
0.883909 (NP)(PRN)(NP)(ADVP)(VP)(.)|S
0.883909 (NP)(PRN)(PP)|NP
0.883909 (NP)(RB)(ADVP)(VP)|S
0.883909 (NP)(RB)|NP
0.883909 (NP)(,)(RB)(NP)(ADVP)|NP
0.883909 (NP)(,)(RB)(RB)(NP)|NP
0.883909 (NP)(RB)(RB)(NP)|NP
0.883909 (NP)(,)(SBAR)(,)(VP)(.)|S
0.883909 (NP)(SBAR)(VP)(.)|S
0.883909 (NP)(SBAR)|X
0.883909 (NP)(:)(S)(.)|NP
0.883909 (NP)(,)(S)(,)(VP)(.)|S
0.883909 (NP)(VBN)(NN)|NP
0.883909 (NX)(,)(CC)(NX)(,)|NX
0.883909 (PDT)(DT)(NN)(CC)(NN)|NP
0.883909 (PDT)(DT)(NNS)(NN)|NP
0.883909 (PDT)(PRP$)(JJ)(NN)(NNS)|NP
0.883909 (PDT)(PRP$)(NN)(NNS)|NP
0.883909 (PDT)(PRP$)(NNS)(CC)(NNS)|NP
0.883909 (POS)|NP
0.883909 (PP)(,)(ADVP)(VP)(.)|S
0.883909 (PP)(CC)(ADVP)(PP)|PP
0.883909 (PP)(CC)(ADVP)(SBAR)|UCP
0.883909 (PP)(,)(CC)(PP)(,)|PP
0.883909 (PP)(CC)(RB)(PP)|PP
0.883909 (PP)(CC)(VP)|UCP
0.883909 (PP)(,)(NP)(ADVP)(ADVP)(VP)|S
0.883909 (PP)(,)(NP)(NP-TMP)(VP)(.)|S
0.883909 (PP)(NP)|VP
0.883909 (PP)(PP)|PP
0.883909 (PP)(PP)(,)(PP)(,)(NP)(VP)|S
0.883909 (,)(PP)|PRN
0.883909 (PP)(PRN)|PP
0.883909 (PP)(,)(RB)(RB)(IN)(S)|PP
0.883909 (PP)|S
0.883909 (PP)(,)(S)(ADVP)(VP)(.)|S
0.883909 (PP)(,)(S)(:)(CC)(,)(S)(.)|S
0.883909 (PP)(,)(S)(:)(S)(,)(CC)(S)(.)|S
0.883909 (PP)(VBP)(ADVP)(VP)|VP
0.883909 (PP)(VBP)(NP)|VP
0.883909 (PP)(,)(VP)|S
0.883909 (PRP$)(ADJP)(JJ)(NN)(NN)|NP
0.883909 (PRP)(DT)|NP
0.883909 (PRP$)(JJ)(NN)(CC)(NN)(NNS)|NP
0.883909 (PRP$)(JJ)(NN)(,)(NN)(CC)(NN)|NP
0.883909 (PRP$)(JJ)(NNS)(CC)(NNS)|NP
0.883909 (PRP$)(JJ)(NN)(S)|NP
0.883909 (PRP$)(JJ)(NNS)(S)|NP
0.883909 (PRP$)(JJ)(PRN)(NN)|NP
0.883909 (PRP$)(JJR)(NN)|NP
0.883909 (PRP$)(JJ)(VBN)(NN)|NP
0.883909 (PRP$)(NN)(CC)(JJ)(VBG)(NNS)|NP
0.883909 (PRP$)(NN)(,)(NN)(CC)(NN)(NNS)|NP
0.883909 (PRP$)(NNP)(NNS)|NP
0.883909 (PRP$)(VBN)(NN)(NN)|NP
0.883909 (QP)(JJ)(NN)(NNS)|NP
0.883909 (QP)(NN)(NN)|NP
0.883909 (RB)(ADJP)(NN)|NP
0.883909 (RB)(ADJP)(NN)(S)|NP
0.883909 (RB)(ADVP)(VBN)(PP)|VP
0.883909 (RB)(ADVP)(VBN)|VP
0.883909 (RB)(ADVP)(VP)|S
0.883909 (RB)(DT)(NNS)(CC)(NNS)|NP
0.883909 (RB)(IN)(S)(.)|SBAR
0.883909 (RB)(NN)(JJ)|ADJP
0.883909 (RB)(NNP)|NP
0.883909 (RB)(NNS)(CC)(NNS)|NP
0.883909 (RB)(NP)|VP
0.883909 (RB)|PP
0.883909 (RB)(PP)(.)|FRAG
0.883909 (RB)(RB)(CC)(RB)|ADVP
0.883909 (RB)(RB)(IN)|ADVP
0.883909 (RB)(RB)(JJ)|ADVP
0.883909 (RB)(RB)(JJR)|ADJP
0.883909 (RB)(RBR)(JJ)(PP)|ADJP
0.883909 (RB)(RBR)|NP
0.883909 (RBR)(DT)(NN)|NP
0.883909 (RBR)(JJ)(NNS)|NP
0.883909 (RBR)(NP)|PP
0.883909 (RBR)(VBN)(PP)|ADJP
0.883909 (RB)(S)|ADVP
0.883909 (RBS)(RB)(JJ)|ADJP
0.883909 (RB)(VBG)(ADJP)(PP)|VP
0.883909 (RB)(VBG)(SBAR)|VP
0.883909 (RB)(VB)(NP)(PP)|VP
0.883909 (RB)(VB)(NP)|VP
0.883909 (RB)(VBN)(SBAR)|ADJP
0.883909 (RB)(VP)|VP
0.883909 (RB)(,)(WHNP)(SQ)(.)|SBARQ
0.883909 (RP)(PP)|PP
0.883909 (``)(S)(,)(ADVP)(S)|S
0.883909 (S)(ADVP)(VP)|S
0.883909 (SBAR)(,)(ADVP)(VP)|S
0.883909 (SBAR)(ADVP)(VP)(.)|S
0.883909 (SBAR)(CC)(FRAG)|SBAR
0.883909 (SBAR)(CC)(SBAR)|NP
0.883909 (SBAR)(,)(CC)(SBAR)(,)(SBAR)|SBAR
0.883909 (SBAR)(CC)(SBAR)(SBAR)|SBAR
0.883909 (SBAR)(:)(NP)|NP
0.883909 (,)(SBAR)(,)(NP)(VP)|S
0.883909 (:)(SBAR)(:)|PRN
0.883909 (SBAR)(PRN)(NP)(VP)|S
0.883909 (SBAR)(,)(SQ)(.)|SBARQ
0.883909 (SBAR)(,)(S)(,)(VP)(.)|S
0.883909 (SBAR)(,)(WHNP)(S)(.)|SBARQ
0.883909 (S)(,)(CC)(FRAG)(.)|S
0.883909 (S)(CC)(NP)|NP
0.883909 (S)(CC)(S)(.)(-RRB-)|S
0.883909 (S)(:)(CC)(S)(.)|S
0.883909 (S)(CC)(S)(:)(S)(.)|S
0.883909 (,)(SINV)(,)|PRN
0.883909 (S)(NP)(PP)(VP)(.)|S
0.883909 (S)|PRN
0.883909 (S)(PRN)(VP)(.)|S
0.883909 (S)(,)(RB)(SBARQ)|S
0.883909 (S)(,)(SBAR)(.)|S
0.883909 (S)(,)(S)(,)(CC)(S)|S
0.883909 (S)(S)(,)(CC)(S)(.)|S
0.883909 (S)(,)(S)(,)(S)(CC)(S)(.)|S
0.883909 (TO)(DT)(VP)|VP
0.883909 (TO)(PRN)(NP)|PP
0.883909 (TO)(RB)|PP
0.883909 (TO)(RB)(VP)|VP
0.883909 (UCP)(JJ)(NN)(NN)|NP
0.883909 (UCP)(S)|SBAR
0.883909 (VB)(ADJP)(,)(ADJP)|VP
0.883909 (VB)(ADJP)(,)(S)|VP
0.883909 (VB)(ADVP)(,)(ADVP)|VP
0.883909 (VB)(ADVP)(PP)(S)(,)(ADVP)|VP
0.883909 (VB)(ADVP)(PRN)|VP
0.883909 (VB)(CC)(VB)(S)(SBAR)|VP
0.883909 (VBD)(ADJP)(PP)(S)(SBAR)|VP
0.883909 (VBD)(ADJP)(,)(S)|VP
0.883909 (VBD)(ADVP)(PP)(NP-TMP)(SBAR)|VP
0.883909 (VBD)(ADVP)(,)(SBAR)|VP
0.883909 (VBD)(,)(ADVP)(,)(VP)|VP
0.883909 (VBD)(NP)(PP)(PP)(PP)|VP
0.883909 (VBD)(NP)(PRT)(PP)|VP
0.883909 (VBD)(NP)(S)(,)(SBAR)|VP
0.883909 (VBD)(PRT)(ADVP)|VP
0.883909 (VBD)(PRT)(NP)(,)(PP)|VP
0.883909 (VBD)(PRT)(PP)(PP)(PP)|VP
0.883909 (VBD)(PRT)(S)|VP
0.883909 (VBD)(RB)(ADVP)(VP)|VP
0.883909 (VBD)(RB)|VP
0.883909 (VBG)(ADVP)(NP)|VP
0.883909 (VBG)(ADVP)(PP)(,)(SBAR)|VP
0.883909 (VBG)(INTJ)(PP)|VP
0.883909 (VBG)(JJ)(NN)(NN)|NP
0.883909 (VBG)(NNS)(NNS)|NP
0.883909 (VBG)(NP)(ADVP)(S)|VP
0.883909 (VBG)(NP)(PP)(ADVP)|VP
0.883909 (VBG)(NP)(PP)(,)(SBAR)|VP
0.883909 (VBG)(NP)(PP)(,)(S)|VP
0.883909 (VBG)(NP)(PRT)(S)|VP
0.883909 (VBG)(NP)(,)(S)|VP
0.883909 (VBG)(NP)(:)(S)|VP
0.883909 (VBG)(PP)(,)(ADVP)(PP)(,)(SBAR)|VP
0.883909 (VBG)(PRT)(PP)(PP)|VP
0.883909 (VBG)(PRT)(SBAR)|VP
0.883909 (VBG)(,)(VBG)(NP)|VP
0.883909 (VBN)(ADJP)(PRN)(,)(S)|VP
0.883909 (VBN)(ADVP)(ADVP)(PP)(,)(PP)|VP
0.883909 (VBN)(ADVP)(PP)(,)(PP)|VP
0.883909 (VBN)(ADVP)(,)(S)|VP
0.883909 (VBN)(NN)(NN)(NNS)|NP
0.883909 (VBN)(NN)(NN)|NP
0.883909 (VBN)(NNS)(CC)(NNS)|NP
0.883909 (VBN)(NP)(PP)(:)(SBAR)|VP
0.883909 (VBN)(NP)(PP)(S)|VP
0.883909 (VBN)(NP-TMP)(SBAR)|VP
0.883909 (VBN)(NP-TMP)(S)(,)(PP)|VP
0.883909 (VB)(NP)(,)(ADVP)(SBAR)(,)(SBAR)|VP
0.883909 (VB)(NP)(,)(NP)(PP)|VP
0.883909 (VB)(NP)(PP)(,)(ADJP)|VP
0.883909 (VB)(NP)(PP)(PP)(PRN)(NP)(PP)|VP
0.883909 (VB)(``)(NP)(PP)|VP
0.883909 (VB)(NP)('')(PP)|VP
0.883909 (VB)(NP)(RB)(VP)|VP
0.883909 (VBN)(PRT)(NP)(S)|VP
0.883909 (VB)(NP)(,)(SBAR)(,)(PP)|VP
0.883909 (VBN)(UCP)(,)(S)|VP
0.883909 (VBP)(ADVP)(ADVP)(,)(ADJP)|VP
0.883909 (VBP)(ADVP)(NP)(,)(S)|VP
0.883909 (VBP)(ADVP)(PP)(,)(ADJP)(PP)|VP
0.883909 (VBP)(ADVP)(RB)(NP)(PP)(PP)|VP
0.883909 (VBP)(ADVP)(RB)(NP)(,)(SBAR)|VP
0.883909 (VBP)(,)(ADVP)(S)|VP
0.883909 (VBP)(NP)(ADJP)(.)|SQ
0.883909 (VBP)(NP)(PP)(,)(ADVP)(PP)|VP
0.883909 (VBP)(NP)(PP)(:)(S)|VP
0.883909 (VBP)(NP)(PRT)(PP)|VP
0.883909 (VB)(PP)(,)(ADVP)(SBAR)|VP
0.883909 (VB)(PP)(,)(ADVP)(,)(S)|VP
0.883909 (VB)(PP)(,)(PP)(ADVP)|VP
0.883909 (VB)(PP)(PP)(PP)|VP
0.883909 (VBP)(,)(PP)(PP)|VP
0.883909 (VB)(PP)(PRN)|VP
0.883909 (VBP)(PP)(S)(,)(SBAR)|VP
0.883909 (VBP)(PP)(S)(,)(S)|VP
0.883909 (VBP)(PRT)(UCP)|VP
0.883909 (VB)(PRT)(NP)(ADVP)(S)|VP
0.883909 (VB)(PRT)(NP)(,)(S)|VP
0.883909 (VBP)(S)(:)(S)|VP
0.883909 (VB)(S)(PRN)|VP
0.883909 (VB)(S)(S)|VP
0.883909 (VBZ)(ADJP)(PP)(PRN)(PP)|VP
0.883909 (VBZ)(ADJP)(PP)(:)|VP
0.883909 (VBZ)(ADJP)(S)(SBAR)(,)(CC)(VP)|VP
0.883909 (VBZ)(ADJP)(S)(,)(S)|VP
0.883909 (VBZ)(ADJP)(,)(S)|VP
0.883909 (VBZ)(ADVP)(ADJP)(NP-TMP)|VP
0.883909 (VBZ)(ADVP)(ADJP)(,)(SBAR)(,)(SBAR)|VP
0.883909 (VBZ)(ADVP)(ADJP)(S)(,)(PP)|VP
0.883909 (VBZ)(,)(ADVP)(,)(ADJP)(S)|VP
0.883909 (VBZ)(ADVP)(ADVP)(NP)|VP
0.883909 (VBZ)(NP)(PRT)(PP)|VP
0.883909 (VBZ)(NP)(:)(SBAR)|VP
0.883909 (VBZ)(PP)(PP)(,)(S)|VP
0.883909 (VBZ)(PRT)(NP)(:)(SBAR)|VP
0.883909 (VBZ)(PRT)(NP)(S)|VP
0.883909 (VBZ)(SBARQ)|VP
0.883909 (VBZ)(S)(SBAR)|VP
0.883909 (VP)(CC)(ADVP)(VP)(,)(VP)(,)(CC)(VP)|VP
0.883909 (VP)(CC)(PRN)(VP)|VP
0.883909 (VP)(CC)(VP)(NP)(PRN)|VP
0.883909 (VP)(:)(CC)(VP)|VP
0.883909 (VP)(:)(NP)|VP
0.883909 (VP)(,)(PP)(,)(VP)(NP)(.)|SINV
0.883909 (VP)(PRN)(S)|VP
0.883909 (VP)(PRN)(,)(VP)|VP
0.883909 (VP)(PRN)(VP)|VP
0.883909 (VP)(,)|S
0.883909 (VP)(.)|SQ
0.883909 (VP)(,)(VP)(,)(NP)|VP
0.883909 (VP)(:)(VP)|VP
0.883909 (VP)(,)(VP)(,)(VP)(CC)(VP)|VP
0.883909 (WDT)(NN)|NP
0.883909 (WHADJP)(JJR)(NNS)|WHNP
0.883909 (WHADVP)(CC)(IN)|UCP
0.883909 (WHADVP)(NP)(.)|FRAG
0.883909 (WHADVP)(RB)(VP)(.)|FRAG
0.883909 (WHNP)(FRAG)|SBAR
0.883909 (WHNP)(.)|SBARQ
0.883909 (WHNP)(SQ)|SBARQ
0.883909 (WP)(NN)|WHNP
0.883909 (WP)(RB)|WHNP
0.883909 (WRB)|INTJ
0.883909 (WRB)|WHNP
0.885303 (DT)(NN)(NNS)|NP
0.885406 (VBP)(ADVP)(PP)|VP
0.886625 (NNS)|NP
0.887594 |CC
0.887923 (TO)(VP)|VP
0.888351 (ADJP)(NNS)|NP
0.890694 (JJ)|ADVP
0.890694 (VB)(CC)(VB)(NP)(PP)|VP
0.890694 (VB)(NP)(ADVP)(SBAR)|VP
0.890694 (VBZ)(NP)(,)(SBAR)|VP
0.891201 (ADVP)(,)(VP)(VP)(.)|S
0.894694 (RB)(JJ)(S)|ADJP
0.895455 (ADVP)(VBP)(NP)|VP
0.895455 (NN)(JJ)|NP
0.895455 (VBZ)(PP)(PP)|VP
0.901206 (ADVP)(VBG)(PP)|VP
0.901206 (ADVP)(VBP)(PP)|VP
0.901206 (ADVP)(VBP)(S)|VP
0.901206 (DT)(IN)(NP)|PP
0.901206 (JJR)(NN)(NNS)|NP
0.901206 (NN)(JJ)(NNS)|NP
0.901206 (NNP)(NN)(NNS)|NP
0.901206 (NNS)(NNS)|NP
0.901206 (NP)(IN)(NP)|PP
0.901206 (NP)(RBR)|ADVP
0.901206 (NP-TMP)(,)(NP)(VP)|S
0.901206 (VBD)(NP)(NP)|VP
0.901206 (VB)(NP)(PRT)(PP)|VP
0.901206 (WP$)(NNS)|WHNP
0.90221 (VBZ)(RB)(NP)|VP
0.90334 (IN)(JJS)|ADVP
0.90334 (NN)(CC)(NN)(NN)|NP
0.906673 (VBN)(NP)(PP)|VP
0.907054 (VB)(PP)(PP)|VP
0.908293 (ADJP)(,)(ADJP)|ADJP
0.908293 (ADJP)(.)|FRAG
0.908293 (ADJP)(NN)(NN)(NNS)|NP
0.908293 (ADJP)(NP)|NP
0.908293 (ADJP)(NP)|S
0.908293 (ADVP)(NP)|FRAG
0.908293 (ADVP)(VB)(ADVP)|VP
0.908293 (ADVP)(VBD)(PP)|VP
0.908293 (ADVP)(VB)(NP)(S)|VP
0.908293 (ADVP)(VB)(SBAR)|VP
0.908293 (ADVP)(VP)(CC)(VP)|VP
0.908293 (ADVP)(,)(VP)(.)|S
0.908293 (CC)(NP)|PRN
0.908293 (CC)(PP)|FRAG
0.908293 (CC)(SBAR)(,)(S)(CC)(S)(.)|S
0.908293 (CC)(VP)(,)(VP)|VP
0.908293 (CD)(CC)(CD)|QP
0.908293 (CONJP)(PP)(,)(CC)(PP)|PP
0.908293 (DT)(ADJP)(JJ)(NNS)|NP
0.908293 (DT)(JJ)(ADJP)(NN)|NP
0.908293 (DT)(JJ)(NN)(NN)(NNS)|NP
0.908293 (DT)(JJR)(JJ)(NN)|NP
0.908293 (DT)(NN)(,)(JJ)(NN)|NP
0.908293 (DT)(NNP)(NNP)(NN)|NP
0.908293 (DT)(NNP)(NNPS)|NP
0.908293 (DT)(NN)(RB)|NP
0.908293 (DT)(NNS)(,)(NNS)(CC)(NNS)|NP
0.908293 (DT)(NN)(VBG)|NP
0.908293 (DT)(RB)(JJ)|ADJP
0.908293 (DT)|WHNP
0.908293 (IN)|ADJP
0.908293 (IN)(JJS)(CD)|QP
0.908293 (IN)(NP)|NP
0.908293 (IN)(``)(NP)|PP
0.908293 (INTJ)(,)(NP)(VP)|S
0.908293 (JJ)(ADJP)(NN)(NNS)|NP
0.908293 (JJ)(,)(ADJP)(NNS)|NP
0.908293 (JJ)(ADVP)(PP)|ADJP
0.908293 (JJ)(NN)|ADJP
0.908293 (JJ)(NN)(CC)(JJ)(NNS)|NP
0.908293 (JJ)(RB)(PP)|ADJP
0.908293 (JJR)(NN)(CC)(NNS)|NP
0.908293 (JJ)(TO)(JJ)|ADJP
0.908293 (-LRB-)(VP)(-RRB-)|PRN
0.908293 (NN)(CC)(NNS)(NNS)|NP
0.908293 (NN)(CC)(VBG)(NN)|NP
0.908293 (NN)(CD)(NN)(NN)|NP
0.908293 (NNS)(RB)|NP
0.908293 (NN)(S)|VP
0.908293 (NN)(VBN)(NNS)|NP
0.908293 (NP)(ADJP)(.)|NP
0.908293 (NP)(,)(ADVP)(NP)(VP)(.)|S
0.908293 (NP)(ADVP)(S)|NP
0.908293 (NP)(,)(CC)(ADVP)(NP)|NP
0.908293 (NP)(CC)(RB)|FRAG
0.908293 (NP)(CC)(RB)|NP-TMP
0.908293 (NP)(DT)(VP)|S
0.908293 (NP)(-LRB-)(CC)(NP)(-RRB-)|NP
0.908293 (NP)(,)(NP)(,)(NP)(,)(NP)(,)(NP)(CC)(NP)|NP
0.908293 (NP)(NP)(PP)|NP
0.908293 (:)(NP)(PP)|NP
0.908293 (NP)(PP)|NP-TMP
0.908293 (NP)(PP)(,)(PP)(,)|NP
0.908293 (NP)(PP)(VP)|NP
0.908293 (:)(NP)(:)|PRN
0.908293 (NP)(,)(RB)(NP)(,)|NP
0.908293 (NP)(RRC)|NP
0.908293 (NP)(VP)(.)(-RRB-)|S
0.908293 (NP)(VP)(SBAR)|NP
0.908293 (NP)(X)(SBAR)|NP
0.908293 (PDT)(DT)(JJ)(NN)(NN)|NP
0.908293 (PDT)(PRP$)(JJ)(NNS)|NP
0.908293 (PP)(ADVP)(,)(NP)(VP)(.)|S
0.908293 (PP)(CC)(S)|UCP
0.908293 (PP)(,)(SBAR)(NP)(VP)(.)|S
0.908293 (PP)(SBAR)(,)(NP)(VP)(.)|S
0.908293 (PRN)(NNS)|NP
0.908293 (PRP$)(JJS)(NN)|NP
0.908293 (PRP$)(NN)(,)(NN)(CC)(NN)|NP
0.908293 (PRP$)(NN)(NNS)(NN)|NP
0.908293 (PRP)(NN)|NP
0.908293 (PRP$)(NN)(RB)|NP
0.908293 (PRP$)(NP)|NP
0.908293 (PRP)(PRN)|NP
0.908293 (RB)(ADJP)|S
0.908293 (RB)(ADVP)|ADVP
0.908293 (RB)(IN)|ADVP
0.908293 (RB)(IN)(FRAG)|SBAR
0.908293 (RB)(JJ)(RB)|ADJP
0.908293 (RB)(RB)(JJ)(NNS)|NP
0.908293 (RB)(RB)(JJ)(S)|ADJP
0.908293 (RB)(RBR)(JJ)(S)|ADJP
0.908293 (RB)(RB)(VBN)(PP)|ADJP
0.908293 (RBR)(IN)(VP)|PP
0.908293 (RBR)(VBN)|ADJP
0.908293 (RB)(SBAR)|ADJP
0.908293 (RB)(VBN)(NN)|NP
0.908293 (RB)(VBN)(S)|ADJP
0.908293 (RB)(VP)(.)|FRAG
0.908293 (RP)(CC)(RP)|PRT
0.908293 (S)(,)(ADVP)(,)(NP)(VP)(.)|S
0.908293 (SBAR)(ADVP)(NP)(VP)|S
0.908293 (S)(CC)(ADVP)(S)(.)|S
0.908293 (S)(,)(CC)(SQ)|S
0.908293 (S)(,)(CC)(S)|SBAR
0.908293 (S)(PRN)(IN)(S)(.)|S
0.908293 (S)(,)(RB)(S)(.)|S
0.908293 (S)(,)(S)(CC)(S)|S
0.908293 (TO)(ADVP)(VP)|VP
0.908293 (VB)(ADJP)(NP)|VP
0.908293 (VB)(ADJP)(PP)(,)(PP)|VP
0.908293 (VB)(ADVP)(PP)(S)|VP
0.908293 (VBD)(ADVP)(ADJP)|VP
0.908293 (VBD)(ADVP)(,)(ADVP)|VP
0.908293 (VBD)(NP)(NP-TMP)(PP)|VP
0.908293 (VBD)(,)(S)|VP
0.908293 (VBG)(ADJP)(PP)|VP
0.908293 (VBG)(NP-TMP)|VP
0.908293 (VBG)(PP)(,)(PP)|VP
0.908293 (VBG)(PRN)(S)|VP
0.908293 (VBN)(CC)(VBN)(PP)|VP
0.908293 (VBN)(NN)(NNS)|NP
0.908293 (VB)(NN)|NP
0.908293 (VB)|NP
0.908293 (VBN)(PP)(,)(ADVP)|VP
0.908293 (VB)(NP)(PP)(NP-TMP)|VP
0.908293 (VBN)(PRT)(SBAR)|VP
0.908293 (VBN)(UCP)|VP
0.908293 (VBP)(ADJP)(,)(PP)|VP
0.908293 (VBP)(ADVP)(NP)(SBAR)|VP
0.908293 (VBP)(,)(ADVP)(PP)|VP
0.908293 (VBP)(ADVP)(,)(S)|VP
0.908293 (VBP)(NP)(PP)(,)(VP)|VP
0.908293 (VBP)(NP)(SBAR)(,)(S)|VP
0.908293 (VB)(PP)(PP)(,)(SBAR)|VP
0.908293 (VBP)(PRT)(NP)(PP)|VP
0.908293 (VB)(,)(PP)|VP
0.908293 (VBP)(RB)(ADVP)(S)|VP
0.908293 (VBP)(RB)(PP)|VP
0.908293 (VB)(PRN)|VP
0.908293 (VB)(PRT)(NP)(ADVP)(PP)|VP
0.908293 (VBP)(S)(S)(PRN)(SBAR)|VP
0.908293 (VB)(SBARQ)|VP
0.908293 (VB)(S)(PP)|VP
0.908293 (VB)(,)(VB)(CC)(VB)(NP)|VP
0.908293 (VBZ)(ADVP)(PP)(S)|VP
0.908293 (VBZ)(NP)(PP)(S)|VP
0.908293 (VBZ)(PP)(,)(SBAR)|VP
0.908293 (VBZ)(PP)(,)(S)|VP
0.908293 (VBZ)(RB)(ADJP)(,)(SBAR)(SBAR)|VP
0.908293 (VBZ)(RB)(ADVP)(ADJP)(PP)|VP
0.908293 (VBZ)(RB)(ADVP)(ADJP)|VP
0.908293 (VP)(CC)(VP)(ADJP)|VP
0.908293 (VP)(CC)(VP)(VP)|VP
0.908293 (VP)(NP)|S
0.908293 (VP)(,)(VP)(,)(VP)(NP)|VP
0.908293 (WHADVP)|FRAG
0.908293 (WHADVP)|SBARQ
0.908293 (WHNP)|SBAR
0.908293 (WP)|X
0.908293 (WRB)|ADVP
0.908779 (CD)(JJ)(NNS)|NP
0.909066 (PRP$)(JJ)|NP
0.912057 (S)(CC)(S)|S
0.912999 (RB)|ADVP
0.913189 |CD
0.913414 (VB)(CC)(VB)(NP)|VP
0.914128 (VB)(ADVP)(SBAR)|VP
0.915244 (ADVP)(VBZ)(NP)|VP
0.915244 (DT)(CD)(NN)|NP
0.915244 (NP)(PP)(,)(PP)|NP
0.915244 (VBP)(S)(,)(SBAR)|VP
0.918106 (IN)|ADVP
0.92118 (VB)(NP)(PP)(PP)|VP
0.923054 (ADJP)(PP)|VP
0.923054 (JJ)(NNS)(NN)(NN)|NP
0.923054 (JJR)(NN)(S)|NP
0.923054 (JJ)(TO)(NP)|PP
0.923054 (NN)(RB)|NP
0.923054 (NP-TMP)(NP)(VP)|S
0.923054 (PP)(,)(ADVP)(,)(NP)(VP)(.)|S
0.923054 (PP)(NP)(ADVP)(VP)(.)|S
0.923054 (,)(PP)(,)|PRN
0.923054 (PP)(VP)|S
0.923054 (PRP$)(NNS)(S)|NP
0.923054 (UCP)(NNS)|NP
0.923054 (VBD)(ADJP)(PP)|VP
0.923054 (VBN)(PRT)|VP
0.923054 (VB)(PP)(,)(SBAR)|VP
0.923077 |RB
0.923439 (NP)(,)(PP)|NP
0.92374 (JJR)(NN)|NP
0.925858 (VBN)(NP)|VP
0.926865 (RB)(JJ)(SBAR)|ADJP
0.927308 (DT)(NN)|NP
0.928112 (DT)(VBG)(NN)|NP
0.932676 (ADJP)(PP)(S)|ADJP
0.932676 (ADJP)(.)|S
0.932676 (ADVP)(ADVP)(,)(NP)(VP)(.)|S
0.932676 (ADVP)(,)(NP)(ADVP)(VP)|S
0.932676 (ADVP)(PP)|VP
0.932676 (ADVP)(VP)(.)|S
0.932676 (CC)(RB)|ADVP
0.932676 (CC)(SBAR)(,)(NP)(ADVP)(VP)(.)|S
0.932676 (CD)(CC)(CD)(NNS)|NP
0.932676 (DT)(NP)|NP
0.932676 (DT)(RB)|ADVP
0.932676 (DT)(RBS)(JJ)(NN)|NP
0.932676 (JJ)(ADJP)(NNS)|NP
0.932676 (JJ)(NN)(NN)(S)|NP
0.932676 (JJ)(NNS)(CC)(NN)|NP
0.932676 (JJ)(PP)|VP
0.932676 (MD)(NP)(VP)|SINV
0.932676 (NN)(NNS)|NX
0.932676 (NN)(VBG)(NN)|NP
0.932676 (NP)(ADVP)|S
0.932676 (NP)(CC)(ADVP)|UCP
0.932676 (NP)(,)(NP)(,)(NP)(,)(NP)(,)(NP)|NP
0.932676 (NP)(PP)(UCP)|NP
0.932676 (NP)(SBAR)(.)|NP
0.932676 (NP)(``)(S)('')|NP
0.932676 (NP)(VP)(.)|NP
0.932676 (PP)(,)(CC)(ADVP)|UCP
0.932676 (PP)(,)(CONJP)(PP)|PP
0.932676 (PRP$)(JJ)(CC)(JJ)(NNS)|NP
0.932676 (PRP$)(JJ)(NNS)(NN)|NP
0.932676 (PRP)(POS)|NP
0.932676 (RB)(CC)(RB)|NP
0.932676 (RB)(JJ)|QP
0.932676 (RB)(JJS)|ADJP
0.932676 (RB)(NP)(PP)|ADVP
0.932676 (RB)(PP)(,)(CC)(PP)|PP
0.932676 (S)(ADJP)|S
0.932676 (SBAR)(CC)(NP)|NP
0.932676 (SBAR)(,)(NP)(VP)(.)(-RRB-)|S
0.932676 (SBAR)(,)(S)(VP)(.)|S
0.932676 (S)(CC)(S)(CC)(S)(.)|S
0.932676 (S)(IN)(S)|S
0.932676 (TO)|NP
0.932676 (VB)(ADVP)(PP)(PP)|VP
0.932676 (VB)(ADVP)(VP)|VP
0.932676 (VB)(CC)(VB)(NP)(SBAR)|VP
0.932676 (VBD)(PRT)(SBAR)|VP
0.932676 (VBD)(S)(S)|VP
0.932676 (VBD)(UCP)|VP
0.932676 (VBG)(ADVP)(S)|VP
0.932676 (VBG)(NP)(NP-TMP)|VP
0.932676 (VBG)(PRT)(NP)(PP)|VP
0.932676 (VBN)(ADVP)(,)(PP)|VP
0.932676 (VBN)(NP)(NP)|VP
0.932676 (VB)(NP)(PP)(,)(S)|VP
0.932676 (VB)(NP)(PP)(S)|VP
0.932676 (VB)(NP)(PRT)|VP
0.932676 (VB)(NP-TMP)|VP
0.932676 (VBN)(S)(,)(SBAR)|VP
0.932676 (VBP)(,)(ADVP)(,)(SBAR)|VP
0.932676 (VBP)(ADVP)(,)(SBAR)|VP
0.932676 (VBP)(NP)(PP)(S)|VP
0.932676 (VBP)(S)(NP-TMP)|VP
0.932676 (VBP)(S)(,)(PP)|VP
0.932676 (VB)(RB)(VP)|VP
0.932676 (VB)(S)(ADVP)|VP
0.932676 (VBZ)(ADJP)(ADVP)(SBAR)|VP
0.932676 (VBZ)(NP)(ADJP)|VP
0.932676 (VBZ)(NP)(PP)(PP)|VP
0.932676 (VBZ)(PP)(ADVP)|VP
0.932676 (VBZ)(RB)(S)|VP
0.932676 (VP)(CC)(VP)(,)(CC)(VP)|VP
0.932676 (VP)(VP)(NP)(.)|SINV
0.935033 (CC)(S)(VP)(.)|S
0.935033 (LST)(PP)(,)(NP)(VP)(.)|S
0.935033 (NP)(ADJP)(SBAR)|S
0.935033 (PRP$)|NP
0.935033 (VBD)(ADJP)(SBAR)|VP
0.93621 (IN)(NP)|PP
0.936643 (VBP)(PP)(S)|VP
0.938699 (VBP)(ADJP)(PP)|VP
0.940807 (CD)(NN)|NP
0.941419 (NP)(NP)|NP
0.944901 (JJ)(JJ)(JJ)(NNS)|NP
0.944901 (NP)(NP)(VP)(.)|S
0.944901 (NX)(CC)(NX)|NX
0.944901 (RBS)|ADVP
0.944901 (RB)(VBN)(PP)|ADJP
0.944901 (VBP)(S)(SBAR)|VP
0.944901 (VBZ)(RB)(NP)(SBAR)|VP
0.94495 (VBN)(PRT)(PP)|VP
0.94501 (VBD)(ADVP)(VP)|VP
0.954363 |NNP
0.954823 (DT)(NN)(NN)(NN)(NN)|NP
0.954823 (VBN)(PP)(S)|VP
0.954823 (WHNP)(SQ)(.)|SBARQ
0.955357 (JJ)(S)|ADJP
0.95706 (ADJP)(,)(ADJP)(CC)(ADJP)|ADJP
0.95706 (ADVP)(VBG)|VP
0.95706 (ADVP)(,)(X)(NP)(VP)(.)|S
0.95706 (CC)(NP)|FRAG
0.95706 (CC)(,)(PP)(NP)(VP)(.)|S
0.95706 (CC)(VP)(.)|S
0.95706 (DT)(ADJP)(NN)(S)|NP
0.95706 (DT)(NN)(,)(NN)(CC)(NN)|NP
0.95706 (DT)(NNS)(CC)(NN)(NNS)|NP
0.95706 (DT)(RB)(JJ)(NN)|NP
0.95706 (DT)(RBR)|ADVP
0.95706 (IN)(NP)(,)(ADVP)|PP
0.95706 (IN)(PRN)(S)|SBAR
0.95706 (INTJ)(VP)(.)|S
0.95706 (JJ)(CC)(JJ)(S)|ADJP
0.95706 (JJ)(NN)|ADVP
0.95706 (JJ)(NNS)(NN)(NNS)|NP
0.95706 (JJ)(NNS)(NNS)|NP
0.95706 (MD)(VP)(,)(VP)|VP
0.95706 (NN)(CC)(JJ)(NN)|NP
0.95706 (NN)(VBG)|NP
0.95706 (NP)(,)(ADVP)(,)(VP)(.)|S
0.95706 (NP)(,)(PP)(,)(NP)(VP)(.)|S
0.95706 (NP)(SBAR)(,)(PP)|NP
0.95706 (,)(PP)(,)(NP)(VP)|S
0.95706 (PP)(,)(S)(.)|S
0.95706 (RB)(WHADVP)(S)|SBAR
0.95706 (S)(,)(VP)(NP)(.)|SINV
0.95706 (VBD)(NP)(VP)|SQ
0.95706 (VBD)(PP)(S)|VP
0.95706 (VBG)|ADJP
0.95706 (VBG)(ADVP)(SBAR)|VP
0.95706 (VBG)(CC)(VBG)(NP)(PP)|VP
0.95706 (VBG)(NN)(NN)|NP
0.95706 (VBN)(ADVP)(SBAR)|VP
0.95706 (VBN)(PP)(,)(SBAR)|VP
0.95706 (VBN)(S)(PP)|VP
0.95706 (VBP)(ADVP)(ADVP)|VP
0.95706 (VBP)(S)(S)|VP
0.95706 (VBZ)(ADJP)(,)(ADVP)|VP
0.95706 (VBZ)(ADVP)(NP)(S)|VP
0.95706 (VBZ)(PRT)(PP)|VP
0.95706 (VBZ)(,)(SBAR)|VP
0.95706 (VP)(,)(VP)(,)(VP)(,)(VP)|VP
0.95706 (WP)|NP
0.95706 (WP$)(S)|SBAR
0.965466 (WHNP)(S)|SBAR
0.966749 (DT)(ADJP)|NP
0.966749 (DT)(NNS)(NN)|NP
0.966749 (JJ)(NNS)(NN)|NP
0.966749 (JJS)|ADJP
0.966749 (VB)(CC)(VB)(PP)|VP
0.966749 (WRB)(RB)|WHADVP
0.969946 (ADJP)(SBAR)|ADJP
0.969946 (CC)(NP)|PP
0.971674 (VBD)(VP)|VP
0.974612 (VBG)(CC)(VBG)(PP)|VP
0.974612 (VBP)(ADJP)(,)(SBAR)|VP
0.974612 (VBZ)(RB)(ADJP)(S)|VP
0.976475 (VBZ)(PP)|VP
0.977172 (JJ)(JJ)(NN)|NP
0.980471 (RB)(IN)(S)|SBAR
0.981121 (NP)(RB)(VP)|S
0.981121 (RB)(RB)(JJ)|ADJP
0.981121 (VP)(,)(VP)(,)(CC)(VP)|VP
0.981444 (ADJP)(SBAR)|S
0.981444 (ADVP)(,)(ADVP)(,)(NP)(VP)(.)|S
0.981444 (ADVP)(CC)(PP)|UCP
0.981444 (ADVP)(SBAR)(.)|FRAG
0.981444 (CC)(NP)(ADVP)(VP)|S
0.981444 (CD)(NNS)|NP-TMP
0.981444 (CONJP)(PP)(CC)(ADVP)|UCP
0.981444 (CONJP)(PP)(,)(CONJP)(PP)|PP
0.981444 (CONJP)(VP)(,)(CC)(VP)|VP
0.981444 (CONJP)(VP)(CONJP)(VP)|VP
0.981444 (IN)(RB)(S)|SBAR
0.981444 (JJ)(NN)(NNS)(CC)(NNS)|NP
0.981444 (JJR)(NN)(NN)|NP
0.981444 (NN)(CD)|NP
0.981444 (NP)(CC)(S)|UCP
0.981444 (NP)(FRAG)|NP
0.981444 (NP)(,)(NP)(,)(NP)(,)(NP)(,)(CC)(NP)|NP
0.981444 (PDT)(PRP$)(NN)|NP
0.981444 (RB)(JJ)|ADVP
0.981444 (RB)(PRP)|NP
0.981444 (S)(,)(NP)(ADVP)(VP)(.)|S
0.981444 (S)(,)|PRN
0.981444 (TO)(ADJP)|PP
0.981444 (VB)(ADJP)(,)(SBAR)|VP
0.981444 (VBD)(NP)(PP)(S)|VP
0.981444 (VBD)(NP)(,)(S)|VP
0.981444 (VBN)(ADVP)(S)|VP
0.981444 (VB)(NP)(ADVP)(,)(PP)|VP
0.981444 (VB)(NP)(PP)(,)(ADVP)|VP
0.981444 (VBP)(CC)(VBP)(NP)|VP
0.981444 (VB)(PP)(,)(PP)|VP
0.981444 (VB)(PRT)(NP)(SBAR)|VP
0.981444 (VB)(,)(S)|VP
0.981444 (VBZ)(ADVP)(NP)(SBAR)|VP
0.981444 (VBZ)(NP)(ADJP)(S)(.)|SQ
0.981444 (WHADVP)(,)(SQ)(.)|SBARQ
0.981444 (WRB)(ADJP)|WHADVP
0.982831 (DT)(JJ)|NP
0.986597 (VB)(NP)(ADVP)(PP)|VP
0.986861 (VBD)(ADJP)|VP
0.988321 |IN
0.988597 (CC)(PP)(NP)(VP)(.)|S
0.988597 (``)(NP)(VP)|S
0.988597 (QP)(NN)|NP
0.988597 (VB)(ADVP)(S)|VP
0.988597 (VBZ)(ADVP)(ADJP)(SBAR)|VP
0.988597 (WDT)(NN)(NNS)|WHNP
0.992278 |VB
0.9973 (VB)(PP)|VP
1.00254 |NN
1.00465 (DT)(JJS)(NN)|NP
1.00583 (ADJP)(JJ)(NNS)|NP
1.00583 (CC)(ADVP)(NP)(VP)|S
1.00583 (CD)|NP-TMP
1.00583 (DT)(NN)(CC)(NNS)|NP
1.00583 (DT)(NN)(NNS)(NN)|NP
1.00583 (DT)(RB)(NN)(NN)|NP
1.00583 (LS)|LST
1.00583 (NN)(CC)(JJ)(NNS)|NP
1.00583 (NN)(NN)(NN)(NNS)|NP
1.00583 (NNS)|NX
1.00583 (PRP)(JJ)(NN)|NP
1.00583 (RB)(PP)(CC)(PP)|PP
1.00583 (RB)(S)|PP
1.00583 (RB)(VBG)(NP)|VP
1.00583 (SBAR)(,)(WHADVP)(SQ)(.)|SBARQ
1.00583 (S)(,)(S)|S
1.00583 (VBD)(NP)(VP)|VP
1.00583 (VBN)(NP-TMP)|VP
1.00583 (VBP)(PRT)(NP)|VP
1.00583 (VBP)(UCP)|VP
1.00583 (VBZ)(ADJP)(ADVP)(PP)|VP
1.00583 (VP)(,)(RB)(VP)|VP
1.00759 (NP)(SBAR)|NP
1.01044 (VB)(ADJP)(ADVP)|VP
1.01044 (VBD)(NP)(PP)(PP)|VP
1.01044 (VBG)(CC)(VBG)|VP
1.01044 (VBN)(NP)(ADVP)|VP
1.01044 (VB)(NP)(,)(ADVP)|VP
1.01227 (NP)(PP)(S)|NP
1.01419 (VBP)(NP)(VP)|SQ
1.01729 (NP)(,)(NP)(,)(NP)(CC)(NP)|NP
1.01729 (NP)(PP)(PP)|NP
1.0181 (VBZ)|VP
1.0199 |FW
1.0199 (SBAR)(,)(NP)(ADVP)(VP)(.)|S
1.0199 (VBG)(ADVP)(PP)|VP
1.0199 (VBP)(RB)(NP)|VP
1.02084 (RB)(JJ)|ADJP
1.02386 (VBZ)(NP)|VP
1.02614 (ADJP)(PP)|ADJP
1.02759 (ADJP)(,)(ADJP)(,)(CC)(NP)|UCP
1.02759 (ADJP)(ADJP)|FRAG
1.02759 (ADJP)(ADVP)|ADJP
1.02759 (ADJP)(CC)(ADJP)(CC)(ADJP)|ADJP
1.02759 (ADJP)(CC)(ADJP)(NP)|ADJP
1.02759 (ADJP)(,)(CC)(ADVP)|ADJP
1.02759 (ADJP)(CC)(NP)(CC)(ADVP)(PP)|UCP
1.02759 (ADJP)(,)(CC)(NP)|UCP
1.02759 (ADJP)(CC)(NP)|UCP
1.02759 (ADJP)(,)(CC)(PP)|UCP
1.02759 (ADJP)(CC)(RB)(ADJP)|UCP
1.02759 (ADJP)(,)(CONJP)(ADJP)(PP)|ADJP
1.02759 (ADJP)(,)(CONJP)(ADJP)(PRN)|ADJP
1.02759 (ADJP)(NN)(CC)(JJ)(NNS)|NP
1.02759 (ADJP)(NN)(CC)(NNS)|NP
1.02759 (ADJP)(,)(NN)(NN)|NP
1.02759 (ADJP)(NN)(NNS)(NN)|NP
1.02759 (ADJP)(NNS)(NN)|NP
1.02759 (ADJP)|NP
1.02759 (ADJP)(NP-TMP)(SBAR)|ADJP
1.02759 (ADJP)(:)(NP)|UCP
1.02759 (ADJP)(,)(PP)(CC)(NP)|UCP
1.02759 (ADJP)(PP)|S
1.02759 (ADJP)(,)(SBAR)(.)|FRAG
1.02759 (ADJP)(SBAR)|VP
1.02759 (ADJP)(VBG)(NNS)|NP
1.02759 (ADJP)(,)(VP)(.)|FRAG
1.02759 (ADVP)(ADVP)|ADVP
1.02759 (ADVP)(,)(ADVP)(,)(ADVP)(,)(NP)(VP)(.)|S
1.02759 (ADVP)(ADVP)(IN)(NP)|PP
1.02759 (ADVP)(ADVP)(NP)(VP)|S
1.02759 (ADVP)(ADVP)(NP)(VP)(.)|S
1.02759 (,)(ADVP)(ADVP)(,)|PRN
1.02759 (ADVP)(CC)(NP)|ADVP
1.02759 (ADVP)(,)(CC)(SBAR)(.)|FRAG
1.02759 (ADVP)(DT)(UCP)(NNS)|NP
1.02759 (ADVP)(IN)|PP
1.02759 (ADVP)(IN)(S)|PP
1.02759 (ADVP)(JJ)(NN)|NP
1.02759 (ADVP)(JJ)(PP)|PP
1.02759 (ADVP)(JJ)|VP
1.02759 (ADVP)(NN)(NP)|VP
1.02759 (ADVP)(,)(NP)(,)(CC)(ADVP)(PP)|UCP
1.02759 (ADVP)(,)(NP)(CC)(ADVP)|UCP
1.02759 (ADVP)(NP)(JJ)|ADJP
1.02759 (ADVP)(,)(NP)(,)(NP)(VP)(.)|S
1.02759 (ADVP)(NP)(PP)|S
1.02759 (ADVP)(NP)|S
1.02759 (ADVP)(,)(NP-TMP)(,)(NP)(VP)(.)|S
1.02759 (ADVP)(NP)|X
1.02759 (ADVP)(NP)(.)|X
1.02759 (ADVP)(PP)(CC)(PP)|PP
1.02759 (ADVP)(,)(PP)(,)(NP)(VP)(.)('')|S
1.02759 (ADVP)(PP)(,)(NP)(VP)|S
1.02759 (,)(ADVP)(PP)|PRN
1.02759 (,)(ADVP)(PP)(,)|PRN
1.02759 (ADVP)(PP)|PRN
1.02759 (ADVP)(PP)|UCP
1.02759 (ADVP)(PRN)(PP)|ADVP
1.02759 (ADVP)(RB)(NP)|PP
1.02759 (ADVP)(RB)(NP)|VP
1.02759 (ADVP)|S
1.02759 (ADVP)(,)(S)(,)(ADVP)(S)(.)|S
1.02759 (ADVP)(SBAR)(.)|ADVP
1.02759 (ADVP)(,)(SBAR)(NP)(ADVP)(VP)(.)|S
1.02759 (ADVP)(,)(SBAR)(,)(VP)(.)|S
1.02759 (ADVP)(,)(S)(,)(IN)(S)(CC)(S)(.)|S
1.02759 (ADVP)(,)(S)(,)(NP)(VP)|S
1.02759 (ADVP)(,)(S)(,)(S)(CC)(S)(.)|S
1.02759 (ADVP)(,)(S)(,)(VP)|S
1.02759 (ADVP)(VBD)(NP)(NP)|VP
1.02759 (ADVP)(VBD)(NP)(PP)|VP
1.02759 (ADVP)(,)(VBD)(S)|VP
1.02759 (ADVP)(VBG)(ADJP)(PP)(PP)|VP
1.02759 (ADVP)(VBG)(S)(PP)|VP
1.02759 (ADVP)(VBN)(PP)(,)(PP)|VP
1.02759 (ADVP)(VBN)(,)(PP)|VP
1.02759 (ADVP)(VBN)(PRT)(PP)|VP
1.02759 (ADVP)(VBN)(UCP)|VP
1.02759 (ADVP)(VBP)(NP)(ADVP)|VP
1.02759 (ADVP)(VB)(PRT)(PP)(SBAR)|VP
1.02759 (ADVP)(VBZ)(NP)(NP)|VP
1.02759 (ADVP)(VBZ)(NP)(PP)|VP
1.02759 (ADVP)(VBZ)(NP)(S)|VP
1.02759 (ADVP)(VBZ)(PP)(PP)|VP
1.02759 (ADVP)(VP)(CC)(RB)(VP)|VP
1.02759 (ADVP)(VP)(CONJP)(VP)|VP
1.02759 (ADVP)(VP)(VP)(NP)(.)|SINV
1.02759 (ADVP)(WHNP)(S)|SBAR
1.02759 (CC)(ADVP)(,)(ADVP)(,)(NP)(VP)(.)|S
1.02759 (CC)(ADVP)(ADVP)(NP)(VP)(.)|S
1.02759 (CC)(ADVP)|FRAG
1.02759 (CC)(ADVP)(,)(NP)(ADVP)(NP)(VP)(.)|S
1.02759 (CC)(,)(ADVP)(,)(NP)(VP)|S
1.02759 (CC)(,)(ADVP)(,)(NP)(VP)(.)|S
1.02759 (CC)(,)(ADVP)(NP)(VP)(.)|S
1.02759 (CC)(ADVP)(,)(NP)(VP)|S
1.02759 (CC)(ADVP)(,)(NP)(VP)(.)('')|S
1.02759 (CC)(,)(ADVP)(,)(PP)(,)(NP)(VP)(.)|S
1.02759 (CC)(ADVP)(,)(PP)(,)(NP)(VP)(.)|S
1.02759 (CC)(ADVP)(,)(PP)(NP)(VP)(.)|S
1.02759 (CC)(,)(ADVP)(S)(.)|S
1.02759 (CC)(IN)(NP)|PP
1.02759 (CC)(JJR)|QP
1.02759 (CC)(,)(NP)(ADVP)(NP)(VP)(.)|S
1.02759 (CC)(NP)(,)(ADVP)(NP)(VP)(.)|S
1.02759 (CC)(NP)(.)|FRAG
1.02759 (CC)(NP)|NP
1.02759 (CC)(,)(NP)(,)(NP)(VP)(.)|S
1.02759 (CC)(NP)(,)(NP)(VP)(.)|S
1.02759 (CC)(NP)(,)(PP)(,)(VP)(.)|S
1.02759 (CC)(NP)(PP)(VP)(.)|S
1.02759 (CC)(NP)(PRN)(VP)(.)|S
1.02759 (CC)(NP)(,)(S)(,)(VP)(.)|S
1.02759 (CC)(,)(NP-TMP)(,)(NP)(VP)(.)|S
1.02759 (CC)(NP-TMP)(NP)(VP)(.)|S
1.02759 (CC)(,)(NP-TMP)(PRN)(VP)(.)|S
1.02759 (CC)(NP-TMP)(,)(SBAR)(,)(NP)(VP)(.)|S
1.02759 (CC)(,)(NP-TMP)(VP)(.)|S
1.02759 (CC)(PP)(ADVP)(VP)(.)|S
1.02759 (CC)(PP)(,)(NP)(ADVP)(VP)|S
1.02759 (CC)(PP)(,)(NP)(ADVP)(VP)(.)|S
1.02759 (CC)(,)(PP)(NP)(VP)(.)('')|S
1.02759 (CC)(PP)(,)(NP)(VP)(:)|S
1.02759 (CC)(PP)|PP
1.02759 (CC)(,)(PP)(,)(PP)(,)(NP)(VP)(.)|S
1.02759 (CC)(,)(PP)(,)(SBAR)(,)(NP)(VP)(.)|S
1.02759 (CC)(PP)(,)(SBAR)(,)(NP)(VP)(.)|S
1.02759 (CC)(,)(PP)(,)(S)(,)(CC)(S)(.)|S
1.02759 (CC)(PP)(,)(S)(,)(CC)(S)(.)|S
1.02759 (CC)(PP)(,)(S)(CC)(S)(.)|S
1.02759 (CC)(PP)(S)(,)(IN)(S)(.)|S
1.02759 (CC)(PP)(S)(VP)(.)|S
1.02759 (CC)(,)(PP)(,)(VP)(.)|S
1.02759 (CC)(PRN)(NP)(NP)(VP)(.)|S
1.02759 (CC)(RB)(JJ)(PP)|ADJP
1.02759 (CC)(RB)(NP)|FRAG
1.02759 (CC)(RB)(NP)(.)|FRAG
1.02759 (CC)(RB)(NP)(VP)(.)|S
1.02759 (CC)(S)(,)(ADVP)(S)(.)|S
1.02759 (CC)(,)(SBAR)(,)(ADVP)(,)(NP)(VP)(.)|S
1.02759 (CC)(SBAR)(,)(NP)(VP)(.)('')|S
1.02759 (CC)(SBAR)|PRN
1.02759 (CC)(SBAR)(,)(S)(VP)(.)|S
1.02759 (CC)(S)(CC)(S)|S
1.02759 (CC)(S)(,)(IN)(S)(CC)(S)(.)|S
1.02759 (CC)(,)(S)(,)(NP)(VP)(.)|S
1.02759 (CC)(S)|X
1.02759 (CC)(VP)(CC)(VP)|VP
1.02759 (CD)(CC)(CD)(JJR)|QP
1.02759 (CD)(CD)(NNS)|NP
1.02759 (CD)(JJ)(CD)(NNS)|NP
1.02759 (CD)(JJ)|QP
1.02759 (CD)(JJR)(NNS)|NP
1.02759 (CD)(JJR)|QP
1.02759 (CD)(NN)(JJ)(NN)|NP
1.02759 (CD)(NNP)(CD)(NNS)|NP
1.02759 (CD)(NNP)(NNP)(NN)|NP
1.02759 (CD)(NN)(POS)|NP
1.02759 (CD)(NNS)(JJ)|NP
1.02759 (CD)(NNS)(QP)|NP
1.02759 (CD)(NNS)(RB)|NP-TMP
1.02759 (CONJP)(NP)(CONJP)(NP)(:)(NP)|NP
1.02759 (CONJP)(NP)|FRAG
1.02759 (CONJP)(PP)(CC)(SBAR)|UCP
1.02759 (DT)(ADJP)(NN)(NNS)|NP
1.02759 (DT)(ADJP)(NNS)(CC)(JJ)(NNS)|NP
1.02759 (DT)(ADJP)(,)(NNS)|NP
1.02759 (DT)(ADJP)|X
1.02759 (DT)(CC)|ADVP
1.02759 (DT)(CD)(CC)(CD)(NNS)|NP
1.02759 (DT)(CD)(NN)(NN)(NNS)|NP
1.02759 (DT)(CD)(NN)(NN)|NP
1.02759 (DT)(DT)|ADVP
1.02759 (DT)(DT)(JJ)(NNS)|NP
1.02759 (DT)(DT)|NP
1.02759 (DT)(IN)(NP)(CC)(NP)|PP
1.02759 (DT)(JJ)(ADJP)(NNP)(NN)|NP
1.02759 (DT)(JJ)(CC)(NN)(NNS)|NP
1.02759 (DT)(JJ)(DT)(NN)|NP
1.02759 (DT)(JJ)(JJ)(NN)(NN)(NN)|NP
1.02759 (DT)(JJ)(NN)(ADVP)(S)|NP
1.02759 (DT)(JJ)(NN)(NNP)(NN)|NP
1.02759 (DT)(JJ)(NN)(NNS)(JJ)(NN)|NP
1.02759 (DT)(JJ)(NN)(NNS)(,)(NN)(NNS)(CC)(NN)(NN)(NNS)|NP
1.02759 (DT)(JJ)(NNP)|NP
1.02759 (DT)(JJ)(NN)(PRP)|NP
1.02759 (DT)(JJ)(NN)(RB)|NP
1.02759 (DT)(JJ)(,)(NNS)(CC)(NNS)|NP
1.02759 (DT)(JJ)(NNS)(JJ)(NN)|NP
1.02759 (DT)(JJ)(NNS)(NNS)|NP
1.02759 (DT)(JJ)(NN)(VBG)(NNS)|NP
1.02759 (DT)(JJ)(NP)|NP
1.02759 (DT)(JJ)(POS)|NP
1.02759 (DT)(JJ)(PP)|ADJP
1.02759 (DT)(JJR)|ADJP
1.02759 (DT)(JJR)(IN)(CD)|QP
1.02759 (DT)(JJR)(JJ)(NN)(NN)|NP
1.02759 (DT)(JJR)(NN)(NNS)|NP
1.02759 (DT)(JJS)|ADJP
1.02759 (DT)(JJS)(NNS)(NN)|NP
1.02759 (DT)(JJ)(UCP)(NN)|NP
1.02759 (DT)(JJ)(VBG)(NNS)|NP
1.02759 (DT)(NAC)(NN)(CC)(NN)(NN)|NP
1.02759 (DT)(NAC)(NN)(NN)|NP
1.02759 (DT)(NN)|ADVP
1.02759 (DT)(NN)(CC)(NN)(NNS)(NN)|NP
1.02759 (DT)(NN)(CC)(NN)|NP-TMP
1.02759 (DT)(NN)(CC)(NNS)(NN)|NP
1.02759 (DT)(NN)(CC)(NNS)(NNS)|NP
1.02759 (DT)(NN)(CC)(NN)(S)|NP
1.02759 (DT)(NN)(CD)(NN)(NN)|NP
1.02759 (DT)(NN)(NN)(JJ)(NNS)|NP
1.02759 (DT)(NN)(,)(NN)(,)(NN)(CC)(NN)|NP
1.02759 (DT)(NN)(NN)(NN)(NN)(NN)|NP
1.02759 (DT)(NN)(,)(NN)(,)(NN)(,)|NP
1.02759 (DT)(NN)(,)(NN)(NN)|NP
1.02759 (DT)(NN)(NN)(RB)|NP
1.02759 (DT)(NN)(NNS)(JJ)(NN)|NP
1.02759 (DT)(NN)(NNS)(NNS)|NP
1.02759 (DT)(NN)(NN)(S)|NP
1.02759 (DT)(NNP)(NN)(NN)|NP
1.02759 (DT)(NNP)(,)(NNP)(,)(NNP)(,)(NNP)|NP
1.02759 (DT)(NNP)(-RRB-)(NN)|NP
1.02759 (DT)(NNPS)|NP
1.02759 (DT)(NN)(SBAR)|NP
1.02759 (DT)(NNS)(CC)(JJ)(NN)|NP
1.02759 (DT)(NNS)(POS)|NP
1.02759 (DT)(PRP$)(NN)|NP
1.02759 (DT)(PRP)|NP
1.02759 (DT)(RB)(NN)|NP
1.02759 (DT)(RB)(RB)|ADVP
1.02759 (DT)(RBR)(IN)(CD)(CD)|QP
1.02759 (DT)(RBR)(JJ)|ADJP
1.02759 (DT)(RBR)(JJ)|X
1.02759 (DT)(RBS)(JJ)(NNS)|NP
1.02759 (DT)(RP)|ADVP
1.02759 (DT)(S)|NP
1.02759 (DT)(VBZ)|INTJ
1.02759 (FRAG)(CC)(FRAG)|FRAG
1.02759 (FRAG)(:)(FRAG)|FRAG
1.02759 (FRAG)(,)(VP)(NP)(.)|SINV
1.02759 (FW)(NP)|PP
1.02759 (FW)|NX
1.02759 (FW)(,)(S)|NP
1.02759 (IN)(CC)(IN)|ADVP
1.02759 (IN)(CC)(IN)(PP)|PP
1.02759 (IN)(CD)|QP
1.02759 (IN)(DT)(NN)(CC)(NN)|NP
1.02759 (IN)(DT)|QP
1.02759 (IN)(FRAG)|PP
1.02759 (IN)(JJ)|ADJP
1.02759 (IN)(JJ)(NNS)|NP
1.02759 (IN)(NP)(,)(ADVP)(,)(NP)(VP)(.)|S
1.02759 (IN)(NP)(ADVP)(VP)|S
1.02759 (IN)(NP)(NP-TMP)|PP
1.02759 (IN)(NP)(,)(NP)(VP)(.)|S
1.02759 (IN)(NP)(NP)(VP)(.)|S
1.02759 (IN)(NP)(PP)|ADVP
1.02759 (IN)(NP)(RB)(VP)(.)|S
1.02759 (IN)(NP)(SBAR)|PP
1.02759 (IN)(NP)(VP)('')|S
1.02759 (IN)(PP)(ADVP)|ADVP
1.02759 (IN)(PRN)(NP)|PP
1.02759 (IN)(PRN)|PP
1.02759 (IN)(RBS)|PP
1.02759 (IN)(,)(SBAR)(,)(ADVP)(NP)(VP)(.)|S
1.02759 (IN)(,)(SBAR)(,)(ADVP)(VP)(.)|S
1.02759 (IN)(SBAR)(,)(S)(,)(CC)(S)(.)|S
1.02759 (IN)(SBAR)(,)(S)(CC)(S)(.)|S
1.02759 (IN)(SBAR)(,)(S)(VP)(.)|S
1.02759 (IN)(SBAR)(,)(X)(NP)(VP)(.)|S
1.02759 (IN)(S)(CC)(ADVP)(.)|S
1.02759 (IN)(S)(CC)(S)(PP)(.)|S
1.02759 (IN)(S)(,)|SBAR
1.02759 (IN)(S)(:)(S)(.)|S
1.02759 (INTJ)|FRAG
1.02759 (INTJ)(INTJ)(,)(NP)(VP)(.)|S
1.02759 (,)(INTJ)(,)|PRN
1.02759 (INTJ)(,)(S)(.)|S
1.02759 (INTJ)(,)(VP)(.)|S
1.02759 (JJ)(ADVP)(NP-TMP)|ADJP
1.02759 (JJ)(CC)(DT)|ADJP
1.02759 (JJ)(CC)(JJ)(JJ)|ADJP
1.02759 (JJ)(CC)(JJ)|NP
1.02759 (JJ)(CC)(NN)(NN)|NP
1.02759 (JJ)(CC)(NN)(NNS)|NP
1.02759 (JJ)(CC)(NNS)(NN)(NN)|NP
1.02759 (JJ)(CD)(CC)(CD)(NNS)|NP
1.02759 (JJ)(IN)|ADVP
1.02759 (JJ)(IN)(PP)|PP
1.02759 (JJ)(,)(JJ)(CC)(JJ)(NN)|NP
1.02759 (JJ)(JJ)(CC)(JJ)(NNS)|NP
1.02759 (JJ)(JJ)(JJ)(NN)|NP
1.02759 (JJ)(,)(JJ)(JJ)(NNS)|NP
1.02759 (JJ)(,)(JJ)(NN)(NN)(CC)(JJ)(NN)(NNS)|NP
1.02759 (JJ)(,)(JJ)(NN)(NN)|NP
1.02759 (JJ)(JJ)(NN)(NNS)(CC)(JJ)(NN)(NNS)|NP
1.02759 (JJ)(,)(JJ)(NN)|NP
1.02759 (JJ)(JJ)(NNS)(,)(NN)(CC)(NN)|NP
1.02759 (JJ)(JJR)(NNS)|NP
1.02759 (JJ)(JJS)|ADJP
1.02759 (JJ)(NN)(CC)(NN)(NN)(NN)|NP
1.02759 (JJ)(NN)(CC)(NNS)(NNS)|NP
1.02759 (JJ)(NN)(CC)(NNS)|NP
1.02759 (JJ)(NN)(JJ)|NP
1.02759 (JJ)(NN)(NN)(CC)(JJ)(NN)(NN)|NP
1.02759 (JJ)(NN)(NN)(CC)(JJ)(NN)(PRP)|NP
1.02759 (JJ)(NN)(,)(NN)(CC)(NN)(NN)|NP
1.02759 (JJ)(NN)(NN)(CC)(NN)(NN)|NP
1.02759 (JJ)(NN)(,)(NN)(,)(FW)|NP
1.02759 (``)(JJ)(NN)(NN)(NN)|NP
1.02759 (JJ)(,)(NN)(NN)(NN)|NP
1.02759 (JJ)(NN)(NNS)(CC)(NN)(NNS)|NP
1.02759 (JJ)(NN)(NNS)(CC)(NN)|NP
1.02759 (JJ)(NN)(,)(NNS)(CC)(NNS)|NP
1.02759 (JJ)(NN)(NNS)(POS)|NP
1.02759 (,)(JJ)(NN)|NP
1.02759 (JJ)(NNP)(NNP)(NNS)(NN)|NP
1.02759 (JJ)(NN)(POS)|NP
1.02759 (JJ)(``)(NNS)('')|NP
1.02759 (JJ)(NNS)|NX
1.02759 (JJ)(NN)(VBG)(NN)|NP
1.02759 (JJ)(NP-TMP)(PP)|ADJP
1.02759 (JJ)(NX)|NP
1.02759 (JJ)(PRN)(NN)|NP
1.02759 (JJ)(PRP$)(NNS)|NP
1.02759 (JJ)(PRT)|ADJP
1.02759 (JJ)(,)(RB)(JJ)(S)|ADJP
1.02759 (JJ)(RB)(PP)(PP)|ADJP
1.02759 (JJR)(IN)|ADVP
1.02759 (JJR)(IN)(DT)(NN)|QP
1.02759 (JJR)(NN)(NN)(NN)|NP
1.02759 (JJS)(NNPS)|NP
1.02759 (JJS)(NX)|NP
1.02759 (JJ)(TO)(JJR)|ADJP
1.02759 (JJ)(TO)|QP
1.02759 (JJ)(UCP)(NNS)|NP
1.02759 (-LRB-)(ADVP)(-RRB-)|PRN
1.02759 (-LRB-)(CC)(FRAG)(-RRB-)|PRN
1.02759 (-LRB-)(INTJ)(-RRB-)|PRN
1.02759 (-LRB-)(NP)(,)(NP)(-RRB-)|PRN
1.02759 (-LRB-)(NP)(VP)|S
1.02759 (-LRB-)(PP)(,)(SBAR)(,)(NP)(VP)(.)(-RRB-)|S
1.02759 (-LRB-)(S)(,)(IN)(S)(.)(-RRB-)|S
1.02759 (-LRB-)(S)(PRN)(NP)(ADVP)(VP)(.)|S
1.02759 (LST)(ADVP)(VP)(.)|S
1.02759 (LST)(NP)(PP)|NP
1.02759 (LST)(NP)(,)(S)(VP)(.)|S
1.02759 (LST)(VB)(NP)(S)|VP
1.02759 (LST)(VP)(.)|S
1.02759 (MD)(NP)(VP)|S
1.02759 (MD)(PP)|VP
1.02759 (MD)(VP)|SQ
1.02759 (NN)(,)(ADJP)(NN)(NNS)|NP
1.02759 (NN)(,)(ADVP)(,)(SBAR)|NP
1.02759 (NN)(ADVP)|VP
1.02759 (NN)(CC)(JJ)|NP
1.02759 (NN)(CC)(NN)(CC)(NN)(NNS)|NP
1.02759 (NN)(CC)(NN)(CC)(NN)|NP
1.02759 (NN)(CC)(NN)(NN)(NNS)|NP
1.02759 (NN)(CC)(NN)|NP-TMP
1.02759 (NN)(CC)(VBG)|NP
1.02759 (NN)(CD)(NN)|NP
1.02759 (NN)(CONJP)(VB)(NP)|VP
1.02759 (NN)(FW)(FW)|NP
1.02759 (NN)(JJ)(JJ)(NN)(NN)|NP
1.02759 (NN)(,)(JJ)(,)(JJ)(NN)|NP
1.02759 (NN)(,)(JJ)(NN)(NN)|NP
1.02759 (NN)(JJ)(PP)|ADJP
1.02759 (NN)(NN)(CC)(JJ)(NN)(NN)|NP
1.02759 (NN)(,)(NN)(CC)(JJ)(NNS)|NP
1.02759 (NN)(,)(NN)(CC)(NN)(NNS)|NP
1.02759 (NN)(NN)(CC)(NN)(NNS)|NP
1.02759 (NN)(,)(NN)(,)(CC)(NN)(,)|NP
1.02759 (NN)(,)(NN)(,)(FW)|NP
1.02759 (NN)(,)(NN)|INTJ
1.02759 (NN)(NN)(JJ)(NN)(NNS)|NP
1.02759 (NN)(,)(NN)(NN)(CC)(NN)|NP
1.02759 (NN)(,)(NN)(,)(NN)(,)(FW)|NP
1.02759 (NN)(,)(NN)(,)(NN)(,)(JJ)(NN)|NP
1.02759 (NN)(,)(NN)(,)(NN)(,)(NN)(CC)(NN)|NP
1.02759 (NN)(,)(NN)(,)(NN)(,)(NN)(NN)(NN)|NP
1.02759 (NN)(,)(NN)(,)(NN)(,)(NN)(NN)|NP
1.02759 (NN)(,)(NN)(,)(NN)(,)(NN)(NN)(RB)|NP
1.02759 (NN)(,)(NN)(,)(NN)(,)(NN)(NNS)(CC)(NN)|NP
1.02759 (NN)(,)(NN)(,)(NN)(,)(NN)|NP
1.02759 (NN)(,)(NN)(,)(NN)|NP
1.02759 (NN)(,)(NN)(NN)|NP
1.02759 (NN)(NN)(NNP)|NP
1.02759 (NN)(,)(NN)(,)(NNS)(,)(CC)(NN)(NNS)|NP
1.02759 (NN)(,)(NN)(,)(NNS)(NN)(CC)(JJ)(NN)|NP
1.02759 (NN)(,)(NN)(,)(NNS)(,)(NNS)(,)(FW)|NP
1.02759 (NN)(NN)|NP-TMP
1.02759 (NN)(NNP)(NNP)(,)|NP
1.02759 (NN)(NN)(POS)|NP
1.02759 (NN)(NN)(RB)|ADVP
1.02759 (NN)(,)(NNS)(,)(NN)(CC)(NN)|NP
1.02759 (NN)(,)(NNS)(NNS)(NN)|NP
1.02759 (NN)(NNS)(NNS)|NP
1.02759 (``)(NN)|NP
1.02759 (NN)('')|NP
1.02759 (NN)(NP)(PP)(PP)|VP
1.02759 (NN)(NP)|VP
1.02759 (NNP)|ADVP
1.02759 (NNP)(CC)(NN)(NNS)|NP
1.02759 (NNP)(CD)(,)(CD)|NP-TMP
1.02759 (NNP)(CD)|NP-TMP
1.02759 (NNP)(JJ)(NN)|NP
1.02759 (NNP)(JJ)(NNS)|NP
1.02759 (NNP)(NN)(JJ)(NN)|NP
1.02759 (NNP)(NNP)(CC)(NNP)|NP
1.02759 (NNP)(NNP)(NNP)(NN)|NP
1.02759 (NNP)(,)(NNP)(,)(NNP)(NNP)(CC)(NNP)|NP
1.02759 (NNP)(NNP)(NNP)(NNP)|NP
1.02759 (``)(NNP)(NNP)('')|NP
1.02759 (NNP)('')|NP
1.02759 (NNP)|NP-TMP
1.02759 (NNP)(NP)|VP
1.02759 (NNP)(NX)|NP
1.02759 (NN)(POS)|NP-TMP
1.02759 (NN)(PP)|NAC
1.02759 (NNP)(PRP)|NP
1.02759 (NN)(PRP$)(NN)|NP
1.02759 (NNP)(VBN)(NN)|NP
1.02759 (NNS)(CC)(JJ)(NN)(CC)(RB)|NP
1.02759 (NNS)(CC)(NN)(NN)|NP
1.02759 (NNS)(CC)(NNS)(NN)|NP
1.02759 (NNS)(,)(NN)(NNS)(,)(NNS)(,)(NNS)(CC)(NN)|NP
1.02759 (NNS)(,)(NNS)(,)(CC)(NN)(NNS)|NP
1.02759 (NNS)(,)(NNS)(,)(CC)(NNS)|NP
1.02759 (NNS)(,)(NNS)(,)(NNS)(,)(NNS)(CC)(NN)|NP
1.02759 (NNS)(,)(NNS)(,)(NNS)(,)(NNS)(,)(NNS)(,)(NN)(,)(JJ)(NN)(NNS)|NP
1.02759 (NNS)(NX)|NP
1.02759 (NNS)(RBR)|NP
1.02759 (NNS)(SBAR)|NP
1.02759 (NN)|VP
1.02759 (NN)|X
1.02759 (NP)(ADJP)(PP)(PP)(VP)|NP
1.02759 (NP)(ADJP)(PP)|S
1.02759 (NP)(ADJP)(S)|NP
1.02759 (NP)(:)(ADJP)|UCP
1.02759 (NP)(ADVP)(ADJP)|S
1.02759 (NP)(ADVP)(.)|FRAG
1.02759 (NP)(,)(ADVP)(,)(SBAR)|NP
1.02759 (NP)(ADVP)(SBAR)|NP
1.02759 (NP)(ADVP)|VP
1.02759 (NP)(CC)(ADJP)|ADJP
1.02759 (NP)(CC)(ADVP)|NP
1.02759 (NP)(CC)(NP)(,)(FW)|NP
1.02759 (NP)(,)(CC)(NP)(,)|NP
1.02759 (NP)(CC)(NP)('')|NP
1.02759 (NP)(CC)(NP)|NP-TMP
1.02759 (NP)(,)(CC)(NP)(-RRB-)|NP
1.02759 (NP)(CC)(VP)|UCP
1.02759 (NP)(CONJP)(VP)|S
1.02759 (NP)(,)(FRAG)|NP
1.02759 (NP)(IN)|PP
1.02759 (NP)(JJ)(SBAR)|ADJP
1.02759 (NP)(-LRB-)(PP)(ADVP)|NP
1.02759 (NP)(NN)(SBAR)|NP
1.02759 (NP)(,)(NP)(,)(ADVP)(,)(CC)(ADJP)|UCP
1.02759 (NP)(NP)(,)(ADVP)|NP
1.02759 (NP)(,)(NP)(CC)(ADJP)|UCP
1.02759 (NP)(,)(NP)(,)(CC)(ADVP)(PP)|UCP
1.02759 (NP)(,)(NP)(,)(CC)(NP)(,)|NP
1.02759 (NP)(:)(NP)(,)(CC)(NP)|NP
1.02759 (NP)(:)(NP)(CC)(NP)|NP
1.02759 (NP)(,)(NP)(,)|NAC
1.02759 (NP)(,)(NP)(,)(NP)(,)(CC)(ADVP)|NP
1.02759 (NP)(,)(NP)(,)(NP)(CC)(ADVP)(NP)|NP
1.02759 (NP)(,)(NP)(,)(NP)(CC)(ADVP)|UCP
1.02759 (NP)(,)(NP)(,)(NP)(,)(CC)(NP)(:)|NP
1.02759 (NP)(,)(NP)(,)(NP)(CC)(RB)(NP)|NP
1.02759 (NP)(,)(NP)(,)(NP)(,)(NP)(,)(ADVP)(NP)|NP
1.02759 (NP)(,)(NP)(,)(NP)(,)(NP)(,)(CC)(ADVP)(PP)|UCP
1.02759 (NP)(,)(NP)(,)(NP)(,)(NP)|NP
1.02759 (NP)(,)(NP)(,)(NP)(,)(NP)(,)(NP)(,)(NP)(,)(CC)(NP)|NP
1.02759 (NP)(,)(NP)(,)(NP)(,)(NP)(,)(NP)(,)(NP)|NP
1.02759 (NP)(,)(NP)(,)(NP)(,)(NP)(,)(NP)(,)(PP)|NP
1.02759 (NP)(NP)|PP
1.02759 (NP)(NP)(PP)|VP
1.02759 (NP)(,)(NP)(,)(PP)(,)(VP)(,)(SBAR)|NP
1.02759 (NP)(,)(NP)(,)(SBAR)|NP
1.02759 (NP)(NP-TMP)(VP)|S
1.02759 (NP)(,)(NP)(,)(VP)|NP
1.02759 (NP)(,)(NP)(VP)|S
1.02759 (NP)(PP)(,)(ADJP)|NP
1.02759 (NP)(PP)(,)(ADJP)(:)|NP
1.02759 (NP)(PP)|ADVP
1.02759 (NP)(,)(PP)(,)(CC)(ADVP)|NP
1.02759 (NP)(PP)(,)(CC)(ADVP)|NP
1.02759 (NP)(,)(PP)(CC)(ADVP)|UCP
1.02759 (``)(NP)(PP)('')|NP
1.02759 (NP)(:)(PP)|NP
1.02759 (NP)(PP)(.)('')|NP
1.02759 (NP)(PP)(,)(NP)(,)(CC)(ADVP)|NP
1.02759 (NP)(PP)(,)(NP)(CC)(ADVP)(:)|NP
1.02759 (NP)(,)(PP)(,)(NP)(,)|NP
1.02759 (NP)(,)(PP)(NP)|NP
1.02759 (NP)(:)(PP)(,)(NP)|NP
1.02759 (NP)(PP)|NX
1.02759 (NP)(PP)(,)(PP)(,)(NP)(,)(NP)(,)(CC)(ADVP)|NP
1.02759 (NP)(PP)(PRN)|PP
1.02759 (NP)(PP)(S)(,)(PP)|NP
1.02759 (NP)(PP)(,)(VP)(,)|NP
1.02759 (NP)(PP)(VP)|S
1.02759 (NP)(PP)(VP)(.)|S
1.02759 (NP)(PRN)(NNS)|NP
1.02759 (NP)(PRN)(NP)|NP
1.02759 (NP)(PRN)(NP)(VP)|S
1.02759 (NP)(PRN)(SBAR)|NP
1.02759 (NP)(QP)|NP
1.02759 (NP)(RB)(SBAR)|NP
1.02759 (NP)(,)(RRC)(,)|NP
1.02759 (NP)(,)(SBAR)|NP-TMP
1.02759 (NP)(SBAR)(NP)(VP)(.)|S
1.02759 (NP)(,)(S)(CC)(S)|NP
1.02759 (NP)(,)(``)(S)('')|NP
1.02759 (NP)(S)|NP
1.02759 (NP)(,)(S)(,)(NP)(VP)(.)|S
1.02759 (NP)(S)|VP
1.02759 (NP)(,)(S)(,)(VP)|S
1.02759 (NP-TMP)(NN)|NP
1.02759 (NP-TMP)(,)(NP)(ADVP)(VP)(.)|S
1.02759 (``)(NP-TMP)(,)(NP)(VP)(.)|S
1.02759 (NP-TMP)(,)(S)(,)(ADVP)(.)|S
1.02759 (NP)(:)(UCP)|NP
1.02759 (NP)(,)(UCP)(PP)|NP
1.02759 (NP)('')(VP)|NP
1.02759 (NP)(VP)(NP)(.)|S
1.02759 (NP)(VP)(,)(PP)|NP
1.02759 (:)(NP)(VP)(.)|S
1.02759 (NP)(``)(VP)(.)|S
1.02759 (NP)(,)(VP)|S
1.02759 (NP)(VP)(,)|S
1.02759 (NP)(VP)('')(.)|S
1.02759 (NP)(VP)(SBAR)(.)|S
1.02759 (NP)(X)|FRAG
1.02759 (NP)(,)(X)|NP
1.02759 (PDT)(DT)(ADJP)(NN)|NP
1.02759 (PDT)(DT)(JJ)(CC)(JJ)(NN)|NP
1.02759 (PDT)(DT)(NN)|QP
1.02759 (PDT)(NP)(NNS)|NP
1.02759 (PP)(,)(ADVP)|PP
1.02759 (PP)(ADVP)|PP
1.02759 (PP)(ADVP)(,)(PP)(,)(PP)(,)(PP)(CC)(ADVP)(PP)|PP
1.02759 (PP)(ADVP)(,)(VP)(.)|S
1.02759 (PP)(CC)(PP)(ADVP)|PP
1.02759 (PP)(CC)(PP)(NP)|PP
1.02759 (PP)(CONJP)(PP)|PP
1.02759 (PP)(,)(NP)(,)(NP)(,)(NP)(CC)(ADVP)(PP)|UCP
1.02759 (PP)(,)(NP)(,)(NP)(VP)(.)|S
1.02759 (PP)(,)(NP)(NP)(VP)(.)|S
1.02759 (PP)(NP)(PP)|NP
1.02759 (PP)(,)(NP)(,)(SBAR)(,)(NP)(VP)(.)|S
1.02759 (PP)(,)(NP)(SBAR)(,)(NP)(VP)(.)|S
1.02759 (PP)(,)(NP)(,)(S)(,)(VP)(.)|S
1.02759 (PP)(NP-TMP)(,)(NP)(VP)(.)|S
1.02759 (PP)(,)(NP-TMP)(,)(PP)(,)(NP)(.)|FRAG
1.02759 (PP)(NP)(VP)(CC)(VP)(.)|S
1.02759 (PP)(,)(NP)(VP)('')|S
1.02759 (PP)(NP)(VP)(SBAR)(.)|S
1.02759 (PP)(,)(PP)(CC)(ADVP)|UCP
1.02759 (PP)(,)(PP)(CC)(RB)(PP)|PP
1.02759 (PP)(,)(PP)(,)(NP)(ADVP)(VP)(.)|S
1.02759 (PP)(PP)(,)(NP)(VP)|S
1.02759 (PP)(,)(PP)(,)(PP)(CC)(ADVP)(PP)|PP
1.02759 (PP)(,)(PP)(,)(PP)(,)(NP)(VP)(.)|S
1.02759 (PP)(,)(PP)(,)(PP)(,)(S)(CC)(S)(.)|S
1.02759 (PP)(PP)|S
1.02759 (PP)(PRN)(SBAR)(,)(NP)(VP)(.)|S
1.02759 (PP)(PRN)(VP)(.)|S
1.02759 (PP)(,)(SBAR)(,)(ADVP)(NP)(VP)(.)|S
1.02759 (PP)(,)(SBAR)(,)(S)(,)(CC)(ADVP)(S)(.)|S
1.02759 (PP)(,)(SBAR)(,)(S)(CC)(S)(.)|S
1.02759 (PP)(,)(SBAR)(,)(S)(,)(NP)(VP)(.)|S
1.02759 (PP)(,)(S)(CC)(ADVP)(S)(.)|S
1.02759 (PP)(,)(S)(,)(CC)(S)(.)(-RRB-)|S
1.02759 (PP)(,)(S)(,)(CC)(,)(S)(.)|S
1.02759 (PP)(,)(S)(,)(IN)(S)(CC)(ADVP)(.)|S
1.02759 (PP)(,)(S)(,)(NP)(VP)(.)|S
1.02759 (PP)(,)(SQ)(.)|SBARQ
1.02759 (PP)(,)(S)(,)(S)(.)|S
1.02759 (PP)(,)(S)(:)(S)(.)|S
1.02759 (PP)(,)(S)(,)(S)(,)(S)(,)(VP)(.)|S
1.02759 (PP)(,)(S)(,)(S)(,)(VP)(.)|S
1.02759 (PP)(,)(S)(VP)(.)('')|S
1.02759 (PP)(,)(TO)(VP)|VP
1.02759 (PP)(,)(VBZ)(NP)(VP)|VP
1.02759 (PP)(VP)(SBAR)(.)|SINV
1.02759 (PRN)(NP)(VP)|S
1.02759 (PRP$)(ADJP)(NNS)|NP
1.02759 (PRP$)(CC)(JJ)(NN)(NN)|NP
1.02759 (PRP$)(CC)(PRP$)(NN)(CC)(NNS)(NN)|NP
1.02759 (PRP$)(JJ)(JJ)(NN)(NN)|NP
1.02759 (PRP$)(JJ)(NN)(JJ)(NN)|NP
1.02759 (PRP$)(JJ)(NN)(,)(NN)(CC)(NNS)|NP
1.02759 (PRP$)(JJ)(NNP)|NP
1.02759 (PRP)(JJ)|NP
1.02759 (PRP$)(JJR)(NNS)|NP
1.02759 (PRP$)(JJS)(NNS)|NP
1.02759 (PRP$)(NN)(CC)(NN)(NN)(NN)|NP
1.02759 (PRP$)(NN)(CC)(NN)(NN)|NP
1.02759 (PRP$)(NN)(CC)(NN)(NNS)|NP
1.02759 (PRP$)(NN)(NN)(CC)(NN)(NN)|NP
1.02759 (PRP$)(NN)(NN)(NN)(NN)|NP
1.02759 (PRP$)(NN)(NNS)(CC)(NN)|NP
1.02759 (PRP$)(NN)(NNS)(NNS)|NP
1.02759 (PRP$)(NNP)|NP
1.02759 (PRP$)(NN)(POS)|NP
1.02759 (PRP$)(NN)(VBG)(NN)|NP
1.02759 (PRP)('')|NP
1.02759 (PRP$)(RB)|NP
1.02759 (QP)(DT)(NN)|NP
1.02759 (QP)(JJ)(NN)|NP
1.02759 (QP)(JJ)|NP
1.02759 (QP)(NN)(NNS)|NP
1.02759 (QP)(NNS)|ADVP
1.02759 (RB)(ADJP)(NN)(CC)(NN)(S)|NP
1.02759 (RB)(ADJP)|PP
1.02759 (RB)(ADVP)(ADJP)|FRAG
1.02759 (RB)(ADVP)|FRAG
1.02759 (RB)(ADVP)|PP
1.02759 (RB)(CD)(CC)(CD)|QP
1.02759 (RB)(CD)(CD)(NNS)|QP
1.02759 (RB)(CD)(NNS)|QP
1.02759 (RB)(DT)(ADJP)(NN)|NP
1.02759 (RB)(DT)(JJ)(JJ)(NN)(NN)|NP
1.02759 (RB)(DT)(JJ)(JJ)(NN)|NP
1.02759 (RB)(DT)(JJ)(NN)(NN)(NNS)|NP
1.02759 (RB)(DT)(JJ)|QP
1.02759 (RB)(DT)(NN)(NNS)|NP
1.02759 (RB)(DT)(NN)|QP
1.02759 (RB)(DT)(NN)(S)|NP
1.02759 (RB)(DT)(VBG)(NNS)|NP
1.02759 (RB)(FRAG)|SBAR
1.02759 (RB)(IN)(CD)|QP
1.02759 (RB)(IN)(DT)(NN)|NP
1.02759 (RB)(IN)(DT)(NN)|QP
1.02759 (RB)(IN)(PP)|PP
1.02759 (RB)(IN)(VP)|PP
1.02759 (RB)(JJ)(CC)(JJ)(SBAR)|ADJP
1.02759 (RB)(,)(JJ)(,)(JJ)|ADJP
1.02759 (RB)(JJ)(JJ)(NN)|NP
1.02759 (RB)(JJ)(JJ)(NNS)|NP
1.02759 (RB)(JJ)(JJS)(NN)|NP
1.02759 (RB)(JJ)(NN)|ADJP
1.02759 (RB)(JJ)(NN)|ADVP
1.02759 (RB)(JJ)(NN)(NNS)|NP
1.02759 (RB)(JJ)(NP)|ADJP
1.02759 (RB)(JJR)|ADVP
1.02759 (RB)(JJR)(NNS)|NP
1.02759 (RB)(NN)|ADJP
1.02759 (RB)(NN)(CC)(NN)|NP
1.02759 (RB)(NN)(NN)(JJ)(NN)|NP
1.02759 (RB)(NN)(POS)|NP
1.02759 (RB)(NN)(RB)|NP
1.02759 (RB)(NN)(S)|NP
1.02759 (RB)(NP)(ADVP)|NP
1.02759 (RB)(NP)(NN)(NN)(NN)|NP
1.02759 (RB)(NP)(PP)(PP)|ADVP
1.02759 (RB)(NP-TMP)|ADJP
1.02759 (RB)(NP-TMP)(,)(NP)(VP)(.)|S
1.02759 (RB)(NP)(VP)|S
1.02759 (RB)(NP)(VP)(.)('')|S
1.02759 (RB)(PDT)(DT)|NP
1.02759 (RB)(PP)(,)(CONJP)(PP)|PP
1.02759 (RB)(PP)(NP)|ADVP
1.02759 (RB)(PP)(,)(PP)(,)(VP)(.)|S
1.02759 (RB)(PRP$)(NN)(NNS)|NP
1.02759 (RB)(PRP$)(NN)|NP
1.02759 (RB)(,)(RB)(JJ)|ADJP
1.02759 (RB)(RB)(JJ)(NN)|NP
1.02759 (RB)(RB)(JJ)|NP
1.02759 (RB)(RB)(NN)(NN)|NP
1.02759 (RB)(RB)(NP)(CC)(NP)|NP
1.02759 (RB)(RB)(NP)(CC)(RB)(NP)|NP
1.02759 (RB)(RB)(NP)|PP
1.02759 (RB)(RB)(PP)|ADJP
1.02759 (RB)(RB)(PP)|ADVP
1.02759 (RB)(RB)(PP)(,)(CONJP)(PP)|PP
1.02759 (RB)(RB)(PRP$)(NN)|NP
1.02759 (RB)(RBR)|ADJP
1.02759 (RB)(RB)(RB)|ADJP
1.02759 (RB)(RB)(RB)(RB)(IN)(NP)|PP
1.02759 (RB)(RBR)(IN)|ADVP
1.02759 (RB)(RB)(S)|ADJP
1.02759 (RB)(RB)(VP)(CC)(VP)|VP
1.02759 (RBR)(NP)|ADVP
1.02759 (RB)(S)|ADJP
1.02759 (RB)(,)(SBAR)(,)(ADVP)(NP)(VP)(.)|S
1.02759 (RB)(SBAR)(,)(CC)(SBAR)|SBAR
1.02759 (RB)(,)(SBAR)(NP)(ADVP)(VP)(.)|S
1.02759 (RB)(,)(SBAR)(NP)(VP)(.)|S
1.02759 (RB)(SBAR)(,)(NP)(VP)|S
1.02759 (RB)(SBAR)(,)(NP)(VP)(.)|S
1.02759 (RB)(SBAR)(,)(WHNP)(SQ)|SBARQ
1.02759 (RB)(,)(SBAR)(,)(X)(NP)(VP)(.)|S
1.02759 (RB)(S)(CC)(S)(.)|S
1.02759 (RBS)(JJ)(NNS)|NP
1.02759 (RBS)(JJ)(PP)|ADJP
1.02759 (RB)(S)|NP
1.02759 (RB)(S)|VP
1.02759 (RB)(TO)(VB)|CONJP
1.02759 (RB)(VBD)(NP)|VP
1.02759 (RB)(VBG)|NP
1.02759 (RB)(VBG)(NP)|PP
1.02759 (RB)(VBG)(S)|VP
1.02759 (RB)(VP)(CC)(VP)|VP
1.02759 (RB)(VP)(CONJP)(VP)|VP
1.02759 (RB)(,)(WHNP)(SQ)|SBARQ
1.02759 (RB)(WHNP)(SQ)(.)|SBARQ
1.02759 (RB)(WHNP)(S)|SBAR
1.02759 (RB)(WP)|WHADJP
1.02759 (RB)|X
1.02759 (RP)|PP
1.02759 (RRC)(CC)(RRC)|RRC
1.02759 ('')(S)(,)(ADVP)(S)(.)|S
1.02759 (S)(,)(ADVP)(,)(S)(.)|S
1.02759 (S)(,)(ADVP)(S)|S
1.02759 (SBAR)(,)(ADVP)(,)(NP)(VP)(.)|S
1.02759 (SBAR)(,)(CC)(SBAR)(CC)(SBAR)|SBAR
1.02759 (SBAR)(,)(CC)(SBAR)|NP
1.02759 (SBAR)(,)(CC)(S)|UCP
1.02759 (SBAR)(CONJP)(SBAR)|NP
1.02759 (SBAR)(,)(NP)(ADVP)(VP)(.)('')|S
1.02759 (SBAR)(,)(NP-TMP)(,)(NP)(,)(NP)(ADVP)(VP)(.)|S
1.02759 (SBAR)(,)(NP)(VP)('')|S
1.02759 (SBAR)(NP)(VP)(.)('')|S
1.02759 (SBAR)(,)(PP)(CC)(PP)|UCP
1.02759 (SBARQ)(NP)(VP)(.)|S
1.02759 (SBAR)(,)(RB)(NP)(VP)(.)|S
1.02759 (SBAR)(,)(SBAR)(,)(CC)(SBAR)|SBAR
1.02759 (SBAR)(,)(SBAR)(CC)(SBAR)|SBAR
1.02759 (SBAR)(SBAR)|SBAR
1.02759 (SBAR)(,)(S)(,)(CC)(PRN)(S)(.)|S
1.02759 (SBAR)(,)(S)(CC)(RB)(S)(.)|S
1.02759 (SBAR)(,)(S)(PRN)(CC)(ADVP)(.)|S
1.02759 (,)(SBAR)|VP
1.02759 (SBAR)|VP
1.02759 (,)(SBAR)(,)(VP)|S
1.02759 (``)(SBAR)(,)(WHADVP)(SQ)(.)|SBARQ
1.02759 (S)(CC)(ADVP)|UCP
1.02759 (S)(,)(CC)(RB)(S)(.)|S
1.02759 (``)(S)(CC)(S)(.)|S
1.02759 ('')(S)(CC)(S)(.)|S
1.02759 (S)(,)(CC)(S)(,)(SBAR)(CC)(S)(.)|S
1.02759 (S)(,)(CC)(S)(S)|S
1.02759 (S)(CC)(S)(,)(S)(,)(S)(.)|S
1.02759 (S)(,)(IN)(S)(,)(CC)(S)(.)|S
1.02759 (S)(IN)(S)(.)|S
1.02759 (S)(NP)(ADVP)(VP)|S
1.02759 (,)(S)(,)(NP)(VP)|S
1.02759 (S)(NP)(VP)|S
1.02759 (S)(NP)(VP)(.)('')|S
1.02759 (S)(PRN)(CC)(ADVP)(S)(.)|S
1.02759 (S)(,)(RB)(S)|S
1.02759 (S)(:)(RB)(S)|S
1.02759 (S)(-RRB-)|PRN
1.02759 (S)(,)(SBAR)(,)(NP)(VP)|S
1.02759 (S)(,)(S)(,)(CC)(S)(.)|S
1.02759 (S)(,)(S)(,)(CC)(,)(S)(,)(S)(,)(S)(.)|S
1.02759 (S)(,)(S)(,)(IN)(S)(.)|S
1.02759 (S)(,)(SQ)(.)|SQ
1.02759 (S)(,)(S)(,)(S)(.)|S
1.02759 (S)(,)(WHNP)(SQ)(.)|SBARQ
1.02759 (TO)(CC)(RB)|ADVP
1.02759 (TO)(NP)(PP)|PP
1.02759 (TO)(S)|SBAR
1.02759 (TO)(WHNP)|WHPP
1.02759 (UCP)(JJ)(NNS)|NP
1.02759 (UCP)(NP)(VP)(.)|S
1.02759 (UCP)|S
1.02759 (UH)|NP
1.02759 (VB)(ADJP)(ADVP)(,)(SBAR)|VP
1.02759 (VB)(ADJP)(,)(ADVP)|VP
1.02759 (VB)(ADJP)(NP-TMP)(ADVP)|VP
1.02759 (VB)(ADJP)(PP)(S)(PP)|VP
1.02759 (VB)(ADJP)(PP)(,)(S)|VP
1.02759 (VB)(ADJP)(,)(PP)|VP
1.02759 (VB)(ADJP)(PRN)|VP
1.02759 (VB)(ADJP)(SBAR)(,)(PP)|VP
1.02759 (VB)(ADVP)(ADVP)(,)(PP)(,)(S)|VP
1.02759 (VB)(,)(ADVP)(PP)|VP
1.02759 (VB)(ADVP)(,)(PP)|VP
1.02759 (VB)(ADVP)(PRN)(SBAR)|VP
1.02759 (VB)(ADVP)(SBAR)(,)(SBAR)|VP
1.02759 (VB)(ADVP)(S)(,)(PP)|VP
1.02759 (VB)(:)(ADVP)|VP
1.02759 (VB)(,)(CC)(VB)(NP)(SBAR)|VP
1.02759 (VB)(CC)(VB)(PP)(ADVP)|VP
1.02759 (VB)(CC)(VB)(PP)(PP)|VP
1.02759 (VB)(CC)(VB)(PP)(SBAR)|VP
1.02759 (VBD)(ADJP)(NP-TMP)|VP
1.02759 (VBD)(ADJP)(PP)(,)(SBAR)|VP
1.02759 (VBD)(ADVP)(NP-TMP)(S)|VP
1.02759 (VBD)(ADVP)(PP)(PP)|VP
1.02759 (VBD)(ADVP)(,)(PP)|VP
1.02759 (VBD)(ADVP)(,)(S)|VP
1.02759 (VBD)(NP)(ADVP)(SBAR)|VP
1.02759 (VBD)(NP)(NP)(S)|VP
1.02759 (VBD)(NP)(NP-TMP)|VP
1.02759 (VBD)(NP)(PP)(,)(ADVP)|VP
1.02759 (VBD)(NP)(PP)(ADVP)|VP
1.02759 (VBD)(NP)(PP)(NP-TMP)(,)(SBAR)|VP
1.02759 (VBD)(NP)(PP)(PP)(NP-TMP)|VP
1.02759 (VBD)(NP)(PP)(,)(PP)|VP
1.02759 (VBD)(NP)(PP)(,)(SBAR)|VP
1.02759 (VBD)(NP)(,)(PP)|VP
1.02759 (VBD)(NP)(:)(SBAR)|VP
1.02759 (VBD)(NP)(S)(,)(S)|VP
1.02759 (VBD)(NP-TMP)(PP)|VP
1.02759 (VBD)(NP-TMP)(SBAR)|VP
1.02759 (VBD)(PP)(,)(ADVP)|VP
1.02759 (VBD)(PP)(NP-TMP)(S)|VP
1.02759 (VBD)(PP)(NP-TMP)|VP
1.02759 (VBD)(PP)(PP)(NP-TMP)|VP
1.02759 (VBD)(,)(PP)(,)(PP)|VP
1.02759 (VBD)(PP)(,)(PP)|VP
1.02759 (VBD)(PP)(,)(SBAR)|VP
1.02759 (VBD)(RB)(ADJP)(S)(,)(SBAR)|VP
1.02759 (VBD)(RB)(ADVP)(NP)|VP
1.02759 (VBD)(SBAR)|PP
1.02759 (VBD)(S)(,)(S)|VP
1.02759 (VBG)(ADJP)(ADVP)(PP)|VP
1.02759 (VBG)(ADJP)(NNS)|NP
1.02759 (VBG)(ADJP)(PP)(,)(PP)|VP
1.02759 (VBG)(,)(ADVP)(,)(PP)|VP
1.02759 (VBG)(CC)(NN)|NP
1.02759 (VBG)(CC)(VBG)(PP)(S)|VP
1.02759 (VBG)(NN)(CC)(NNS)|NP
1.02759 (VBG)(NN)(,)(NN)(NN)(NN)(,)(JJ)(NN)|NP
1.02759 (VBG)(NN)(NN)(NN)|NP
1.02759 (VBG)(NP)(ADVP)(ADVP)|VP
1.02759 (VBG)(NP)(ADVP)(,)(PP)|VP
1.02759 (VBG)(NP)(NP-TMP)(SBAR)|VP
1.02759 (VBG)(NP)(PP)(,)(ADVP)|VP
1.02759 (VBG)(NP)(PP)(PP)(SBAR)|VP
1.02759 (VBG)(NP)(VP)|VP
1.02759 (VBG)(PP)|ADJP
1.02759 (VBG)(PP)(,)(ADVP)|VP
1.02759 (VBG)(PP)(PP)(ADVP)|VP
1.02759 (VBG)(PP)(PP)(PP)|VP
1.02759 (VBG)(,)(PP)(PP)|VP
1.02759 (VBG)(,)(PP)(S)|VP
1.02759 (VBG)(PRN)(SBAR)|VP
1.02759 (VBG)(PRT)(NP)(NP)|VP
1.02759 (VBG)(PRT)(NP)(S)|VP
1.02759 (VBG)(PRT)(PP)(SBAR)|VP
1.02759 (VBG)(PRT)(PP)(,)(S)|VP
1.02759 (VBG)(S)(ADVP)|VP
1.02759 (VBG)(SBAR)(SBAR)|VP
1.02759 (VBG)(,)(SBAR)|VP
1.02759 (VBG)(S)|PP
1.02759 (VBG)(S)(PP)|VP
1.02759 (VBG)(,)(S)|VP
1.02759 (VBG)(,)(VBG)(CC)(VBG)(NP)|VP
1.02759 (VBG)('')|VP
1.02759 (VBG)(WHPP)|VP
1.02759 (VB)(-LRB-)(NP)(PP)|VP
1.02759 (VBN)(ADJP)(PP)(SBAR)|VP
1.02759 (VBN)(ADJP)(PRN)(PP)|VP
1.02759 (VBN)(ADVP)(,)(ADVP)|VP
1.02759 (VBN)(ADVP)(NP-TMP)(,)(PP)|VP
1.02759 (VBN)(ADVP)(NP)|VP
1.02759 (VBN)(ADVP)(NP)(,)|VP
1.02759 (VBN)(ADVP)(PP)(ADVP)|VP
1.02759 (VBN)(ADVP)(PP)(PP)|VP
1.02759 (VBN)(JJ)(NN)|NP
1.02759 (VBN)(NP)(ADVP)(,)(ADVP)|VP
1.02759 (VBN)(NP)(ADVP)(PP)|VP
1.02759 (VBN)(NP)|PP
1.02759 (VBN)(NP)(PP)(PP)(ADVP)|VP
1.02759 (VBN)(NP)(PP)(SBAR)(,)(SBAR)|VP
1.02759 (VBN)(NP)(PP)(,)(SBAR)|VP
1.02759 (VBN)(NP)(,)(PP)|VP
1.02759 (VB)(NP)(ADVP)(,)(ADVP)|VP
1.02759 (VB)(NP)(ADVP)(PP)(PP)|VP
1.02759 (VB)(NP)(,)(ADVP)(,)(PP)|VP
1.02759 (VB)(NP)(,)(ADVP)(PP)|VP
1.02759 (VB)(NP)(ADVP)(PRN)(PP)|VP
1.02759 (VB)(NP)(ADVP)(SBAR)(S)|VP
1.02759 (VB)(NP)(ADVP)(,)(SBAR)|VP
1.02759 (VB)(NP)(ADVP)(:)(SBAR)|VP
1.02759 (VB)(NP)(NP)(,)(ADVP)|VP
1.02759 (VB)(NP)(NP-TMP)(,)(SBAR)|VP
1.02759 (VB)(NP)(NP-TMP)(SBAR)|VP
1.02759 (VB)(NP)(``)(NP)|VP
1.02759 (VB)(NP)(PP)(,)(ADVP)(,)(SBAR)|VP
1.02759 (VB)(NP)(,)(PP)(NP-TMP)(,)(NP)|VP
1.02759 (VBN)(PP)(PP)(NP-TMP)|VP
1.02759 (VB)(NP)(PP)(PP)(NP-TMP)|VP
1.02759 (VB)(NP)(PP)(PP)(PP)|VP
1.02759 (VB)(NP)(:)(PP)(PP)|VP
1.02759 (VB)(NP)(PP)(:)(PP)|VP
1.02759 (VB)(NP)(PP)(,)(PRN)|VP
1.02759 (VBN)(PP)(PP)(SBAR)|VP
1.02759 (VB)(NP)(,)(PP)(,)(SBAR)|VP
1.02759 (VB)(NP)(:)(PP)(,)(S)|VP
1.02759 (VB)(NP)(PP)(,)(UCP)|VP
1.02759 (VB)(NP)(PRT)(NP)|VP
1.02759 (VBN)(PRT)(ADVP)(PP)|VP
1.02759 (VBN)(PRT)(ADVP)|VP
1.02759 (VBN)(PRT)(PP)(SBAR)|VP
1.02759 (VBN)(PRT)(S)|VP
1.02759 (VB)(NP)(SBAR)(FRAG)|VP
1.02759 (VB)(NP)(SBAR)(,)(SBAR)|VP
1.02759 (VB)(NP)(S)(NP-TMP)(PP)|VP
1.02759 (VB)(NP)(:)(S)(PRN)(NP)(PP)(ADVP)|VP
1.02759 (VB)(NP-TMP)(PP)|VP
1.02759 (VB)(NP-TMP)(SBAR)|VP
1.02759 (VB)(NP-TMP)(S)|VP
1.02759 (VB)(NP)(:)(UCP)|VP
1.02759 (``)(VB)('')(NP)|VP
1.02759 (VB)('')(NP)|VP
1.02759 (VBN)(S)(ADVP)(PP)|VP
1.02759 (VBN)(SBAR)(,)(PP)|VP
1.02759 (VBN)(S)(,)(PP)|VP
1.02759 (VBP)(ADJP)(,)(CC)(VBP)(NP)|VP
1.02759 (VBP)(ADJP)(PP)(ADVP)|VP
1.02759 (VBP)(ADVP)(NP)(,)(ADVP)|VP
1.02759 (VBP)(ADVP)(NP-TMP)|VP
1.02759 (VBP)(ADVP)(,)(NP)|VP
1.02759 (VBP)(ADVP)(,)(PP)|VP
1.02759 (VBP)(CC)(VBP)(ADVP)|VP
1.02759 (VBP)(DT)(PP)|VP
1.02759 (VBP)(JJR)|VP
1.02759 (VBP)(NP)(ADVP)(ADVP)|VP
1.02759 (VBP)(NP)(ADVP)(VP)(.)|SQ
1.02759 (VBP)(NP)(NP)(,)(ADVP)|VP
1.02759 (VBP)(NP)(NP)(PP)|VP
1.02759 (VBP)(NP)(NP)(,)(SBAR)|VP
1.02759 (VBP)(NP)(NP-TMP)(PP)|VP
1.02759 (VBP)(NP)(NP-TMP)(SBAR)|VP
1.02759 (VBP)(NP)(,)(PP)(PP)|VP
1.02759 (VBP)(NP)(PP)(,)(PP)|VP
1.02759 (VBP)(NP)(,)(PP)(,)(SBAR)|VP
1.02759 (VBP)(NP)(PP)|SQ
1.02759 (VBP)(NP)(,)(PP)(,)(S)|VP
1.02759 (VBP)(NP)(S)(,)(PP)|VP
1.02759 (VBP)(NP)(,)(S)(SBAR)|VP
1.02759 (VB)(PP)|ADJP
1.02759 (VB)(PP)(,)(ADJP)|VP
1.02759 (VB)(PP)(NP-TMP)(S)|VP
1.02759 (VBP)(PP)(ADVP)(ADVP)|VP
1.02759 (VBP)(PP)(ADVP)(,)(PP)|VP
1.02759 (VBP)(PP)(ADVP)(,)(SBAR)|VP
1.02759 (VBP)(PP)(NP-TMP)(,)(ADVP)|VP
1.02759 (VBP)(PP)(NP-TMP)(PP)|VP
1.02759 (VBP)(PP)(PP)(PP)(NP-TMP)|VP
1.02759 (VB)(PP)(PP)(PP)(X)|VP
1.02759 (VB)(PP)(PP)(SBAR)|VP
1.02759 (VB)(,)(PP)(PP)|VP
1.02759 (VBP)(PP)(S)(,)(PP)|VP
1.02759 (VBP)(PP)(,)(S)|VP
1.02759 (VBP)(PP)(UCP)|VP
1.02759 (VBP)(,)(PP)|VP
1.02759 (VBP)(PRN)(NP)|VP
1.02759 (VBP)(PRN)(SBAR)|VP
1.02759 (VBP)(PRT)(NP)(NP-TMP)|VP
1.02759 (VBP)(PRT)(NP)(SBAR)|VP
1.02759 (VBP)(PRT)(PP)(,)(ADVP)|VP
1.02759 (VBP)(PRT)(SBAR)|VP
1.02759 (VB)(PP)(``)(SQ)('')|VP
1.02759 (VB)(PP)(.)|VP
1.02759 (VBP)(RB)(ADJP)(S)(,)(SBAR)|VP
1.02759 (VBP)(RB)(ADJP)(S)(SBAR)|VP
1.02759 (VBP)(RB)(ADVP)(NP)|VP
1.02759 (VBP)(RB)(NP)(,)(ADVP)|VP
1.02759 (VBP)(RB)(NP)(,)(SBAR)|VP
1.02759 (VBP)(RB)(NP)(VP)|SQ
1.02759 (VBP)(RB)(S)|VP
1.02759 (VB)(PRN)(CC)(RB)|VP
1.02759 (VB)(PRT)(,)(ADJP)|VP
1.02759 (VB)(PRT)(ADVP)(PP)|VP
1.02759 (VB)(PRT)(NP)(PP)(,)(SBAR)|VP
1.02759 (VB)(PRT)(NP)(S)|VP
1.02759 (VB)(PRT)(PP)(ADVP)|VP
1.02759 (VB)(PRT)(PRT)(PP)|VP
1.02759 (VBP)(S)(ADVP)|VP
1.02759 (VBP)(S)(,)(ADVP)(VP)|VP
1.02759 (VBP)(SBAR)(,)(CC)(VBP)(NP)|VP
1.02759 (VBP)(SBAR)(PRN)(,)(SBAR)|VP
1.02759 (VBP)(SBAR)(PRN)(S)|VP
1.02759 (VBP)(,)(SBAR)|VP
1.02759 (VBP)(S)(,)(S)|VP
1.02759 (VBP)(UCP)(,)(SBAR)|VP
1.02759 (VBP)(,)(VBP)(NP)|VP
1.02759 (VBP)(,)(VBP)(PP)(,)(ADJP)|VP
1.02759 (VBP)(,)(VBP)(,)(S)|VP
1.02759 (VBP)(VP)|SQ
1.02759 (VBP)(X)(PP)(PP)|VP
1.02759 (``)(VB)(RB)|VP
1.02759 (VB)(S)(ADVP)(PP)|VP
1.02759 (VB)(SBAR)(:)(PP)(,)(SBAR)(,)(SBAR)|VP
1.02759 (VB)('')(SBAR)|VP
1.02759 (VB)(S)(,)(INTJ)(,)(ADJP)|VP
1.02759 (VB)(S)(NP-TMP)(PP)|VP
1.02759 (VB)(S)(NP)|VP
1.02759 (VB)(S)(:)(PP)(PP)|VP
1.02759 (VB)(S)|SBAR
1.02759 (VB)(S)(,)(SBAR)|VP
1.02759 (VB)(S)(,)(S)|VP
1.02759 (VB)(S)(,)(UCP)|VP
1.02759 (VB)(,)(VB)(CC)(VB)|VP
1.02759 (VB)(VB)(NP)(,)(SBAR)|VP
1.02759 (VB)(VB)(NP)(SBAR)|VP
1.02759 (VB)(,)(VB)(,)(NP)|VP
1.02759 (VBZ)(ADJP)(,)(ADVP)(NP-TMP)|VP
1.02759 (VBZ)(ADJP)(,)(ADVP)(PP)|VP
1.02759 (VBZ)(ADJP)(NP-TMP)|VP
1.02759 (VBZ)(ADJP)(PP)(,)(VP)|VP
1.02759 (VBZ)(ADJP)(S)(SBAR)(PP)|VP
1.02759 (VBZ)(ADJP)(S)(SBAR)(,)(SBAR)|VP
1.02759 (VBZ)(ADJP)(UCP)|VP
1.02759 (``)(VBZ)(ADJP)|VP
1.02759 (VBZ)(ADVP)(ADJP)(PP)|VP
1.02759 (VBZ)(,)(ADVP)(ADJP)|VP
1.02759 (VBZ)(ADVP)(NP)(,)(ADVP)|VP
1.02759 (VBZ)(ADVP)(RB)(ADJP)|VP
1.02759 (VBZ)(ADVP)(S)(SBAR)|VP
1.02759 (VBZ)(ADVP)(S)(,)(S)|VP
1.02759 (VBZ)(ADVP)(VP)|SQ
1.02759 (VBZ)(CC)(VBZ)(PP)|VP
1.02759 (VBZ)(NP)(ADVP)(,)(SBAR)|VP
1.02759 (VBZ)(NP)(ADVP)(S)|VP
1.02759 (VBZ)(NP)(ADVP)(VP)|VP
1.02759 (VBZ)(NP)(NP)(,)(PP)|VP
1.02759 (VBZ)(NP)(NP)(PP)|VP
1.02759 (VBZ)(NP)(NP)(.)|SQ
1.02759 (VBZ)(NP)(,)(NP)|VP
1.02759 (VBZ)(NP)(:)(NP)|VP
1.02759 (VBZ)(NP)|PP
1.02759 (VBZ)(NP)(PP)(,)(ADVP)|VP
1.02759 (VBZ)(NP)(PP)(,)(NP)|VP
1.02759 (VBZ)(NP)(PP)(-RRB-)|VP
1.02759 (VBZ)(NP)(PP)(,)(SBAR)|VP
1.02759 (VBZ)(NP)(PRN)|VP
1.02759 (VBZ)(NP)(SBAR)(,)(ADVP)|VP
1.02759 (VBZ)(NP-TMP)|VP
1.02759 (VBZ)(``)(NP)|VP
1.02759 (VBZ)(PP)(ADJP)|VP
1.02759 (VBZ)(,)(PP)(,)(NP)|VP
1.02759 (VBZ)(PP)(NP)|VP
1.02759 (VBZ)(,)(PP)('')|VP
1.02759 (VBZ)(PRN)(NP)|VP
1.02759 (VBZ)(PRN)|VP
1.02759 (VBZ)(PRT)(ADVP)(,)(SBAR)|VP
1.02759 (VBZ)(PRT)(PP)(S)|VP
1.02759 (VBZ)(RB)(ADJP)(,)(ADVP)(PP)|VP
1.02759 (VBZ)(RB)(ADJP)(,)(PP)|VP
1.02759 (VBZ)(RB)(ADJP)(SBAR)(,)(SBAR)|VP
1.02759 (VBZ)(RB)(ADVP)(ADVP)|VP
1.02759 (VBZ)(RB)(ADVP)(PP)|VP
1.02759 (VBZ)(RB)(ADVP)(SBAR)(,)(SBAR)|VP
1.02759 (VBZ)(RB)(NP)(ADVP)|VP
1.02759 (VBZ)(RB)(PP)|VP
1.02759 (VBZ)(RB)(S)(,)(SBAR)|VP
1.02759 (VBZ)(RB)(S)(SBAR)|VP
1.02759 (VBZ)(SBAR)('')(S)|VP
1.02759 (VBZ)(S)(PP)|VP
1.02759 (VBZ)(S)(S)|VP
1.02759 (``)(VBZ)(S)|VP
1.02759 (VBZ)(UCP)(,)(SBAR)|VP
1.02759 (VBZ)(VP)|SQ
1.02759 (VP)(,)(ADVP)(VP)|VP
1.02759 (VP)(CC)(ADVP)(ADJP)|UCP
1.02759 (VP)(CC)(ADVP)(SBAR)|VP
1.02759 (VP)(,)(CC)(ADVP)(VP)(NP)|VP
1.02759 (VP)(CC)(ADVP)(VP)(,)(NP)|VP
1.02759 (VP)(,)(CC)(PP)(PP)|VP
1.02759 (VP)(CC)(,)(SBAR)|VP
1.02759 (VP)(CC)(VP)(,)(PP)|VP
1.02759 (VP)(CC)(VP)(,)(SBAR)|VP
1.02759 (VP)(CC)(VP)(S)|VP
1.02759 (VP)(,)(CC)(VP)(,)(VP)|VP
1.02759 (VP)(CC)(VP)(,)(VP)(,)(VP)(,)(VP)(PP)|VP
1.02759 (VP)(IN)(VP)|VP
1.02759 (VP)(NP)(ADVP)(NP)(.)|SQ
1.02759 (VP)(PP)|S
1.02759 (VP)|RRC
1.02759 (VP)(,)(S)|VP
1.02759 (VP)(VP)|VP
1.02759 (VP)(,)(VP)(,)(VP)(,)(CC)(VP)|VP
1.02759 (VP)(,)(VP)(,)(VP)(,)(VP)(,)(CC)(VP)|VP
1.02759 (VP)(,)(VP)(,)(VP)(,)(VP)(NP)|VP
1.02759 (VP)(,)(VP)(,)(VP)(,)(VP)(,)(VP)(,)(VP)(,)(VP)(,)(VP)(,)(VP)(,)(VP)(,)(VP)(,)(VP)(,)(VP)(,)(VP)(CC)(VP)|VP
1.02759 (WHADJP)(SQ)(.)|SBARQ
1.02759 (WHADVP)(JJ)(NN)|WHNP
1.02759 (WHADVP)(PP)|SBAR
1.02759 (WHADVP)(SQ)|SBARQ
1.02759 (WHADVP)(,)(WHADVP)(SQ)(.)|SBARQ
1.02759 (WHNP)|FRAG
1.02759 (WHNP)(NP)|WHNP
1.02759 (WHNP)(PP)(.)|FRAG
1.02759 (WHNP)(SINV)|SBAR
1.02759 (WP$)(NNS)(CC)(NN)|WHNP
1.02759 (WP)(NNS)|WHNP
1.02759 (WP$)(NP)|WHNP
1.02759 (WRB)(CC)(WRB)|WHADVP
1.02759 (WRB)(NP)|WHADVP
1.02759 (WRB)(RB)(CC)(RB)|WHADVP
1.02759 (WRB)(RB)|WHNP
1.02759 (X)(ADJP)|X
1.02759 (X)(IN)(NP)|PP
1.02759 (X)(PP)(,)(NP)(VP)|S
1.02759 (X)(PP)|X
1.02759 (X)(VP)(.)|FRAG
1.03021 (ADJP)|FRAG
1.03021 (ADVP)(VBN)(PP)(PP)|VP
1.03021 (DT)(DT)(NN)(NN)|NP
1.03021 (DT)(JJ)(NN)(CC)(NN)|NP
1.03021 (NN)|ADVP
1.03021 (NNS)(,)(NNS)(CC)(NNS)|NP
1.03021 (NNS)(PP)|ADVP
1.03021 (NP)(NP)(.)|NP
1.03021 (NP)(,)(NP)(VP)(.)|S
1.03021 (NP)(,)(UCP)|NP
1.03021 (NP)(``)(VP)|S
1.03021 (PP)(.)|FRAG
1.03021 (PP)(,)(RB)(PP)|PP
1.03021 (PP)(,)(S)(,)(IN)(S)(.)|S
1.03021 (RB)(CD)(NNS)|NP
1.03021 (RB)(PP)|PP
1.03021 (VB)(NP)(PP)(,)(SBAR)|VP
1.03021 (VBP)(CC)(VBP)(PP)|VP
1.03021 (VB)(PP)(,)(S)|VP
1.03021 (VBZ)(ADVP)(ADJP)(S)|VP
1.03064 |MD
1.03229 (ADVP)(,)(S)(,)(NP)(VP)(.)|S
1.03229 (FW)|NP
1.03229 (JJ)(NN)(NN)(NNS)|NP
1.03229 (NN)|ADJP
1.03229 (NP)(,)(RB)(NP)|NP
1.03229 (NP)(X)|NP
1.03229 (VBP)(NP)(VP)(.)|SQ
1.03252 (VBD)|VP
1.03655 (JJR)(CC)(JJR)|ADJP
1.03779 (VB)(NP)(SBAR)|VP
1.03842 (NP)(RB)|ADVP
1.03842 (VB)(ADJP)(PP)|VP
1.04142 (IN)(ADJP)|PP
1.05174 (PRP$)(NN)(NN)|NP
1.05204 (SBAR)(CC)(SBAR)|SBAR
1.05248 (VBZ)(NP)(NP)|VP
1.05298 (SBAR)(.)|FRAG
1.05298 (WHPP)(S)|SBAR
1.0532 (VBZ)(NP)(ADVP)|VP
1.05346 (VBD)(RB)(VP)|VP
1.05346 (VBP)(ADJP)(SBAR)|VP
1.0546 (ADVP)(VB)(NP)(PP)|VP
1.0546 (CC)(,)(NP)(ADVP)(VP)(.)|S
1.0546 (DT)(JJR)|X
1.0546 (DT)(NN)(SBAR)|ADVP
1.0546 (JJS)(NN)(NNS)|NP
1.0546 (NNP)(NNP)(NNP)|NP
1.0546 (NNS)(NN)(NN)|NP
1.0546 (NP)(,)(ADVP)|NP
1.0546 (NP)(IN)|ADVP
1.0546 (NP)(,)(SBAR)(,)(NP)(VP)(.)|S
1.0546 (VBD)(PRT)(PP)|VP
1.0546 (VBP)(NP)(PP)(ADVP)|VP
1.0546 (VB)(PP)(,)(ADVP)|VP
1.0546 (VP)(CC)(VP)(CC)(VP)|VP
1.0546 (VP)(CC)(VP)(NP)|VP
1.0546 (X)(NP)(VP)|S
1.05517 (ADJP)(CC)(PP)|UCP
1.05517 (ADVP)(,)(CC)(ADVP)|ADVP
1.05517 (ADVP)(DT)(ADJP)(NN)|NP
1.05517 (ADVP)(IN)(IN)(NP)|PP
1.05517 (ADVP)(,)(NP)(NP)(VP)(.)|S
1.05517 (,)(ADVP)(,)(NP)(VP)|S
1.05517 (ADVP)(NP)(VP)(.)('')|S
1.05517 (ADVP)(,)(PP)(,)(NP)(VP)|S
1.05517 (ADVP)(PP)(NP)(VP)|S
1.05517 (ADVP)(,)(PP)(VP)(.)|S
1.05517 (ADVP)(PRN)(ADVP)(NP)(VP)(.)|S
1.05517 (ADVP)(SBAR)(,)(NP)(VP)(.)|S
1.05517 (ADVP)(,)(S)(CC)(ADVP)(S)(.)|S
1.05517 (ADVP)(S)(VP)|S
1.05517 (ADVP)(VBG)(SBAR)|VP
1.05517 (ADVP)(VBN)(NP)|VP
1.05517 (ADVP)(VBP)(ADVP)(PP)|VP
1.05517 (ADVP)(VB)(PP)|VP
1.05517 (ADVP)(WHNP)(SQ)(.)|SBARQ
1.05517 (CC)(ADJP)(,)(NP)(VP)(.)|S
1.05517 (CC)(ADVP)(ADVP)|PRN
1.05517 (CC)(ADVP)(NP)|FRAG
1.05517 (CC)(ADVP)(NP)(.)|FRAG
1.05517 (CC)(ADVP)(,)(S)(CC)(S)(.)|S
1.05517 (CC)(ADVP)(,)(VP)(.)|S
1.05517 (CC)(NNS)(CC)(NNS)|NP
1.05517 (CC)(,)(PP)(,)(NP)(VP)|S
1.05517 (CC)(SBAR)(,)(ADVP)(NP)(VP)(.)|S
1.05517 (CC)(SBAR)(,)(NP)(VP)|S
1.05517 (CC)(,)(SBAR)(VP)(.)|S
1.05517 (CC)(S)|PRN
1.05517 (CC)(SQ)(.)|SBARQ
1.05517 (CC)(VP)|S
1.05517 (CD)(CC)(RB)|QP
1.05517 (CD)(JJR)(NN)|NP
1.05517 (CD)(NNS)|QP
1.05517 (DT)(ADVP)(CC)(NP)|UCP
1.05517 (DT)(ADVP)(NN)|NP
1.05517 (DT)(CD)(VBG)(NNS)|NP
1.05517 (DT)(NN)(CC)(NN)(NN)(NN)|NP
1.05517 (DT)(NN)(NN)(NN)(CC)(NN)|NP
1.05517 (DT)(NN)(NNS)(CC)(NN)(NNS)|NP
1.05517 (DT)(NN)(PRP)|NP
1.05517 (DT)(NN)(VBG)(NN)|NP
1.05517 (DT)(PP)|ADVP
1.05517 (DT)(PRP$)(NNS)|NP
1.05517 (DT)(UCP)(NN)|NP
1.05517 (DT)(VBG)|NP
1.05517 (FW)(FW)|NP
1.05517 (IN)(ADVP)(NP)(VP)(.)|S
1.05517 (IN)(CC)(IN)(S)|PP
1.05517 (IN)(JJ)|ADVP
1.05517 (IN)(JJS)(RB)|ADVP
1.05517 (IN)(NNS)|NP
1.05517 (IN)(NP)(PP)|PP
1.05517 (IN)(NP-TMP)|PP
1.05517 (IN)(RB)(RB)|ADVP
1.05517 (IN)(SBAR)|SBAR
1.05517 (IN)(S)(.)|SBAR
1.05517 (INTJ)(VP)|S
1.05517 (IN)(UCP)|PP
1.05517 (``)(JJ)|ADJP
1.05517 (JJ)(ADJP)(NN)|NP
1.05517 (JJ)(CC)(JJ)(NN)|NP
1.05517 (JJ)(CC)(JJ)(,)(PP)|ADJP
1.05517 (JJ)(CC)(RB)(JJ)|ADJP
1.05517 (JJ)(CONJP)(JJ)|ADJP
1.05517 (JJ)|FRAG
1.05517 (JJ)(IN)|ADJP
1.05517 (JJ)(JJ)(NN)(CC)(JJ)(NN)(NNS)|NP
1.05517 (JJ)(NN)(NN)(NN)(NN)|NP
1.05517 (JJ)|PP
1.05517 (JJ)(PRN)(S)|ADJP
1.05517 (JJ)(RB)(PP)(S)|ADJP
1.05517 (JJR)(CC)(JJR)(SBAR)|ADJP
1.05517 (JJR)(IN)(JJ)|ADJP
1.05517 (JJR)(JJ)(NN)|NP
1.05517 (JJR)(S)|ADJP
1.05517 (JJ)(S)(.)|ADJP
1.05517 (JJ)(VBN)(NNS)|NP
1.05517 (-LRB-)(NP-TMP)(-RRB-)|PRN
1.05517 (LST)(NP)(,)(NP)(VP)(.)|S
1.05517 (LST)(,)(NP)(VP)(.)|S
1.05517 (MD)(SBAR)|VP
1.05517 (NN)(CC)(NN)(NN)(NN)|NP
1.05517 (NN)(NN)(JJ)(NN)|NP
1.05517 (NN)(NN)(NN)(NN)(NNS)|NP
1.05517 (NN)(,)(NN)(,)(NN)(NN)|NP
1.05517 (NN)(NNS)(CC)(NN)(NN)(NNS)|NP
1.05517 (NN)(,)(NNS)(CC)(NNS)|NP
1.05517 (NN)(NNS)(.)|NP
1.05517 (NN)(SBAR)|VP
1.05517 (NNS)(CC)(NN)(NN)(NNS)|NP
1.05517 (NNS)(CC)(VBG)|NP
1.05517 (NNS)(,)(NN)(CC)(NNS)|NP
1.05517 (NNS)(,)(NNS)(,)(NNS)(CC)(NNS)|NP
1.05517 (NP)(,)(ADJP)|NP
1.05517 (NP)(ADJP)(PP)|NP
1.05517 (NP)(ADJP)(.)|S
1.05517 (NP)(ADVP)|NP-TMP
1.05517 (``)(NP)(ADVP)(VP)(.)|S
1.05517 (NP)(,)(ADVP)(,)(VP)|S
1.05517 (NP)(,)(CC)(ADVP)|NP
1.05517 (NP)(CC)(PP)|UCP
1.05517 (NP)(CC)(SBAR)|UCP
1.05517 (NP)(,)(NP)(CC)(ADVP)(PP)|UCP
1.05517 (NP)(``)(NP)|NP
1.05517 (NP)(,)(NP)(,)(NP)(CC)(ADVP)(PP)|UCP
1.05517 (NP)(NP-TMP)(PP)|NP
1.05517 (NP)(NP-TMP)(VP)(.)|S
1.05517 (NP)|PP
1.05517 (NP)(PP)(ADVP)|NP
1.05517 (NP)(PP)(NP-TMP)|NP
1.05517 (NP)(PP)(,)(SBAR)(,)|NP
1.05517 (NP)(PP)(X)|NP
1.05517 (NP)(RB)(NP)(VP)(.)|S
1.05517 (NP)(SBAR)|NP-TMP
1.05517 (NP)(SBAR)|S
1.05517 (NP)(:)(S)(.)|FRAG
1.05517 (NP-TMP)(,)(PP)(,)(NP)(VP)(.)|S
1.05517 (NP-TMP)(,)(SBAR)(,)(NP)(VP)(.)|S
1.05517 (NP)(UCP)|S
1.05517 (NP)(VP)(PP)|S
1.05517 (NP)(VP)(.)(.)|S
1.05517 (NP)(VP)(SBAR)|S
1.05517 (NX)(CC)|NX
1.05517 (PDT)(DT)(JJR)|NP
1.05517 (PP)(CC)(RB)(SBAR)|UCP
1.05517 (PP)(,)(CC)(SBAR)|UCP
1.05517 (PP)(,)(IN)(S)|SBAR
1.05517 (PP)(,)(NP-TMP)(,)(NP)(VP)(.)|S
1.05517 (``)(PP)(,)(NP)(VP)(.)|S
1.05517 (PP)(,)(PP)(,)(CC)(ADVP)(PP)|PP
1.05517 (PP)(PP)|NP
1.05517 (PP)(PP)|VP
1.05517 (PP)(,)(SBAR)(,)(VP)(.)|S
1.05517 (PP)(,)(SBAR)(VP)(.)|S
1.05517 (PP)(,)(S)(,)(CC)(ADVP)(.)|S
1.05517 (PP)(,)(S)(CC)(ADVP)(.)|S
1.05517 (PP)(,)(S)(,)(VP)(.)|S
1.05517 (PP)(,)(S)(VP)|S
1.05517 (PP)(VP)(NP)(.)|S
1.05517 (PP)(,)(WHNP)(SQ)(.)|SBARQ
1.05517 (PRN)(S)|SBAR
1.05517 (PRP$)(JJS)|NP
1.05517 (PRP$)(NN)(,)(NNS)(CC)(NNS)|NP
1.05517 (PRP$)(NNS)(CC)(NN)|NP
1.05517 (PRP$)(NNS)(NN)(NN)|NP
1.05517 (QP)(CD)|NP
1.05517 (QP)(DT)(NNS)|NP
1.05517 (QP)(JJ)(NNS)|NP
1.05517 (QP)(NNS)|NP-TMP
1.05517 (RB)(CD)|NP
1.05517 (RB)(DT)(VBG)(NN)|NP
1.05517 (RB)(IN)(ADJP)|PP
1.05517 (RB)(JJ)(CC)(JJ)(S)|ADJP
1.05517 (RB)(NP)(CC)(NP)|NP
1.05517 (RB)(PDT)(DT)(NN)(NNS)|NP
1.05517 (RB)(PP)(,)(NP)(VP)(.)|S
1.05517 (RB)(PRN)(NP)(VP)(.)|S
1.05517 (RB)(RB)(JJ)(PP)|ADJP
1.05517 (RB)(RB)|QP
1.05517 (RB)(RB)(RB)|NP
1.05517 (RB)(RB)(RB)(SBAR)|ADVP
1.05517 (RBR)(CC)(RBR)(RB)|ADVP
1.05517 (RBR)(IN)(JJ)|ADJP
1.05517 (RBR)(RB)|ADJP
1.05517 (RBS)(JJ)(CC)(JJ)|ADJP
1.05517 (RB)(VBG)(NNS)|NP
1.05517 (RB)(VBG)|VP
1.05517 (SBAR)(,)(CC)(ADVP)(SBAR)|SBAR
1.05517 (SBAR)(,)(PP)(,)(NP)(VP)(.)|S
1.05517 (SBAR)(,)(S)(CC)(S)|S
1.05517 (SBAR)(,)(VP)(.)|S
1.05517 (SBAR)(,)(X)(NP)(VP)(.)|S
1.05517 (S)(,)(CC)(,)(PP)|S
1.05517 (``)(S)(,)(CC)(S)(.)|S
1.05517 (S)(,)(IN)(S)(CC)(S)(.)|S
1.05517 (S)(,)(IN)(S)(.)(-RRB-)|S
1.05517 (``)(S)(,)(NP)(VP)(.)|S
1.05517 (S)(,)(NP)(VP)(.)('')|S
1.05517 (S)(,)(S)(.)|S
1.05517 (,)(S)|VP
1.05517 (S)(VP)(NP)|SINV
1.05517 (S)(VP)(NP)(.)|SINV
1.05517 (VB)(ADJP)(ADVP)(S)|VP
1.05517 (VB)(ADJP)(PP)(S)(SBAR)|VP
1.05517 (VB)(ADJP)(VBZ)|VP
1.05517 (VB)(ADVP)(NP-TMP)|VP
1.05517 (VB)(,)(ADVP)|VP
1.05517 (VB)(CC)(VB)(NP)(ADVP)|VP
1.05517 (VB)(CC)(VB)(NP)(PP)(,)(SBAR)|VP
1.05517 (VBD)(ADJP)(ADVP)|VP
1.05517 (VBD)(ADJP)(,)(SBAR)|VP
1.05517 (VBD)(ADVP)(ADVP)|VP
1.05517 (VBD)(ADVP)(PP)(SBAR)|VP
1.05517 (VBD)(ADVP)(SBAR)|VP
1.05517 (VBD)(NP)(,)(ADVP)|VP
1.05517 (VBD)(PP)(ADVP)|VP
1.05517 (VBD)(PP)(PP)(ADVP)|VP
1.05517 (VBD)(PP)(PP)(PP)|VP
1.05517 (VBD)(PRT)|VP
1.05517 (VBD)(RB)(ADJP)(SBAR)|VP
1.05517 (VB)(,)(FRAG)|VP
1.05517 (VBG)(ADVP)(,)(S)|VP
1.05517 (VBG)(CC)(VBG)|NP
1.05517 (VBG)(IN)(PP)|VP
1.05517 (VBG)(JJ)(NN)|NP
1.05517 (VBG)(NN)(NNS)|NP
1.05517 (VBG)(NP)(PRT)|VP
1.05517 (VBN)(ADVP)(ADVP)|VP
1.05517 (VBN)(ADVP)(PP)(SBAR)|VP
1.05517 (VBN)(,)(ADVP)|VP
1.05517 (VBN)(NP)(NP-TMP)|VP
1.05517 (VBN)(NP)(,)(SBAR)|VP
1.05517 (VB)(NP)(NP)(PP)|VP
1.05517 (VB)(NP)(NP)(SBAR)|VP
1.05517 (VB)(NP)(NP)(S)|VP
1.05517 (VB)(NP)(NP-TMP)(PP)|VP
1.05517 (VBN)(PP)(NP-TMP)|VP
1.05517 (VB)(NP)(PP)(PP)(S)|VP
1.05517 (VB)(NP)(,)(PP)(,)(S)|VP
1.05517 (VB)(NP)(S)(PP)|VP
1.05517 (VBN)(X)|VP
1.05517 (VBP)(ADJP)(ADVP)|VP
1.05517 (VBP)(ADJP)(,)(S)|VP
1.05517 (VBP)(ADVP)(NP)(ADVP)|VP
1.05517 (VBP)(NN)|NP
1.05517 (VBP)(NP)(PP)(,)(ADJP)|VP
1.05517 (VBP)(NP)(PP)(PP)|VP
1.05517 (VBP)(NP)(SBAR)(,)(SBAR)|VP
1.05517 (VBP)(NP)(:)(S)|VP
1.05517 (VBP)(,)(NP)|VP
1.05517 (VBP)(PP)(PP)(NP-TMP)|VP
1.05517 (VBP)(PP)(,)(PP)|VP
1.05517 (VBP)(RB)(ADJP)(ADVP)|VP
1.05517 (VBP)(RB)(ADVP)(ADJP)|VP
1.05517 (VBP)(RB)(NP)(ADVP)|VP
1.05517 (VBP)(RB)(NP)(PP)|VP
1.05517 (VB)(PRT)(ADVP)|VP
1.05517 (VBP)(SBAR)(,)(ADVP)|VP
1.05517 (VBP)(SBAR)(,)(SBAR)|VP
1.05517 (VBP)(S)(SBAR)(,)(SBAR)|VP
1.05517 (VB)(,)(SBAR)|VP
1.05517 (VB)(S)(,)(PP)|VP
1.05517 (VB)(,)(VB)(,)(CC)(VB)(NP)|VP
1.05517 (VBZ)(ADJP)(S)(,)(ADVP)|VP
1.05517 (VBZ)(NP)(ADVP)(PP)|VP
1.05517 (VBZ)(NP)(,)(ADVP)|VP
1.05517 (VBZ)(NP)(NP)(SBAR)|VP
1.05517 (VBZ)(NP)(NP)(S)|VP
1.05517 (VBZ)(NP)(SBAR)(,)(SBAR)|VP
1.05517 (VBZ)(NP)(SBAR)(SBAR)|VP
1.05517 (VBZ)(,)(NP)|VP
1.05517 (VBZ)(NP)(VP)(.)|SQ
1.05517 (VBZ)(RB)(ADJP)(,)(ADVP)|VP
1.05517 (VBZ)(RB)(ADJP)(PP)|VP
1.05517 (VBZ)(RB)(ADVP)(S)|VP
1.05517 (VP)(CC)(VP)(PP)|VP
1.05517 (VP)(,)(NP)|VP
1.05517 (VP)(.)('')|S
1.05517 (WDT)(JJ)(NNS)|WHNP
1.05517 (WHADVP)(VP)|FRAG
1.05517 (WRB)(.)|FRAG
1.05517 (WRB)(PP)|WHADVP
1.06621 (VBN)(SBAR)|VP
1.06841 (ADVP)(,)(S)(CC)(S)(.)|S
1.06986 (RBR)(RB)|ADVP
1.06999 (VB)(NP)(PP)|VP
1.07155 (VB)(ADVP)(NP)|VP
1.07187 |VBZ
1.07356 (ADVP)(PRN)(NP)(VP)(.)|S
1.07356 (VBZ)(RB)(ADJP)(SBAR)|VP
1.07599 (PRP$)(CC)(PRP$)|ADJP
1.07599 (RBR)(IN)|ADVP
1.07599 (VBD)(ADVP)|VP
1.07599 (VBZ)(ADJP)(,)(SBAR)|VP
1.07599 (VBZ)(NP)(S)|VP
1.0762 (VBN)(ADVP)|VP
1.07898 (NN)(JJ)(NN)|NP
1.07898 (NNS)(CONJP)(NNS)|NP
1.07898 (RB)(DT)(JJ)(NNS)|NP
1.07898 (VB)(PRT)(PP)(SBAR)|VP
1.07898 (VBZ)(ADVP)(SBAR)|VP
1.08276 (ADJP)(,)(ADJP)(,)(CC)(ADJP)|ADJP
1.08276 (ADVP)(NN)|NP
1.08276 (ADVP)(NP)|ADVP
1.08276 (ADVP)(PP)|RRC
1.08276 (,)(ADVP)(,)|PRN
1.08276 (ADVP)(,)(SBAR)(VP)(.)|S
1.08276 (ADVP)(VB)(PP)(SBAR)|VP
1.08276 (ADVP)(VBP)(SBAR)|VP
1.08276 (ADVP)(VB)|VP
1.08276 (ADVP)|VP
1.08276 (CC)(SBAR)(NP)(VP)(.)|S
1.08276 (CC)(S)(,)(IN)(S)(.)|S
1.08276 (CONJP)(VP)(CC)(VP)|VP
1.08276 (DT)(JJ)(NNS)(NN)(NN)|NP
1.08276 (DT)(NNS)(S)|NP
1.08276 (DT)(NP)(CC)(NP)|NP
1.08276 (IN)(RB)|CONJP
1.08276 (IN)(WHADVP)(S)|SBAR
1.08276 (JJ)(CD)|NP
1.08276 (JJ)(IN)(SBAR)|PP
1.08276 (JJ)(NN)(JJ)(NN)|NP
1.08276 (JJ)(NN)|NX
1.08276 (JJ)(NP)|PP
1.08276 (JJ)(PP)(PP)|ADJP
1.08276 (JJ)(RB)|ADVP
1.08276 (JJR)(CC)(JJR)|NP
1.08276 (JJS)|ADVP
1.08276 (JJ)(SBAR)|VP
1.08276 (JJS)(NN)|NP
1.08276 (-LRB-)(NP)(VP)(.)(-RRB-)|S
1.08276 (NN)(CC)(VBG)|ADJP
1.08276 (NN)(,)(JJ)(NN)|NP
1.08276 (NN)(NNS)(CC)(NN)|NP
1.08276 (NNP)(NNP)(NN)|NP
1.08276 (NNS)(,)(NN)(CC)(NN)|NP
1.08276 (NP)(,)(ADVP)(,)(NP)(VP)(.)|S
1.08276 (NP)(CC)(RB)(NP)|NP
1.08276 (NP)(JJ)(PP)|ADJP
1.08276 (NP)|VP
1.08276 (PDT)(DT)(NN)(NN)|NP
1.08276 (PP)(,)(CC)(ADVP)(PP)|PP
1.08276 (PP)(NP)(VP)(.)('')|S
1.08276 (PP)(PRN)(S)(,)(CC)(S)(.)|S
1.08276 (PP)(,)(SBAR)(,)(NP)(ADVP)(VP)(.)|S
1.08276 (PP)(,)(S)(,)(S)(,)(S)(,)(CC)(ADVP)(.)|S
1.08276 (PP)(,)(WHADVP)(SQ)(.)|SBARQ
1.08276 (PRP$)(ADJP)(NN)|NP
1.08276 (PRP$)(JJ)(NN)(NN)(NN)|NP
1.08276 (PRP$)(JJ)(NN)(NNS)|NP
1.08276 (PRP$)(NN)(NN)(NNS)|NP
1.08276 (PRP$)(NNS)(NNS)(NN)|NP
1.08276 (PRP$)(NNS)(POS)|NP
1.08276 (RB)(ADVP)(NP)(CC)(ADVP)(NP)|NP
1.08276 (RB)(ADVP)(,)(NP)(VP)(.)|S
1.08276 (RB)(CD)(CD)|QP
1.08276 (RB)(DT)|ADJP
1.08276 (RB)(DT)(JJ)|NP
1.08276 (RB)(NN)(NN)(NN)|NP
1.08276 (RB)(PDT)(DT)(NN)|NP
1.08276 (RB)(PDT)(DT)(NNS)|NP
1.08276 (RB)(PRN)(VP)(.)|S
1.08276 (RB)(RB)(.)|ADVP
1.08276 (RB)(RB)(RB)(S)|SBAR
1.08276 (RB)(RBR)(RB)|ADVP
1.08276 (RB)(RB)(S)|ADVP
1.08276 (RP)|ADJP
1.08276 (SBAR)(,)(MD)(NP)(VP)(.)|SQ
1.08276 (SBAR)(,)(PP)(NP)(VP)(.)|S
1.08276 (SBAR)(,)(SBAR)(,)(NP)(VP)(.)|S
1.08276 (SBAR)(,)(S)(,)(CC)(S)(.)|S
1.08276 (S)(,)(CC)(RB)(S)|S
1.08276 (S)(,)(CC)(,)(S)(.)|S
1.08276 (S)(CC)(,)(S)(.)|S
1.08276 (S)(.)|S
1.08276 (VB)(ADJP)(NP-TMP)|VP
1.08276 (VB)(ADJP)(PP)(,)(SBAR)|VP
1.08276 (VB)(ADVP)(,)(SBAR)|VP
1.08276 (VB)(ADVP)(,)(S)|VP
1.08276 (VB)(CC)(VB)(SBAR)|VP
1.08276 (VBD)(ADVP)(S)|VP
1.08276 (VBD)(NP)(PP)(NP-TMP)|VP
1.08276 (VBD)(RB)(NP)|VP
1.08276 (VBG)(NN)(CC)(NN)(NN)|NP
1.08276 (VBG)(NN)(CC)(NN)(VBG)(NN)|NP
1.08276 (VBG)(UCP)|VP
1.08276 (VBN)(NP-TMP)(PP)|VP
1.08276 (VB)(NP)(ADVP)(ADVP)|VP
1.08276 (VB)(NP)(CC)(RB)|VP
1.08276 (VBP)(ADJP)(S)|VP
1.08276 (VBP)(ADVP)(,)(ADVP)|VP
1.08276 (VBP)(NP)(NP)(SBAR)|VP
1.08276 (VBP)(NP)(PP)(,)(SBAR)|VP
1.08276 (VBP)(NP)(PP)(,)(S)|VP
1.08276 (VBP)(NP-TMP)|VP
1.08276 (VBP)(RB)(ADJP)(SBAR)|VP
1.08276 (VBZ)(ADJP)(NP)|VP
1.08276 (VBZ)(,)(ADVP)|VP
1.08276 (VBZ)(NP)(NP-TMP)|VP
1.08276 (VBZ)(PRT)|VP
1.08276 (VBZ)(RB)(ADVP)|VP
1.08276 (VBZ)(RB)|VP
1.08276 (WHADJP)|FRAG
1.08276 (WHADVP)(JJ)|ADJP
1.08276 (WRB)(JJ)|WHNP
1.08276 (WRB)|NP
1.08276 (X)(PP)|FRAG
1.08276 (X)(VP)|FRAG
1.08462 (NP)(,)(NP)|NP
1.08588 (NNP)(NNP)|NP
1.08961 (ADVP)(NP)(VP)|S
1.09179 (VBG)|VP
1.09335 (IN)(IN)(S)|SBAR
1.09335 (VBP)(NP)(NP)|VP
1.09479 (NP)(VP)(.)|S
1.09783 (NNP)(NN)(NN)|NP
1.09783 (PP)(CC)(ADVP)|UCP
1.09783 (VB)(ADVP)(ADVP)|VP
1.09927 (DT)(NN)|NP-TMP
1.10336 (NP)(IN)(S)|SBAR
1.10336 (PRP)(NNS)|NP
1.10336 (RB)(CD)(NN)|NP
1.10336 (RBR)|ADJP
1.10336 (VBP)(NP)(,)(PP)|VP
1.10844 (PRP$)(NN)|NP
1.10856 (NNP)|NP
1.11035 (ADVP)(PP)(NP)(VP)(.)|S
1.11035 (ADVP)(VBD)(NP)|VP
1.11035 (ADVP)(VBP)|VP
1.11035 (DT)(JJ)|NP-TMP
1.11035 (DT)(NN)(NN)(CC)(NN)(NN)|NP
1.11035 (DT)(RBS)(JJ)|NP
1.11035 (FRAG)|VP
1.11035 (IN)(PP)|ADJP
1.11035 (IN)(RB)|PP
1.11035 (JJ)(CC)(RB)|ADJP
1.11035 (JJ)(NNP)|NP
1.11035 (JJ)(NNS)(CC)(NN)(NNS)|NP
1.11035 (JJ)(PP)|PP
1.11035 (JJR)(PP)|ADJP
1.11035 (JJ)(VBG)(NN)|NP
1.11035 (NN)(JJ)|ADJP
1.11035 (NNS)(JJ)(NN)|NP
1.11035 (NP)(CC)(ADJP)|UCP
1.11035 (NP)(CC)(ADVP)(NP)|NP
1.11035 (NP)(IN)(S)|PP
1.11035 (NP)(,)(NP)(,)(CC)(ADVP)|NP
1.11035 (NP)(,)(NP)(,)(NP)|NP
1.11035 (NP)(NP)|NP-TMP
1.11035 (NP)(,)(S)(VP)(.)|S
1.11035 (PP)(S)(CC)(S)(.)|S
1.11035 (RB)|NP-TMP
1.11035 (RB)(RB)|ADJP
1.11035 (RB)(SBAR)|ADVP
1.11035 (RB)(,)(SBAR)(,)(NP)(VP)(.)|S
1.11035 (RBS)(JJ)(S)|ADJP
1.11035 (SBAR)(,)(S)(CC)(S)(.)|S
1.11035 (S)(CC)(S)(.)('')|S
1.11035 (S)(,)(IN)(S)|S
1.11035 (VB)(CC)(VB)(NP)(S)|VP
1.11035 (VBG)(ADVP)(ADVP)|VP
1.11035 (VBG)(PP)(NP-TMP)|VP
1.11035 (VBG)(PP)(NP)|VP
1.11035 (VBN)(,)(PP)|VP
1.11035 (VBN)(SBAR)|ADJP
1.11035 (VBP)(ADJP)(,)(ADVP)|VP
1.11035 (VBP)(ADJP)(NP-TMP)|VP
1.11035 (VBP)(NP)(ADVP)(,)(SBAR)|VP
1.11035 (VBP)(NP)(FRAG)|VP
1.11035 (VBP)(NP)(PRT)|VP
1.11035 (VBP)(NP)(,)(S)|VP
1.11035 (WHADVP)(FRAG)|SBAR
1.11035 (WHADVP)(S)(.)|SBARQ
1.11035 (WP)(NN)(NNS)|WHNP
1.11382 (NN)(CC)(NN)|NP
1.11639 (VBZ)(RB)(VP)|VP
1.11968 (ADVP)(JJ)|ADJP
1.11968 (IN)(,)(S)|SBAR
1.11968 (JJ)(NN)(NN)(NN)|NP
1.11968 (NP)|S
1.11989 (JJ)(SBAR)|ADJP
1.12466 (VB)(NP)(PP)(SBAR)|VP
1.12764 (JJ)|NP
1.12775 (NP)(,)(NP)(,)(NP)(,)(CC)(NP)|NP
1.12775 (RB)(WRB)|WHADVP
1.12775 (VB)(NP)(NP-TMP)|VP
1.13293 (VBD)(NP)(SBAR)|VP
1.13524 |RBS
1.13646 (DT)(CD)(NNS)|NP
1.13646 (NN)(S)|NP
1.13793 (ADVP)(NP)(ADVP)(VP)(.)|S
1.13793 (ADVP)(NP)(SBAR)|NP
1.13793 (ADVP)(VBN)(PP)(,)(SBAR)|VP
1.13793 (CC)(SBAR)(VP)(.)|S
1.13793 (DT)(DT)(NN)|NP
1.13793 (IN)(NP)(ADVP)|PP
1.13793 (IN)(NP)(X)|PP
1.13793 (IN)(S)|VP
1.13793 (JJ)(NNS)|QP
1.13793 (MD)(``)(VP)|VP
1.13793 (NP)(NP-TMP)|NP
1.13793 (PDT)(DT)(JJ)(NNS)|NP
1.13793 (PRP$)(VBG)(NN)|NP
1.13793 (RB)(DT)(NN)|NP-TMP
1.13793 (RB)(RB)(JJ)(NN)(NN)|NP
1.13793 (RBR)(IN)(RB)|ADVP
1.13793 (RBR)(JJ)(SBAR)|ADJP
1.13793 (RB)(TO)(VP)|VP
1.13793 (SBAR)(,)(WHNP)(SQ)(.)|SBARQ
1.13793 (,)(S)|PRN
1.13793 (VB)(CC)(VB)(ADVP)|VP
1.13793 (VBD)(ADVP)(NP)|VP
1.13793 (VBN)(NP)(PP)(PP)|VP
1.13793 (VBN)(NP)(PP)(SBAR)|VP
1.13793 (VBP)(NP)(UCP)|VP
1.13793 (VB)(PP)(NP-TMP)|VP
1.13793 (VBZ)(ADJP)(ADVP)|VP
1.13793 (VBZ)(PRT)(NP)|VP
1.13903 (VB)(PP)(ADVP)|VP
1.13942 (VBG)(ADVP)|VP
1.14153 (DT)(NNS)(NN)(NN)|NP
1.14153 (NNS)(NN)|NP
1.14153 (VBD)(PRT)(NP)|VP
1.15213 (CONJP)(PP)(CC)(PP)|PP
1.15213 (RB)(S)(VP)(.)|S
1.15213 (VP)(,)(VP)(,)(VP)|VP
1.15271 (ADVP)(IN)(S)|SBAR
1.15362 (NNP)(NN)|NP
1.1623 (VB)|VP
1.16338 (CC)(ADVP)(NP)(VP)(.)|S
1.16338 (NNS)(CC)(NN)|NP
1.16338 (PRP$)(NN)(NN)(NN)|NP
1.16338 (VBP)(ADVP)(SBAR)|VP
1.16552 (ADVP)|FRAG
1.16552 (ADVP)(,)(SBAR)(,)(NP)(ADVP)(VP)(.)|S
1.16552 (ADVP)(,)(SBAR)(,)(NP)(VP)|S
1.16552 (ADVP)(WHADVP)(S)|SBAR
1.16552 (CC)|ADVP
1.16552 (CC)(,)(S)(.)|S
1.16552 (CC)(,)(S)(VP)(.)|S
1.16552 (DT)(JJ)(NN)|NP-TMP
1.16552 (DT)(JJR)(NNS)|NP
1.16552 (IN)(NP)(VP)|S
1.16552 (JJ)(NN)(CC)(NN)(NN)|NP
1.16552 (JJ)(NP)|ADJP
1.16552 (NN)(NN)(CC)(NN)|NP
1.16552 (NN)(NNS)(CC)(NN)(NNS)|NP
1.16552 (VB)(FRAG)|VP
1.16552 (VB)|INTJ
1.16552 (VBP)(NP)(ADVP)(PP)|VP
1.16552 (VBP)(PP)(NP)|VP
1.16552 (VBP)(,)(S)|VP
1.16552 (VBZ)(RB)(ADJP)(ADVP)|VP
1.16552 (VBZ)(RB)(SBAR)|VP
1.16691 (MD)(VP)|VP
1.1725 (JJ)|LST
1.1725 (NP)(JJ)|ADJP
1.1725 (VB)(UCP)|VP
1.1737 (RBR)(JJ)(PP)|ADJP
1.17641 (VBZ)(ADVP)|VP
1.17652 (RB)(DT)(NNS)|NP
1.17652 (RBR)(CC)(RBR)|ADVP
1.17652 (VB)(NP)(FRAG)|VP
1.17846 (VBP)(RB)(VP)|VP
1.17891 (,)(S)(,)|PRN
1.18334 (NP)(ADJP)|S
1.1845 (VBD)(PP)|VP
1.18679 (VB)(NP)|VP
1.19184 (PRP)(CC)(PRP)|NP
1.19311 (ADJP)(S)(.)|FRAG
1.19311 (CC)(PRN)(NP)(VP)(.)|S
1.19311 (CD)(NN)|NP-TMP
1.19311 (CONJP)(NP)(,)(CONJP)(NP)|NP
1.19311 (JJ)|VP
1.19311 (NP)(,)(NP)(CC)(ADVP)|UCP
1.19311 (PP)(,)(ADVP)(NP)(VP)(.)|S
1.19311 (PP)(,)(NP)(.)|FRAG
1.19311 (PP)(,)(PP)(NP)(VP)(.)|S
1.19311 (RB)(DT)|QP
1.19311 (RB)(NP)|PP
1.19311 (S)(,)(CC)(S)(.)('')|S
1.19311 (UCP)(NN)|NP
1.19311 (VBD)(NP)(,)(SBAR)|VP
1.19311 (VBZ)(ADJP)(S)(,)(SBAR)|VP
1.19311 (VBZ)(NP)(FRAG)|VP
1.19311 (WHADVP)(,)(S)|SBAR
1.19814 (PP)(,)(S)(,)(CC)(S)(.)|S
1.19814 (VBG)(NNS)|NP
1.2009 (ADVP)(,)(PP)(NP)(VP)(.)|S
1.2009 (PP)(PRN)(NP)(VP)(.)|S
1.20312 |EX
1.20312 (EX)|NP
1.20707 (NP-TMP)(NP)(VP)(.)|S
1.20749 (VBP)(NP)(SBAR)|VP
1.21021 (NP)(NP)|S
1.21277 (VBD)(NP)(PP)|VP
1.21655 |VBD
1.21716 (RB)(IN)(NP)|PP
1.21972 (IN)(DT)|ADVP
1.22069 (ADJP)(NN)(NN)|NP
1.22069 (ADVP)(,)(ADVP)(NP)(VP)(.)|S
1.22069 (CC)(NP)(VP)(.)('')|S
1.22069 (CC)(RB)|QP
1.22069 (DT)(DT)(NNS)|NP
1.22069 (IN)(CC)(IN)(NP)|PP
1.22069 (JJ)(DT)(NN)|NP
1.22069 (LST)(NP)(VP)(.)|S
1.22069 (NNP)(CC)(NNP)|NP
1.22069 (NP)(,)(NP)(,)(NP)(,)(CC)(ADVP)(PP)|UCP
1.22069 (NP)(PP)|S
1.22069 (NP)(VP)|SQ
1.22069 (PP)(RB)(VP)|S
1.22069 (PP)(VP)(NP)(.)|SINV
1.22069 (VB)(ADVP)(PP)(SBAR)|VP
1.22069 (VBG)(NP)(X)|VP
1.22492 (VB)(SBAR)|VP
1.22524 (DT)(NN)(NN)(NN)|NP
1.22528 (NN)(NN)(NN)(NN)|NP
1.22528 (PRP$)(NN)(CC)(NNS)|NP
1.22892 (VBP)(PP)(ADVP)|VP
1.22948 (NN)|NP-TMP
1.2371 (WRB)|WHADVP
1.24407 (IN)(PP)|PP
1.24729 |,
1.24828 (MD)(RB)|VP
1.24828 (NN)(NNS)(NN)|NP
1.24828 (PP)(,)(VP)(.)|S
1.24828 (RB)(NN)(NNS)|NP
1.24828 (RB)(RB)(NN)|NP
1.24828 (SBAR)(,)(NP)(ADVP)(VP)|S
1.24828 (VBP)(NP)(NP-TMP)|VP
1.24967 (ADVP)(,)(S)(,)(IN)(S)(.)|S
1.24967 (CC)(S)(CC)(S)(.)|S
1.24967 (NN)(POS)|NP
1.24967 (SBAR)(VP)|S
1.24967 (VBZ)(RB)(ADVP)(VP)|VP
1.24967 (VBZ)(UCP)|VP
1.25077 (VBP)(NP)(,)(SBAR)|VP
1.25166 (VBZ)(ADJP)(PP)|VP
1.25314 (JJ)(PP)|ADJP
1.25355 (JJ)(NN)(S)|NP
1.26974 (NP)(VP)|S
1.27262 (RB)(JJ)(CC)(JJ)|ADJP
1.27405 (VBD)(NP)(ADVP)|VP
1.27587 (ADJP)(NN)(S)|NP
1.27587 (ADVP)(,)(S)(VP)(.)|S
1.27587 ('')(NP)(VP)(.)|S
1.27587 (SBAR)(,)(NP)(VP)(.)('')|S
1.27587 (VBP)(NP)(,)(ADVP)|VP
1.27587 (X)(X)(NP)(VP)|S
1.2762 (RBS)(JJ)|ADJP
1.28307 (VBD)(S)|VP
1.28322 |WRB
1.28857 (SYM)|NP
1.28912 (IN)(S)|SBAR
1.29124 (PRP$)(NN)(CC)(NN)|NP
1.29446 (CC)(ADVP)(,)(NP)(VP)(.)|S
1.29446 (PP)(,)(PP)(,)(NP)(VP)(.)|S
1.29484 (S)|SBAR
1.30298 (QP)(NNS)|NP
1.30345 (RB)(VBN)(PP)(SBAR)|ADJP
1.30345 (VB)(NP)(,)(PP)|VP
1.30345 (WHADJP)(NN)|WHNP
1.31631 (CONJP)(PP)(CONJP)(PP)|PP
1.31631 (JJ)(PP)(S)|ADJP
1.33082 (RB)(NNS)|NP
1.33104 (ADVP)(,)(NP)(VP)(.)('')|S
1.33971 |.
1.34056 (WHADVP)(S)|SBAR
1.34326 (NP)(CONJP)(NP)|NP
1.3472 (CC)(NP)(VP)|S
1.3472 (VBP)(PRT)(PP)|VP
1.36034 (VBP)(ADJP)|VP
1.36091 (WRB)(JJ)|WHADJP
1.36343 (MD)(RB)(VP)|VP
1.38185 (DT)(NNS)|NP-TMP
1.38336 (VBP)(NP)(S)|VP
1.385 (JJ)(NN)|NP
1.38621 (CC)(S)(,)(CC)(S)(.)|S
1.38621 (FRAG)(,)(NP)(VP)(.)|S
1.38621 (IN)(,)(SBAR)(,)(NP)(VP)(.)|S
1.38621 (VBP)(PRT)|VP
1.38726 (NN)|NP
1.3958 (VB)(ADVP)|VP
1.39597 (MD)(S)|VP
1.4138 (ADJP)(CC)(ADVP)|UCP
1.41517 (X)(S)|SBAR
1.41941 (VBP)(NP)(PP)|VP
1.42036 (WHADJP)(S)|SBAR
1.42513 (JJ)|ADJP
1.42929 (SBAR)(VP)(.)|S
1.43031 (VBZ)(ADJP)|VP
1.43869 (VBG)(NN)|NP
1.44086 (ADVP)(,)(PP)(,)(NP)(VP)(.)|S
1.44138 (CC)(,)(PP)(,)(NP)(VP)(.)|S
1.44138 (RB)(JJ)(NN)|NP
1.44474 (RB)(CD)|QP
1.44613 |WP
1.44955 (PP)(,)(S)(CC)(S)(.)|S
1.44986 (ADVP)(NP)(VP)(.)|S
1.45127 (VBZ)(RB)(ADJP)|VP
1.45412 (VBP)(PP)(PP)|VP
1.45846 (PP)(,)(NP)(VP)|S
1.45846 (RB)|NP
1.46897 (RB)(DT)|NP
1.46912 (CC)(,)(SBAR)(,)(NP)(VP)(.)|S
1.46924 (MD)|VP
1.46924 (VBG)(PP)|PP
1.46972 (ADVP)(,)(SBAR)(,)(NP)(VP)(.)|S
1.49538 (WP)|WHNP
1.49656 (JJR)(IN)(CD)|QP
1.49656 (VBP)(PP)(,)(SBAR)|VP
1.50595 (S)(,)(CC)(S)(.)|S
1.51789 (VB)(NP)(PP)(ADVP)|VP
1.51789 (VB)(NP)(,)(SBAR)|VP
1.5213 (NN)(NNS)|NP
1.52132 (SBAR)(,)(NP)(VP)|S
1.5485 (VBG)|NP
1.55173 (IN)(NP)(VP)(.)('')|S
1.55173 (JJ)(NN)|NP-TMP
1.55173 (PP)(,)(NP)(VP)(.)('')|S
1.55173 (X)(NP)|X
1.55275 (RB)(RB)|NP
1.55378 (VB)(NP)(ADVP)|VP
1.56405 (VBP)|VP
1.56926 (VBP)(PP)|VP
1.5694 (PP)(,)(SBAR)(,)(NP)(VP)(.)|S
1.57686 (JJR)|ADJP
1.57848 (S)(,)(CC)(S)|S
1.58194 |VBP
1.59416 (S)(,)(NP)(VP)(.)|S
1.60009 (CD)(NNS)|NP
1.60787 (ADVP)(,)(S)(,)(CC)(S)(.)|S
1.62218 (IN)(ADVP)|PP
1.62264 (RB)(JJ)|CONJP
1.62571 (NN)(NN)|NP
1.63981 (IN)(SBAR)(,)(NP)(VP)(.)|S
1.6642 (QP)|NP
1.6642 (X)(NP)|FRAG
1.66959 (VBZ)(SBAR)|VP
1.68772 (RB)(NP)(VP)(.)|S
1.70957 (CC)(PP)(,)(NP)(VP)(.)|S
1.77626 |PRP
1.79034 (PRP)|NP
1.80487 (VBD)(NP)|VP
1.81131 (VBD)(SBAR)|VP
1.83993 |PDT
1.84329 (CC)(SBAR)(,)(NP)(VP)(.)|S
1.90243 (JJS)|NP
1.91035 (NP-TMP)(,)(NP)(VP)(.)|S
1.91146 (VBP)(S)|VP
1.93341 (VBP)(SBAR)|VP
1.94611 (ADVP)(,)(NP)(VP)(.)|S
1.95496 (VBP)(PP)(SBAR)|VP
2.00576 (PP)(,)(NP)(VP)(.)|S
2.01013 (VBP)(NP)|VP
2.04829 (CONJP)(NP)(CONJP)(NP)|NP
2.12092 (ADJP)(NN)|NP
2.13105 (NP)(VP)(.)('')|S
2.16197 (VBP)(NP)(ADVP)|VP
2.18622 (CC)(NP)(ADVP)(VP)(.)|S
2.18622 (WRB)(JJ)|WHADVP
2.21381 (CC)(RB)(IN)|ADVP
2.24081 |SYM
2.28364 |``
2.3213 (VB)(NP)(VP)|VP
2.34404 (SYM)|X
2.36407 (CC)(RB)|CONJP
2.43607 (VBZ)(ADJP)(S)|VP
2.48673 (ADVP)(VBN)(PP)|VP
2.52994 (VBZ)(ADJP)(SBAR)|VP
2.56794 (NN)(NN)(NN)|NP
2.60711 (SBAR)(,)(NP)(VP)(.)|S
2.64543 (VBP)(ADVP)|VP
2.85901 (CC)(,)(NP)(VP)(.)|S
3.25293 |LS
3.39546 (S)(,)(IN)(S)(.)|S
3.9729 (LS)|ADVP
4.18047 |''
4.39314 (``)(NP)(VP)(.)|S
4.6717 (PDT)(DT)(NNS)|NP
4.97961 (CC)(NP)(VP)(.)|S
5.38103 (IN)(NP)(VP)(.)|S
